Linked: (/home/sandeepan/tiago_public_ws/devel/.private/pal_tablet_msgs/include/pal_tablet_msgs/RobotStatus.h, /home/sandeepan/tiago_public_ws/devel/include/pal_tablet_msgs/RobotStatus.h)
Linked: (/home/sandeepan/tiago_public_ws/devel/.private/pal_tablet_msgs/include/pal_tablet_msgs/FunctionalityStatus.h, /home/sandeepan/tiago_public_ws/devel/include/pal_tablet_msgs/FunctionalityStatus.h)
Linked: (/home/sandeepan/tiago_public_ws/devel/.private/pal_tablet_msgs/share/roseus/ros/pal_tablet_msgs/manifest.l, /home/sandeepan/tiago_public_ws/devel/share/roseus/ros/pal_tablet_msgs/manifest.l)
Linked: (/home/sandeepan/tiago_public_ws/devel/.private/pal_tablet_msgs/share/roseus/ros/pal_tablet_msgs/msg/FunctionalityStatus.l, /home/sandeepan/tiago_public_ws/devel/share/roseus/ros/pal_tablet_msgs/msg/FunctionalityStatus.l)
Linked: (/home/sandeepan/tiago_public_ws/devel/.private/pal_tablet_msgs/share/roseus/ros/pal_tablet_msgs/msg/RobotStatus.l, /home/sandeepan/tiago_public_ws/devel/share/roseus/ros/pal_tablet_msgs/msg/RobotStatus.l)
Linked: (/home/sandeepan/tiago_public_ws/devel/.private/pal_tablet_msgs/share/gennodejs/ros/pal_tablet_msgs/_index.js, /home/sandeepan/tiago_public_ws/devel/share/gennodejs/ros/pal_tablet_msgs/_index.js)
Linked: (/home/sandeepan/tiago_public_ws/devel/.private/pal_tablet_msgs/share/gennodejs/ros/pal_tablet_msgs/msg/FunctionalityStatus.js, /home/sandeepan/tiago_public_ws/devel/share/gennodejs/ros/pal_tablet_msgs/msg/FunctionalityStatus.js)
Linked: (/home/sandeepan/tiago_public_ws/devel/.private/pal_tablet_msgs/share/gennodejs/ros/pal_tablet_msgs/msg/RobotStatus.js, /home/sandeepan/tiago_public_ws/devel/share/gennodejs/ros/pal_tablet_msgs/msg/RobotStatus.js)
Linked: (/home/sandeepan/tiago_public_ws/devel/.private/pal_tablet_msgs/share/gennodejs/ros/pal_tablet_msgs/msg/_index.js, /home/sandeepan/tiago_public_ws/devel/share/gennodejs/ros/pal_tablet_msgs/msg/_index.js)
Linked: (/home/sandeepan/tiago_public_ws/devel/.private/pal_tablet_msgs/share/common-lisp/ros/pal_tablet_msgs/msg/pal_tablet_msgs-msg.asd, /home/sandeepan/tiago_public_ws/devel/share/common-lisp/ros/pal_tablet_msgs/msg/pal_tablet_msgs-msg.asd)
Linked: (/home/sandeepan/tiago_public_ws/devel/.private/pal_tablet_msgs/share/common-lisp/ros/pal_tablet_msgs/msg/_package_FunctionalityStatus.lisp, /home/sandeepan/tiago_public_ws/devel/share/common-lisp/ros/pal_tablet_msgs/msg/_package_FunctionalityStatus.lisp)
Linked: (/home/sandeepan/tiago_public_ws/devel/.private/pal_tablet_msgs/share/common-lisp/ros/pal_tablet_msgs/msg/FunctionalityStatus.lisp, /home/sandeepan/tiago_public_ws/devel/share/common-lisp/ros/pal_tablet_msgs/msg/FunctionalityStatus.lisp)
Linked: (/home/sandeepan/tiago_public_ws/devel/.private/pal_tablet_msgs/share/common-lisp/ros/pal_tablet_msgs/msg/_package_RobotStatus.lisp, /home/sandeepan/tiago_public_ws/devel/share/common-lisp/ros/pal_tablet_msgs/msg/_package_RobotStatus.lisp)
Linked: (/home/sandeepan/tiago_public_ws/devel/.private/pal_tablet_msgs/share/common-lisp/ros/pal_tablet_msgs/msg/RobotStatus.lisp, /home/sandeepan/tiago_public_ws/devel/share/common-lisp/ros/pal_tablet_msgs/msg/RobotStatus.lisp)
Linked: (/home/sandeepan/tiago_public_ws/devel/.private/pal_tablet_msgs/share/common-lisp/ros/pal_tablet_msgs/msg/_package.lisp, /home/sandeepan/tiago_public_ws/devel/share/common-lisp/ros/pal_tablet_msgs/msg/_package.lisp)
Linked: (/home/sandeepan/tiago_public_ws/devel/.private/pal_tablet_msgs/share/pal_tablet_msgs/cmake/pal_tablet_msgsConfig.cmake, /home/sandeepan/tiago_public_ws/devel/share/pal_tablet_msgs/cmake/pal_tablet_msgsConfig.cmake)
Linked: (/home/sandeepan/tiago_public_ws/devel/.private/pal_tablet_msgs/share/pal_tablet_msgs/cmake/pal_tablet_msgsConfig-version.cmake, /home/sandeepan/tiago_public_ws/devel/share/pal_tablet_msgs/cmake/pal_tablet_msgsConfig-version.cmake)
Linked: (/home/sandeepan/tiago_public_ws/devel/.private/pal_tablet_msgs/share/pal_tablet_msgs/cmake/pal_tablet_msgs-msg-paths.cmake, /home/sandeepan/tiago_public_ws/devel/share/pal_tablet_msgs/cmake/pal_tablet_msgs-msg-paths.cmake)
Linked: (/home/sandeepan/tiago_public_ws/devel/.private/pal_tablet_msgs/share/pal_tablet_msgs/cmake/pal_tablet_msgs-msg-extras.cmake, /home/sandeepan/tiago_public_ws/devel/share/pal_tablet_msgs/cmake/pal_tablet_msgs-msg-extras.cmake)
Linked: (/home/sandeepan/tiago_public_ws/devel/.private/pal_tablet_msgs/lib/python2.7/dist-packages/pal_tablet_msgs/__init__.py, /home/sandeepan/tiago_public_ws/devel/lib/python2.7/dist-packages/pal_tablet_msgs/__init__.py)
Linked: (/home/sandeepan/tiago_public_ws/devel/.private/pal_tablet_msgs/lib/python2.7/dist-packages/pal_tablet_msgs/msg/__init__.py, /home/sandeepan/tiago_public_ws/devel/lib/python2.7/dist-packages/pal_tablet_msgs/msg/__init__.py)
Linked: (/home/sandeepan/tiago_public_ws/devel/.private/pal_tablet_msgs/lib/python2.7/dist-packages/pal_tablet_msgs/msg/_FunctionalityStatus.py, /home/sandeepan/tiago_public_ws/devel/lib/python2.7/dist-packages/pal_tablet_msgs/msg/_FunctionalityStatus.py)
Linked: (/home/sandeepan/tiago_public_ws/devel/.private/pal_tablet_msgs/lib/python2.7/dist-packages/pal_tablet_msgs/msg/_RobotStatus.py, /home/sandeepan/tiago_public_ws/devel/lib/python2.7/dist-packages/pal_tablet_msgs/msg/_RobotStatus.py)
Linked: (/home/sandeepan/tiago_public_ws/devel/.private/pal_tablet_msgs/lib/pkgconfig/pal_tablet_msgs.pc, /home/sandeepan/tiago_public_ws/devel/lib/pkgconfig/pal_tablet_msgs.pc)
