Symlinking /home/sandeepan/tiago_public_ws/devel/include/pal_behaviour_msgs/BehaviourEventRequest.h
Symlinking /home/sandeepan/tiago_public_ws/devel/include/pal_behaviour_msgs/PresentationFeedback.h
Symlinking /home/sandeepan/tiago_public_ws/devel/include/pal_behaviour_msgs/PresentationGoal.h
Symlinking /home/sandeepan/tiago_public_ws/devel/include/pal_behaviour_msgs/BehaviourTaskActionFeedback.h
Symlinking /home/sandeepan/tiago_public_ws/devel/include/pal_behaviour_msgs/BehaviourTaskActionResult.h
Symlinking /home/sandeepan/tiago_public_ws/devel/include/pal_behaviour_msgs/BehaviourArgument.h
Symlinking /home/sandeepan/tiago_public_ws/devel/include/pal_behaviour_msgs/PresentationAction.h
Symlinking /home/sandeepan/tiago_public_ws/devel/include/pal_behaviour_msgs/BehaviourEvent.h
Symlinking /home/sandeepan/tiago_public_ws/devel/include/pal_behaviour_msgs/BehaviourTaskResult.h
Symlinking /home/sandeepan/tiago_public_ws/devel/include/pal_behaviour_msgs/BehaviourTaskGoal.h
Symlinking /home/sandeepan/tiago_public_ws/devel/include/pal_behaviour_msgs/BehaviourEventResponse.h
Symlinking /home/sandeepan/tiago_public_ws/devel/include/pal_behaviour_msgs/BehaviourTaskActionGoal.h
Symlinking /home/sandeepan/tiago_public_ws/devel/include/pal_behaviour_msgs/PresentationResult.h
Symlinking /home/sandeepan/tiago_public_ws/devel/include/pal_behaviour_msgs/PresentationActionFeedback.h
Symlinking /home/sandeepan/tiago_public_ws/devel/include/pal_behaviour_msgs/BehaviourTaskFeedback.h
Symlinking /home/sandeepan/tiago_public_ws/devel/include/pal_behaviour_msgs/PresentationActionResult.h
Symlinking /home/sandeepan/tiago_public_ws/devel/include/pal_behaviour_msgs/PresentationActionGoal.h
Symlinking /home/sandeepan/tiago_public_ws/devel/include/pal_behaviour_msgs/BehaviourTaskAction.h
Symlinking /home/sandeepan/tiago_public_ws/devel/share/roseus/ros/pal_behaviour_msgs/manifest.l
Symlinking /home/sandeepan/tiago_public_ws/devel/share/roseus/ros/pal_behaviour_msgs/srv/BehaviourEvent.l
Symlinking /home/sandeepan/tiago_public_ws/devel/share/roseus/ros/pal_behaviour_msgs/msg/BehaviourTaskActionFeedback.l
Symlinking /home/sandeepan/tiago_public_ws/devel/share/roseus/ros/pal_behaviour_msgs/msg/BehaviourTaskFeedback.l
Symlinking /home/sandeepan/tiago_public_ws/devel/share/roseus/ros/pal_behaviour_msgs/msg/BehaviourArgument.l
Symlinking /home/sandeepan/tiago_public_ws/devel/share/roseus/ros/pal_behaviour_msgs/msg/PresentationAction.l
Symlinking /home/sandeepan/tiago_public_ws/devel/share/roseus/ros/pal_behaviour_msgs/msg/BehaviourTaskAction.l
Symlinking /home/sandeepan/tiago_public_ws/devel/share/roseus/ros/pal_behaviour_msgs/msg/PresentationActionFeedback.l
Symlinking /home/sandeepan/tiago_public_ws/devel/share/roseus/ros/pal_behaviour_msgs/msg/BehaviourTaskGoal.l
Symlinking /home/sandeepan/tiago_public_ws/devel/share/roseus/ros/pal_behaviour_msgs/msg/PresentationActionGoal.l
Symlinking /home/sandeepan/tiago_public_ws/devel/share/roseus/ros/pal_behaviour_msgs/msg/PresentationGoal.l
Symlinking /home/sandeepan/tiago_public_ws/devel/share/roseus/ros/pal_behaviour_msgs/msg/PresentationFeedback.l
Symlinking /home/sandeepan/tiago_public_ws/devel/share/roseus/ros/pal_behaviour_msgs/msg/BehaviourTaskActionGoal.l
Symlinking /home/sandeepan/tiago_public_ws/devel/share/roseus/ros/pal_behaviour_msgs/msg/BehaviourTaskResult.l
Symlinking /home/sandeepan/tiago_public_ws/devel/share/roseus/ros/pal_behaviour_msgs/msg/PresentationActionResult.l
Symlinking /home/sandeepan/tiago_public_ws/devel/share/roseus/ros/pal_behaviour_msgs/msg/BehaviourTaskActionResult.l
Symlinking /home/sandeepan/tiago_public_ws/devel/share/roseus/ros/pal_behaviour_msgs/msg/PresentationResult.l
Symlinking /home/sandeepan/tiago_public_ws/devel/share/pal_behaviour_msgs/cmake/pal_behaviour_msgsConfig-version.cmake
Symlinking /home/sandeepan/tiago_public_ws/devel/share/pal_behaviour_msgs/cmake/pal_behaviour_msgs-msg-paths.cmake
Symlinking /home/sandeepan/tiago_public_ws/devel/share/pal_behaviour_msgs/cmake/pal_behaviour_msgsConfig.cmake
Symlinking /home/sandeepan/tiago_public_ws/devel/share/pal_behaviour_msgs/cmake/pal_behaviour_msgs-msg-extras.cmake
Symlinking /home/sandeepan/tiago_public_ws/devel/share/pal_behaviour_msgs/msg/BehaviourTaskActionFeedback.msg
Symlinking /home/sandeepan/tiago_public_ws/devel/share/pal_behaviour_msgs/msg/BehaviourTaskResult.msg
Symlinking /home/sandeepan/tiago_public_ws/devel/share/pal_behaviour_msgs/msg/PresentationActionFeedback.msg
Symlinking /home/sandeepan/tiago_public_ws/devel/share/pal_behaviour_msgs/msg/BehaviourTaskFeedback.msg
Symlinking /home/sandeepan/tiago_public_ws/devel/share/pal_behaviour_msgs/msg/PresentationFeedback.msg
Symlinking /home/sandeepan/tiago_public_ws/devel/share/pal_behaviour_msgs/msg/BehaviourTaskActionGoal.msg
Symlinking /home/sandeepan/tiago_public_ws/devel/share/pal_behaviour_msgs/msg/BehaviourTaskActionResult.msg
Symlinking /home/sandeepan/tiago_public_ws/devel/share/pal_behaviour_msgs/msg/PresentationGoal.msg
Symlinking /home/sandeepan/tiago_public_ws/devel/share/pal_behaviour_msgs/msg/PresentationAction.msg
Symlinking /home/sandeepan/tiago_public_ws/devel/share/pal_behaviour_msgs/msg/PresentationResult.msg
Symlinking /home/sandeepan/tiago_public_ws/devel/share/pal_behaviour_msgs/msg/PresentationActionGoal.msg
Symlinking /home/sandeepan/tiago_public_ws/devel/share/pal_behaviour_msgs/msg/BehaviourTaskAction.msg
Symlinking /home/sandeepan/tiago_public_ws/devel/share/pal_behaviour_msgs/msg/BehaviourTaskGoal.msg
Symlinking /home/sandeepan/tiago_public_ws/devel/share/pal_behaviour_msgs/msg/PresentationActionResult.msg
Symlinking /home/sandeepan/tiago_public_ws/devel/share/gennodejs/ros/pal_behaviour_msgs/_index.js
Symlinking /home/sandeepan/tiago_public_ws/devel/share/gennodejs/ros/pal_behaviour_msgs/srv/_index.js
Symlinking /home/sandeepan/tiago_public_ws/devel/share/gennodejs/ros/pal_behaviour_msgs/srv/BehaviourEvent.js
Symlinking /home/sandeepan/tiago_public_ws/devel/share/gennodejs/ros/pal_behaviour_msgs/msg/PresentationFeedback.js
Symlinking /home/sandeepan/tiago_public_ws/devel/share/gennodejs/ros/pal_behaviour_msgs/msg/BehaviourArgument.js
Symlinking /home/sandeepan/tiago_public_ws/devel/share/gennodejs/ros/pal_behaviour_msgs/msg/PresentationActionGoal.js
Symlinking /home/sandeepan/tiago_public_ws/devel/share/gennodejs/ros/pal_behaviour_msgs/msg/PresentationAction.js
Symlinking /home/sandeepan/tiago_public_ws/devel/share/gennodejs/ros/pal_behaviour_msgs/msg/PresentationActionResult.js
Symlinking /home/sandeepan/tiago_public_ws/devel/share/gennodejs/ros/pal_behaviour_msgs/msg/PresentationGoal.js
Symlinking /home/sandeepan/tiago_public_ws/devel/share/gennodejs/ros/pal_behaviour_msgs/msg/BehaviourTaskAction.js
Symlinking /home/sandeepan/tiago_public_ws/devel/share/gennodejs/ros/pal_behaviour_msgs/msg/PresentationResult.js
Symlinking /home/sandeepan/tiago_public_ws/devel/share/gennodejs/ros/pal_behaviour_msgs/msg/BehaviourTaskActionFeedback.js
Symlinking /home/sandeepan/tiago_public_ws/devel/share/gennodejs/ros/pal_behaviour_msgs/msg/BehaviourTaskResult.js
Symlinking /home/sandeepan/tiago_public_ws/devel/share/gennodejs/ros/pal_behaviour_msgs/msg/_index.js
Symlinking /home/sandeepan/tiago_public_ws/devel/share/gennodejs/ros/pal_behaviour_msgs/msg/BehaviourTaskActionGoal.js
Symlinking /home/sandeepan/tiago_public_ws/devel/share/gennodejs/ros/pal_behaviour_msgs/msg/PresentationActionFeedback.js
Symlinking /home/sandeepan/tiago_public_ws/devel/share/gennodejs/ros/pal_behaviour_msgs/msg/BehaviourTaskActionResult.js
Symlinking /home/sandeepan/tiago_public_ws/devel/share/gennodejs/ros/pal_behaviour_msgs/msg/BehaviourTaskFeedback.js
Symlinking /home/sandeepan/tiago_public_ws/devel/share/gennodejs/ros/pal_behaviour_msgs/msg/BehaviourTaskGoal.js
Symlinking /home/sandeepan/tiago_public_ws/devel/share/common-lisp/ros/pal_behaviour_msgs/srv/_package_BehaviourEvent.lisp
Symlinking /home/sandeepan/tiago_public_ws/devel/share/common-lisp/ros/pal_behaviour_msgs/srv/BehaviourEvent.lisp
Symlinking /home/sandeepan/tiago_public_ws/devel/share/common-lisp/ros/pal_behaviour_msgs/srv/_package.lisp
Symlinking /home/sandeepan/tiago_public_ws/devel/share/common-lisp/ros/pal_behaviour_msgs/srv/pal_behaviour_msgs-srv.asd
Symlinking /home/sandeepan/tiago_public_ws/devel/share/common-lisp/ros/pal_behaviour_msgs/msg/_package_BehaviourTaskFeedback.lisp
Symlinking /home/sandeepan/tiago_public_ws/devel/share/common-lisp/ros/pal_behaviour_msgs/msg/PresentationGoal.lisp
Symlinking /home/sandeepan/tiago_public_ws/devel/share/common-lisp/ros/pal_behaviour_msgs/msg/_package_BehaviourTaskActionGoal.lisp
Symlinking /home/sandeepan/tiago_public_ws/devel/share/common-lisp/ros/pal_behaviour_msgs/msg/PresentationFeedback.lisp
Symlinking /home/sandeepan/tiago_public_ws/devel/share/common-lisp/ros/pal_behaviour_msgs/msg/_package_PresentationGoal.lisp
Symlinking /home/sandeepan/tiago_public_ws/devel/share/common-lisp/ros/pal_behaviour_msgs/msg/PresentationActionGoal.lisp
Symlinking /home/sandeepan/tiago_public_ws/devel/share/common-lisp/ros/pal_behaviour_msgs/msg/BehaviourTaskActionFeedback.lisp
Symlinking /home/sandeepan/tiago_public_ws/devel/share/common-lisp/ros/pal_behaviour_msgs/msg/BehaviourTaskAction.lisp
Symlinking /home/sandeepan/tiago_public_ws/devel/share/common-lisp/ros/pal_behaviour_msgs/msg/pal_behaviour_msgs-msg.asd
Symlinking /home/sandeepan/tiago_public_ws/devel/share/common-lisp/ros/pal_behaviour_msgs/msg/PresentationResult.lisp
Symlinking /home/sandeepan/tiago_public_ws/devel/share/common-lisp/ros/pal_behaviour_msgs/msg/_package_BehaviourTaskActionFeedback.lisp
Symlinking /home/sandeepan/tiago_public_ws/devel/share/common-lisp/ros/pal_behaviour_msgs/msg/_package_BehaviourTaskActionResult.lisp
Symlinking /home/sandeepan/tiago_public_ws/devel/share/common-lisp/ros/pal_behaviour_msgs/msg/BehaviourArgument.lisp
Symlinking /home/sandeepan/tiago_public_ws/devel/share/common-lisp/ros/pal_behaviour_msgs/msg/_package_PresentationActionGoal.lisp
Symlinking /home/sandeepan/tiago_public_ws/devel/share/common-lisp/ros/pal_behaviour_msgs/msg/_package_BehaviourTaskAction.lisp
Symlinking /home/sandeepan/tiago_public_ws/devel/share/common-lisp/ros/pal_behaviour_msgs/msg/BehaviourTaskFeedback.lisp
Symlinking /home/sandeepan/tiago_public_ws/devel/share/common-lisp/ros/pal_behaviour_msgs/msg/_package_PresentationActionFeedback.lisp
Symlinking /home/sandeepan/tiago_public_ws/devel/share/common-lisp/ros/pal_behaviour_msgs/msg/_package_PresentationActionResult.lisp
Symlinking /home/sandeepan/tiago_public_ws/devel/share/common-lisp/ros/pal_behaviour_msgs/msg/BehaviourTaskActionGoal.lisp
Symlinking /home/sandeepan/tiago_public_ws/devel/share/common-lisp/ros/pal_behaviour_msgs/msg/_package_BehaviourTaskResult.lisp
Symlinking /home/sandeepan/tiago_public_ws/devel/share/common-lisp/ros/pal_behaviour_msgs/msg/_package_PresentationFeedback.lisp
Symlinking /home/sandeepan/tiago_public_ws/devel/share/common-lisp/ros/pal_behaviour_msgs/msg/_package.lisp
Symlinking /home/sandeepan/tiago_public_ws/devel/share/common-lisp/ros/pal_behaviour_msgs/msg/PresentationAction.lisp
Symlinking /home/sandeepan/tiago_public_ws/devel/share/common-lisp/ros/pal_behaviour_msgs/msg/_package_BehaviourTaskGoal.lisp
Symlinking /home/sandeepan/tiago_public_ws/devel/share/common-lisp/ros/pal_behaviour_msgs/msg/PresentationActionResult.lisp
Symlinking /home/sandeepan/tiago_public_ws/devel/share/common-lisp/ros/pal_behaviour_msgs/msg/_package_PresentationResult.lisp
Symlinking /home/sandeepan/tiago_public_ws/devel/share/common-lisp/ros/pal_behaviour_msgs/msg/PresentationActionFeedback.lisp
Symlinking /home/sandeepan/tiago_public_ws/devel/share/common-lisp/ros/pal_behaviour_msgs/msg/_package_PresentationAction.lisp
Symlinking /home/sandeepan/tiago_public_ws/devel/share/common-lisp/ros/pal_behaviour_msgs/msg/BehaviourTaskResult.lisp
Symlinking /home/sandeepan/tiago_public_ws/devel/share/common-lisp/ros/pal_behaviour_msgs/msg/BehaviourTaskActionResult.lisp
Symlinking /home/sandeepan/tiago_public_ws/devel/share/common-lisp/ros/pal_behaviour_msgs/msg/_package_BehaviourArgument.lisp
Symlinking /home/sandeepan/tiago_public_ws/devel/share/common-lisp/ros/pal_behaviour_msgs/msg/BehaviourTaskGoal.lisp
Symlinking /home/sandeepan/tiago_public_ws/devel/lib/python2.7/dist-packages/pal_behaviour_msgs/__init__.py
Symlinking /home/sandeepan/tiago_public_ws/devel/lib/python2.7/dist-packages/pal_behaviour_msgs/srv/__init__.py
Symlinking /home/sandeepan/tiago_public_ws/devel/lib/python2.7/dist-packages/pal_behaviour_msgs/srv/_BehaviourEvent.py
Symlinking /home/sandeepan/tiago_public_ws/devel/lib/python2.7/dist-packages/pal_behaviour_msgs/msg/__init__.py
Symlinking /home/sandeepan/tiago_public_ws/devel/lib/python2.7/dist-packages/pal_behaviour_msgs/msg/_BehaviourTaskActionGoal.py
Symlinking /home/sandeepan/tiago_public_ws/devel/lib/python2.7/dist-packages/pal_behaviour_msgs/msg/_PresentationFeedback.py
Symlinking /home/sandeepan/tiago_public_ws/devel/lib/python2.7/dist-packages/pal_behaviour_msgs/msg/_BehaviourTaskGoal.py
Symlinking /home/sandeepan/tiago_public_ws/devel/lib/python2.7/dist-packages/pal_behaviour_msgs/msg/_BehaviourTaskResult.py
Symlinking /home/sandeepan/tiago_public_ws/devel/lib/python2.7/dist-packages/pal_behaviour_msgs/msg/_PresentationActionResult.py
Symlinking /home/sandeepan/tiago_public_ws/devel/lib/python2.7/dist-packages/pal_behaviour_msgs/msg/_PresentationGoal.py
Symlinking /home/sandeepan/tiago_public_ws/devel/lib/python2.7/dist-packages/pal_behaviour_msgs/msg/_BehaviourTaskActionFeedback.py
Symlinking /home/sandeepan/tiago_public_ws/devel/lib/python2.7/dist-packages/pal_behaviour_msgs/msg/_BehaviourTaskFeedback.py
Symlinking /home/sandeepan/tiago_public_ws/devel/lib/python2.7/dist-packages/pal_behaviour_msgs/msg/_PresentationActionFeedback.py
Symlinking /home/sandeepan/tiago_public_ws/devel/lib/python2.7/dist-packages/pal_behaviour_msgs/msg/_PresentationActionGoal.py
Symlinking /home/sandeepan/tiago_public_ws/devel/lib/python2.7/dist-packages/pal_behaviour_msgs/msg/_BehaviourTaskActionResult.py
Symlinking /home/sandeepan/tiago_public_ws/devel/lib/python2.7/dist-packages/pal_behaviour_msgs/msg/_PresentationAction.py
Symlinking /home/sandeepan/tiago_public_ws/devel/lib/python2.7/dist-packages/pal_behaviour_msgs/msg/_BehaviourTaskAction.py
Symlinking /home/sandeepan/tiago_public_ws/devel/lib/python2.7/dist-packages/pal_behaviour_msgs/msg/_PresentationResult.py
Symlinking /home/sandeepan/tiago_public_ws/devel/lib/python2.7/dist-packages/pal_behaviour_msgs/msg/_BehaviourArgument.py
Symlinking /home/sandeepan/tiago_public_ws/devel/lib/pkgconfig/pal_behaviour_msgs.pc
