Linked: (/home/sandeepan/tiago_public_ws/devel/.private/pal_device_msgs/include/pal_device_msgs/LedFadeParams.h, /home/sandeepan/tiago_public_ws/devel/include/pal_device_msgs/LedFadeParams.h)
Linked: (/home/sandeepan/tiago_public_ws/devel/.private/pal_device_msgs/include/pal_device_msgs/CancelEffect.h, /home/sandeepan/tiago_public_ws/devel/include/pal_device_msgs/CancelEffect.h)
Linked: (/home/sandeepan/tiago_public_ws/devel/.private/pal_device_msgs/include/pal_device_msgs/LedBlinkParams.h, /home/sandeepan/tiago_public_ws/devel/include/pal_device_msgs/LedBlinkParams.h)
Linked: (/home/sandeepan/tiago_public_ws/devel/.private/pal_device_msgs/include/pal_device_msgs/TimedBlinkEffectRequest.h, /home/sandeepan/tiago_public_ws/devel/include/pal_device_msgs/TimedBlinkEffectRequest.h)
Linked: (/home/sandeepan/tiago_public_ws/devel/.private/pal_device_msgs/include/pal_device_msgs/TimedBlinkEffectResponse.h, /home/sandeepan/tiago_public_ws/devel/include/pal_device_msgs/TimedBlinkEffectResponse.h)
Linked: (/home/sandeepan/tiago_public_ws/devel/.private/pal_device_msgs/include/pal_device_msgs/DoTimedLedEffectActionResult.h, /home/sandeepan/tiago_public_ws/devel/include/pal_device_msgs/DoTimedLedEffectActionResult.h)
Linked: (/home/sandeepan/tiago_public_ws/devel/.private/pal_device_msgs/include/pal_device_msgs/TimedFadeEffectResponse.h, /home/sandeepan/tiago_public_ws/devel/include/pal_device_msgs/TimedFadeEffectResponse.h)
Linked: (/home/sandeepan/tiago_public_ws/devel/.private/pal_device_msgs/include/pal_device_msgs/LedFlowParams.h, /home/sandeepan/tiago_public_ws/devel/include/pal_device_msgs/LedFlowParams.h)
Linked: (/home/sandeepan/tiago_public_ws/devel/.private/pal_device_msgs/include/pal_device_msgs/DoTimedLedEffectActionGoal.h, /home/sandeepan/tiago_public_ws/devel/include/pal_device_msgs/DoTimedLedEffectActionGoal.h)
Linked: (/home/sandeepan/tiago_public_ws/devel/.private/pal_device_msgs/include/pal_device_msgs/DoTimedLedEffectGoal.h, /home/sandeepan/tiago_public_ws/devel/include/pal_device_msgs/DoTimedLedEffectGoal.h)
Linked: (/home/sandeepan/tiago_public_ws/devel/.private/pal_device_msgs/include/pal_device_msgs/TimedFadeEffectRequest.h, /home/sandeepan/tiago_public_ws/devel/include/pal_device_msgs/TimedFadeEffectRequest.h)
Linked: (/home/sandeepan/tiago_public_ws/devel/.private/pal_device_msgs/include/pal_device_msgs/ShutdownAndWakeUpRobotResponse.h, /home/sandeepan/tiago_public_ws/devel/include/pal_device_msgs/ShutdownAndWakeUpRobotResponse.h)
Linked: (/home/sandeepan/tiago_public_ws/devel/.private/pal_device_msgs/include/pal_device_msgs/BatteryState.h, /home/sandeepan/tiago_public_ws/devel/include/pal_device_msgs/BatteryState.h)
Linked: (/home/sandeepan/tiago_public_ws/devel/.private/pal_device_msgs/include/pal_device_msgs/TimedColourEffectRequest.h, /home/sandeepan/tiago_public_ws/devel/include/pal_device_msgs/TimedColourEffectRequest.h)
Linked: (/home/sandeepan/tiago_public_ws/devel/.private/pal_device_msgs/include/pal_device_msgs/TimedFadeEffect.h, /home/sandeepan/tiago_public_ws/devel/include/pal_device_msgs/TimedFadeEffect.h)
Linked: (/home/sandeepan/tiago_public_ws/devel/.private/pal_device_msgs/include/pal_device_msgs/LedRainbowParams.h, /home/sandeepan/tiago_public_ws/devel/include/pal_device_msgs/LedRainbowParams.h)
Linked: (/home/sandeepan/tiago_public_ws/devel/.private/pal_device_msgs/include/pal_device_msgs/LedDataArrayParams.h, /home/sandeepan/tiago_public_ws/devel/include/pal_device_msgs/LedDataArrayParams.h)
Linked: (/home/sandeepan/tiago_public_ws/devel/.private/pal_device_msgs/include/pal_device_msgs/DoTimedLedEffectResult.h, /home/sandeepan/tiago_public_ws/devel/include/pal_device_msgs/DoTimedLedEffectResult.h)
Linked: (/home/sandeepan/tiago_public_ws/devel/.private/pal_device_msgs/include/pal_device_msgs/DoTimedLedEffectActionFeedback.h, /home/sandeepan/tiago_public_ws/devel/include/pal_device_msgs/DoTimedLedEffectActionFeedback.h)
Linked: (/home/sandeepan/tiago_public_ws/devel/.private/pal_device_msgs/include/pal_device_msgs/LedGroup.h, /home/sandeepan/tiago_public_ws/devel/include/pal_device_msgs/LedGroup.h)
Linked: (/home/sandeepan/tiago_public_ws/devel/.private/pal_device_msgs/include/pal_device_msgs/LedFixedColorParams.h, /home/sandeepan/tiago_public_ws/devel/include/pal_device_msgs/LedFixedColorParams.h)
Linked: (/home/sandeepan/tiago_public_ws/devel/.private/pal_device_msgs/include/pal_device_msgs/LedEffectParams.h, /home/sandeepan/tiago_public_ws/devel/include/pal_device_msgs/LedEffectParams.h)
Linked: (/home/sandeepan/tiago_public_ws/devel/.private/pal_device_msgs/include/pal_device_msgs/DoTimedLedEffectAction.h, /home/sandeepan/tiago_public_ws/devel/include/pal_device_msgs/DoTimedLedEffectAction.h)
Linked: (/home/sandeepan/tiago_public_ws/devel/.private/pal_device_msgs/include/pal_device_msgs/TimedColourEffect.h, /home/sandeepan/tiago_public_ws/devel/include/pal_device_msgs/TimedColourEffect.h)
Linked: (/home/sandeepan/tiago_public_ws/devel/.private/pal_device_msgs/include/pal_device_msgs/LedPreProgrammedParams.h, /home/sandeepan/tiago_public_ws/devel/include/pal_device_msgs/LedPreProgrammedParams.h)
Linked: (/home/sandeepan/tiago_public_ws/devel/.private/pal_device_msgs/include/pal_device_msgs/CancelEffectResponse.h, /home/sandeepan/tiago_public_ws/devel/include/pal_device_msgs/CancelEffectResponse.h)
Linked: (/home/sandeepan/tiago_public_ws/devel/.private/pal_device_msgs/include/pal_device_msgs/LedEffectViaTopicParams.h, /home/sandeepan/tiago_public_ws/devel/include/pal_device_msgs/LedEffectViaTopicParams.h)
Linked: (/home/sandeepan/tiago_public_ws/devel/.private/pal_device_msgs/include/pal_device_msgs/TimedBlinkEffect.h, /home/sandeepan/tiago_public_ws/devel/include/pal_device_msgs/TimedBlinkEffect.h)
Linked: (/home/sandeepan/tiago_public_ws/devel/.private/pal_device_msgs/include/pal_device_msgs/DoTimedLedEffectFeedback.h, /home/sandeepan/tiago_public_ws/devel/include/pal_device_msgs/DoTimedLedEffectFeedback.h)
Linked: (/home/sandeepan/tiago_public_ws/devel/.private/pal_device_msgs/include/pal_device_msgs/CancelEffectRequest.h, /home/sandeepan/tiago_public_ws/devel/include/pal_device_msgs/CancelEffectRequest.h)
Linked: (/home/sandeepan/tiago_public_ws/devel/.private/pal_device_msgs/include/pal_device_msgs/TimedColourEffectResponse.h, /home/sandeepan/tiago_public_ws/devel/include/pal_device_msgs/TimedColourEffectResponse.h)
Linked: (/home/sandeepan/tiago_public_ws/devel/.private/pal_device_msgs/include/pal_device_msgs/Bumper.h, /home/sandeepan/tiago_public_ws/devel/include/pal_device_msgs/Bumper.h)
Linked: (/home/sandeepan/tiago_public_ws/devel/.private/pal_device_msgs/include/pal_device_msgs/ShutdownAndWakeUpRobotRequest.h, /home/sandeepan/tiago_public_ws/devel/include/pal_device_msgs/ShutdownAndWakeUpRobotRequest.h)
Linked: (/home/sandeepan/tiago_public_ws/devel/.private/pal_device_msgs/include/pal_device_msgs/ShutdownAndWakeUpRobot.h, /home/sandeepan/tiago_public_ws/devel/include/pal_device_msgs/ShutdownAndWakeUpRobot.h)
Linked: (/home/sandeepan/tiago_public_ws/devel/.private/pal_device_msgs/include/pal_device_msgs/LedProgressParams.h, /home/sandeepan/tiago_public_ws/devel/include/pal_device_msgs/LedProgressParams.h)
Linked: (/home/sandeepan/tiago_public_ws/devel/.private/pal_device_msgs/share/pal_device_msgs/cmake/pal_device_msgsConfig-version.cmake, /home/sandeepan/tiago_public_ws/devel/share/pal_device_msgs/cmake/pal_device_msgsConfig-version.cmake)
Linked: (/home/sandeepan/tiago_public_ws/devel/.private/pal_device_msgs/share/pal_device_msgs/cmake/pal_device_msgs-msg-extras.cmake, /home/sandeepan/tiago_public_ws/devel/share/pal_device_msgs/cmake/pal_device_msgs-msg-extras.cmake)
Linked: (/home/sandeepan/tiago_public_ws/devel/.private/pal_device_msgs/share/pal_device_msgs/cmake/pal_device_msgsConfig.cmake, /home/sandeepan/tiago_public_ws/devel/share/pal_device_msgs/cmake/pal_device_msgsConfig.cmake)
Linked: (/home/sandeepan/tiago_public_ws/devel/.private/pal_device_msgs/share/pal_device_msgs/cmake/pal_device_msgs-msg-paths.cmake, /home/sandeepan/tiago_public_ws/devel/share/pal_device_msgs/cmake/pal_device_msgs-msg-paths.cmake)
Linked: (/home/sandeepan/tiago_public_ws/devel/.private/pal_device_msgs/share/pal_device_msgs/msg/DoTimedLedEffectGoal.msg, /home/sandeepan/tiago_public_ws/devel/share/pal_device_msgs/msg/DoTimedLedEffectGoal.msg)
Linked: (/home/sandeepan/tiago_public_ws/devel/.private/pal_device_msgs/share/pal_device_msgs/msg/DoTimedLedEffectFeedback.msg, /home/sandeepan/tiago_public_ws/devel/share/pal_device_msgs/msg/DoTimedLedEffectFeedback.msg)
Linked: (/home/sandeepan/tiago_public_ws/devel/.private/pal_device_msgs/share/pal_device_msgs/msg/DoTimedLedEffectActionResult.msg, /home/sandeepan/tiago_public_ws/devel/share/pal_device_msgs/msg/DoTimedLedEffectActionResult.msg)
Linked: (/home/sandeepan/tiago_public_ws/devel/.private/pal_device_msgs/share/pal_device_msgs/msg/DoTimedLedEffectResult.msg, /home/sandeepan/tiago_public_ws/devel/share/pal_device_msgs/msg/DoTimedLedEffectResult.msg)
Linked: (/home/sandeepan/tiago_public_ws/devel/.private/pal_device_msgs/share/pal_device_msgs/msg/DoTimedLedEffectAction.msg, /home/sandeepan/tiago_public_ws/devel/share/pal_device_msgs/msg/DoTimedLedEffectAction.msg)
Linked: (/home/sandeepan/tiago_public_ws/devel/.private/pal_device_msgs/share/pal_device_msgs/msg/DoTimedLedEffectActionGoal.msg, /home/sandeepan/tiago_public_ws/devel/share/pal_device_msgs/msg/DoTimedLedEffectActionGoal.msg)
Linked: (/home/sandeepan/tiago_public_ws/devel/.private/pal_device_msgs/share/pal_device_msgs/msg/DoTimedLedEffectActionFeedback.msg, /home/sandeepan/tiago_public_ws/devel/share/pal_device_msgs/msg/DoTimedLedEffectActionFeedback.msg)
Linked: (/home/sandeepan/tiago_public_ws/devel/.private/pal_device_msgs/share/roseus/ros/pal_device_msgs/manifest.l, /home/sandeepan/tiago_public_ws/devel/share/roseus/ros/pal_device_msgs/manifest.l)
Linked: (/home/sandeepan/tiago_public_ws/devel/.private/pal_device_msgs/share/roseus/ros/pal_device_msgs/srv/TimedFadeEffect.l, /home/sandeepan/tiago_public_ws/devel/share/roseus/ros/pal_device_msgs/srv/TimedFadeEffect.l)
Linked: (/home/sandeepan/tiago_public_ws/devel/.private/pal_device_msgs/share/roseus/ros/pal_device_msgs/srv/TimedColourEffect.l, /home/sandeepan/tiago_public_ws/devel/share/roseus/ros/pal_device_msgs/srv/TimedColourEffect.l)
Linked: (/home/sandeepan/tiago_public_ws/devel/.private/pal_device_msgs/share/roseus/ros/pal_device_msgs/srv/CancelEffect.l, /home/sandeepan/tiago_public_ws/devel/share/roseus/ros/pal_device_msgs/srv/CancelEffect.l)
Linked: (/home/sandeepan/tiago_public_ws/devel/.private/pal_device_msgs/share/roseus/ros/pal_device_msgs/srv/TimedBlinkEffect.l, /home/sandeepan/tiago_public_ws/devel/share/roseus/ros/pal_device_msgs/srv/TimedBlinkEffect.l)
Linked: (/home/sandeepan/tiago_public_ws/devel/.private/pal_device_msgs/share/roseus/ros/pal_device_msgs/srv/ShutdownAndWakeUpRobot.l, /home/sandeepan/tiago_public_ws/devel/share/roseus/ros/pal_device_msgs/srv/ShutdownAndWakeUpRobot.l)
Linked: (/home/sandeepan/tiago_public_ws/devel/.private/pal_device_msgs/share/roseus/ros/pal_device_msgs/msg/LedEffectParams.l, /home/sandeepan/tiago_public_ws/devel/share/roseus/ros/pal_device_msgs/msg/LedEffectParams.l)
Linked: (/home/sandeepan/tiago_public_ws/devel/.private/pal_device_msgs/share/roseus/ros/pal_device_msgs/msg/DoTimedLedEffectActionFeedback.l, /home/sandeepan/tiago_public_ws/devel/share/roseus/ros/pal_device_msgs/msg/DoTimedLedEffectActionFeedback.l)
Linked: (/home/sandeepan/tiago_public_ws/devel/.private/pal_device_msgs/share/roseus/ros/pal_device_msgs/msg/LedEffectViaTopicParams.l, /home/sandeepan/tiago_public_ws/devel/share/roseus/ros/pal_device_msgs/msg/LedEffectViaTopicParams.l)
Linked: (/home/sandeepan/tiago_public_ws/devel/.private/pal_device_msgs/share/roseus/ros/pal_device_msgs/msg/DoTimedLedEffectFeedback.l, /home/sandeepan/tiago_public_ws/devel/share/roseus/ros/pal_device_msgs/msg/DoTimedLedEffectFeedback.l)
Linked: (/home/sandeepan/tiago_public_ws/devel/.private/pal_device_msgs/share/roseus/ros/pal_device_msgs/msg/DoTimedLedEffectResult.l, /home/sandeepan/tiago_public_ws/devel/share/roseus/ros/pal_device_msgs/msg/DoTimedLedEffectResult.l)
Linked: (/home/sandeepan/tiago_public_ws/devel/.private/pal_device_msgs/share/roseus/ros/pal_device_msgs/msg/LedRainbowParams.l, /home/sandeepan/tiago_public_ws/devel/share/roseus/ros/pal_device_msgs/msg/LedRainbowParams.l)
Linked: (/home/sandeepan/tiago_public_ws/devel/.private/pal_device_msgs/share/roseus/ros/pal_device_msgs/msg/DoTimedLedEffectAction.l, /home/sandeepan/tiago_public_ws/devel/share/roseus/ros/pal_device_msgs/msg/DoTimedLedEffectAction.l)
Linked: (/home/sandeepan/tiago_public_ws/devel/.private/pal_device_msgs/share/roseus/ros/pal_device_msgs/msg/LedPreProgrammedParams.l, /home/sandeepan/tiago_public_ws/devel/share/roseus/ros/pal_device_msgs/msg/LedPreProgrammedParams.l)
Linked: (/home/sandeepan/tiago_public_ws/devel/.private/pal_device_msgs/share/roseus/ros/pal_device_msgs/msg/LedFadeParams.l, /home/sandeepan/tiago_public_ws/devel/share/roseus/ros/pal_device_msgs/msg/LedFadeParams.l)
Linked: (/home/sandeepan/tiago_public_ws/devel/.private/pal_device_msgs/share/roseus/ros/pal_device_msgs/msg/LedDataArrayParams.l, /home/sandeepan/tiago_public_ws/devel/share/roseus/ros/pal_device_msgs/msg/LedDataArrayParams.l)
Linked: (/home/sandeepan/tiago_public_ws/devel/.private/pal_device_msgs/share/roseus/ros/pal_device_msgs/msg/LedFixedColorParams.l, /home/sandeepan/tiago_public_ws/devel/share/roseus/ros/pal_device_msgs/msg/LedFixedColorParams.l)
Linked: (/home/sandeepan/tiago_public_ws/devel/.private/pal_device_msgs/share/roseus/ros/pal_device_msgs/msg/DoTimedLedEffectActionGoal.l, /home/sandeepan/tiago_public_ws/devel/share/roseus/ros/pal_device_msgs/msg/DoTimedLedEffectActionGoal.l)
Linked: (/home/sandeepan/tiago_public_ws/devel/.private/pal_device_msgs/share/roseus/ros/pal_device_msgs/msg/Bumper.l, /home/sandeepan/tiago_public_ws/devel/share/roseus/ros/pal_device_msgs/msg/Bumper.l)
Linked: (/home/sandeepan/tiago_public_ws/devel/.private/pal_device_msgs/share/roseus/ros/pal_device_msgs/msg/LedGroup.l, /home/sandeepan/tiago_public_ws/devel/share/roseus/ros/pal_device_msgs/msg/LedGroup.l)
Linked: (/home/sandeepan/tiago_public_ws/devel/.private/pal_device_msgs/share/roseus/ros/pal_device_msgs/msg/LedBlinkParams.l, /home/sandeepan/tiago_public_ws/devel/share/roseus/ros/pal_device_msgs/msg/LedBlinkParams.l)
Linked: (/home/sandeepan/tiago_public_ws/devel/.private/pal_device_msgs/share/roseus/ros/pal_device_msgs/msg/DoTimedLedEffectActionResult.l, /home/sandeepan/tiago_public_ws/devel/share/roseus/ros/pal_device_msgs/msg/DoTimedLedEffectActionResult.l)
Linked: (/home/sandeepan/tiago_public_ws/devel/.private/pal_device_msgs/share/roseus/ros/pal_device_msgs/msg/BatteryState.l, /home/sandeepan/tiago_public_ws/devel/share/roseus/ros/pal_device_msgs/msg/BatteryState.l)
Linked: (/home/sandeepan/tiago_public_ws/devel/.private/pal_device_msgs/share/roseus/ros/pal_device_msgs/msg/DoTimedLedEffectGoal.l, /home/sandeepan/tiago_public_ws/devel/share/roseus/ros/pal_device_msgs/msg/DoTimedLedEffectGoal.l)
Linked: (/home/sandeepan/tiago_public_ws/devel/.private/pal_device_msgs/share/roseus/ros/pal_device_msgs/msg/LedProgressParams.l, /home/sandeepan/tiago_public_ws/devel/share/roseus/ros/pal_device_msgs/msg/LedProgressParams.l)
Linked: (/home/sandeepan/tiago_public_ws/devel/.private/pal_device_msgs/share/roseus/ros/pal_device_msgs/msg/LedFlowParams.l, /home/sandeepan/tiago_public_ws/devel/share/roseus/ros/pal_device_msgs/msg/LedFlowParams.l)
Linked: (/home/sandeepan/tiago_public_ws/devel/.private/pal_device_msgs/share/gennodejs/ros/pal_device_msgs/_index.js, /home/sandeepan/tiago_public_ws/devel/share/gennodejs/ros/pal_device_msgs/_index.js)
Linked: (/home/sandeepan/tiago_public_ws/devel/.private/pal_device_msgs/share/gennodejs/ros/pal_device_msgs/srv/CancelEffect.js, /home/sandeepan/tiago_public_ws/devel/share/gennodejs/ros/pal_device_msgs/srv/CancelEffect.js)
Linked: (/home/sandeepan/tiago_public_ws/devel/.private/pal_device_msgs/share/gennodejs/ros/pal_device_msgs/srv/TimedFadeEffect.js, /home/sandeepan/tiago_public_ws/devel/share/gennodejs/ros/pal_device_msgs/srv/TimedFadeEffect.js)
Linked: (/home/sandeepan/tiago_public_ws/devel/.private/pal_device_msgs/share/gennodejs/ros/pal_device_msgs/srv/TimedColourEffect.js, /home/sandeepan/tiago_public_ws/devel/share/gennodejs/ros/pal_device_msgs/srv/TimedColourEffect.js)
Linked: (/home/sandeepan/tiago_public_ws/devel/.private/pal_device_msgs/share/gennodejs/ros/pal_device_msgs/srv/TimedBlinkEffect.js, /home/sandeepan/tiago_public_ws/devel/share/gennodejs/ros/pal_device_msgs/srv/TimedBlinkEffect.js)
Linked: (/home/sandeepan/tiago_public_ws/devel/.private/pal_device_msgs/share/gennodejs/ros/pal_device_msgs/srv/_index.js, /home/sandeepan/tiago_public_ws/devel/share/gennodejs/ros/pal_device_msgs/srv/_index.js)
Linked: (/home/sandeepan/tiago_public_ws/devel/.private/pal_device_msgs/share/gennodejs/ros/pal_device_msgs/srv/ShutdownAndWakeUpRobot.js, /home/sandeepan/tiago_public_ws/devel/share/gennodejs/ros/pal_device_msgs/srv/ShutdownAndWakeUpRobot.js)
Linked: (/home/sandeepan/tiago_public_ws/devel/.private/pal_device_msgs/share/gennodejs/ros/pal_device_msgs/msg/DoTimedLedEffectActionGoal.js, /home/sandeepan/tiago_public_ws/devel/share/gennodejs/ros/pal_device_msgs/msg/DoTimedLedEffectActionGoal.js)
Linked: (/home/sandeepan/tiago_public_ws/devel/.private/pal_device_msgs/share/gennodejs/ros/pal_device_msgs/msg/DoTimedLedEffectAction.js, /home/sandeepan/tiago_public_ws/devel/share/gennodejs/ros/pal_device_msgs/msg/DoTimedLedEffectAction.js)
Linked: (/home/sandeepan/tiago_public_ws/devel/.private/pal_device_msgs/share/gennodejs/ros/pal_device_msgs/msg/LedFadeParams.js, /home/sandeepan/tiago_public_ws/devel/share/gennodejs/ros/pal_device_msgs/msg/LedFadeParams.js)
Linked: (/home/sandeepan/tiago_public_ws/devel/.private/pal_device_msgs/share/gennodejs/ros/pal_device_msgs/msg/DoTimedLedEffectActionResult.js, /home/sandeepan/tiago_public_ws/devel/share/gennodejs/ros/pal_device_msgs/msg/DoTimedLedEffectActionResult.js)
Linked: (/home/sandeepan/tiago_public_ws/devel/.private/pal_device_msgs/share/gennodejs/ros/pal_device_msgs/msg/LedFixedColorParams.js, /home/sandeepan/tiago_public_ws/devel/share/gennodejs/ros/pal_device_msgs/msg/LedFixedColorParams.js)
Linked: (/home/sandeepan/tiago_public_ws/devel/.private/pal_device_msgs/share/gennodejs/ros/pal_device_msgs/msg/BatteryState.js, /home/sandeepan/tiago_public_ws/devel/share/gennodejs/ros/pal_device_msgs/msg/BatteryState.js)
Linked: (/home/sandeepan/tiago_public_ws/devel/.private/pal_device_msgs/share/gennodejs/ros/pal_device_msgs/msg/DoTimedLedEffectGoal.js, /home/sandeepan/tiago_public_ws/devel/share/gennodejs/ros/pal_device_msgs/msg/DoTimedLedEffectGoal.js)
Linked: (/home/sandeepan/tiago_public_ws/devel/.private/pal_device_msgs/share/gennodejs/ros/pal_device_msgs/msg/DoTimedLedEffectResult.js, /home/sandeepan/tiago_public_ws/devel/share/gennodejs/ros/pal_device_msgs/msg/DoTimedLedEffectResult.js)
Linked: (/home/sandeepan/tiago_public_ws/devel/.private/pal_device_msgs/share/gennodejs/ros/pal_device_msgs/msg/LedFlowParams.js, /home/sandeepan/tiago_public_ws/devel/share/gennodejs/ros/pal_device_msgs/msg/LedFlowParams.js)
Linked: (/home/sandeepan/tiago_public_ws/devel/.private/pal_device_msgs/share/gennodejs/ros/pal_device_msgs/msg/LedRainbowParams.js, /home/sandeepan/tiago_public_ws/devel/share/gennodejs/ros/pal_device_msgs/msg/LedRainbowParams.js)
Linked: (/home/sandeepan/tiago_public_ws/devel/.private/pal_device_msgs/share/gennodejs/ros/pal_device_msgs/msg/LedEffectParams.js, /home/sandeepan/tiago_public_ws/devel/share/gennodejs/ros/pal_device_msgs/msg/LedEffectParams.js)
Linked: (/home/sandeepan/tiago_public_ws/devel/.private/pal_device_msgs/share/gennodejs/ros/pal_device_msgs/msg/DoTimedLedEffectActionFeedback.js, /home/sandeepan/tiago_public_ws/devel/share/gennodejs/ros/pal_device_msgs/msg/DoTimedLedEffectActionFeedback.js)
Linked: (/home/sandeepan/tiago_public_ws/devel/.private/pal_device_msgs/share/gennodejs/ros/pal_device_msgs/msg/_index.js, /home/sandeepan/tiago_public_ws/devel/share/gennodejs/ros/pal_device_msgs/msg/_index.js)
Linked: (/home/sandeepan/tiago_public_ws/devel/.private/pal_device_msgs/share/gennodejs/ros/pal_device_msgs/msg/Bumper.js, /home/sandeepan/tiago_public_ws/devel/share/gennodejs/ros/pal_device_msgs/msg/Bumper.js)
Linked: (/home/sandeepan/tiago_public_ws/devel/.private/pal_device_msgs/share/gennodejs/ros/pal_device_msgs/msg/LedGroup.js, /home/sandeepan/tiago_public_ws/devel/share/gennodejs/ros/pal_device_msgs/msg/LedGroup.js)
Linked: (/home/sandeepan/tiago_public_ws/devel/.private/pal_device_msgs/share/gennodejs/ros/pal_device_msgs/msg/LedEffectViaTopicParams.js, /home/sandeepan/tiago_public_ws/devel/share/gennodejs/ros/pal_device_msgs/msg/LedEffectViaTopicParams.js)
Linked: (/home/sandeepan/tiago_public_ws/devel/.private/pal_device_msgs/share/gennodejs/ros/pal_device_msgs/msg/LedPreProgrammedParams.js, /home/sandeepan/tiago_public_ws/devel/share/gennodejs/ros/pal_device_msgs/msg/LedPreProgrammedParams.js)
Linked: (/home/sandeepan/tiago_public_ws/devel/.private/pal_device_msgs/share/gennodejs/ros/pal_device_msgs/msg/DoTimedLedEffectFeedback.js, /home/sandeepan/tiago_public_ws/devel/share/gennodejs/ros/pal_device_msgs/msg/DoTimedLedEffectFeedback.js)
Linked: (/home/sandeepan/tiago_public_ws/devel/.private/pal_device_msgs/share/gennodejs/ros/pal_device_msgs/msg/LedProgressParams.js, /home/sandeepan/tiago_public_ws/devel/share/gennodejs/ros/pal_device_msgs/msg/LedProgressParams.js)
Linked: (/home/sandeepan/tiago_public_ws/devel/.private/pal_device_msgs/share/gennodejs/ros/pal_device_msgs/msg/LedDataArrayParams.js, /home/sandeepan/tiago_public_ws/devel/share/gennodejs/ros/pal_device_msgs/msg/LedDataArrayParams.js)
Linked: (/home/sandeepan/tiago_public_ws/devel/.private/pal_device_msgs/share/gennodejs/ros/pal_device_msgs/msg/LedBlinkParams.js, /home/sandeepan/tiago_public_ws/devel/share/gennodejs/ros/pal_device_msgs/msg/LedBlinkParams.js)
Linked: (/home/sandeepan/tiago_public_ws/devel/.private/pal_device_msgs/share/common-lisp/ros/pal_device_msgs/srv/_package_TimedFadeEffect.lisp, /home/sandeepan/tiago_public_ws/devel/share/common-lisp/ros/pal_device_msgs/srv/_package_TimedFadeEffect.lisp)
Linked: (/home/sandeepan/tiago_public_ws/devel/.private/pal_device_msgs/share/common-lisp/ros/pal_device_msgs/srv/_package_TimedBlinkEffect.lisp, /home/sandeepan/tiago_public_ws/devel/share/common-lisp/ros/pal_device_msgs/srv/_package_TimedBlinkEffect.lisp)
Linked: (/home/sandeepan/tiago_public_ws/devel/.private/pal_device_msgs/share/common-lisp/ros/pal_device_msgs/srv/CancelEffect.lisp, /home/sandeepan/tiago_public_ws/devel/share/common-lisp/ros/pal_device_msgs/srv/CancelEffect.lisp)
Linked: (/home/sandeepan/tiago_public_ws/devel/.private/pal_device_msgs/share/common-lisp/ros/pal_device_msgs/srv/TimedFadeEffect.lisp, /home/sandeepan/tiago_public_ws/devel/share/common-lisp/ros/pal_device_msgs/srv/TimedFadeEffect.lisp)
Linked: (/home/sandeepan/tiago_public_ws/devel/.private/pal_device_msgs/share/common-lisp/ros/pal_device_msgs/srv/pal_device_msgs-srv.asd, /home/sandeepan/tiago_public_ws/devel/share/common-lisp/ros/pal_device_msgs/srv/pal_device_msgs-srv.asd)
Linked: (/home/sandeepan/tiago_public_ws/devel/.private/pal_device_msgs/share/common-lisp/ros/pal_device_msgs/srv/TimedBlinkEffect.lisp, /home/sandeepan/tiago_public_ws/devel/share/common-lisp/ros/pal_device_msgs/srv/TimedBlinkEffect.lisp)
Linked: (/home/sandeepan/tiago_public_ws/devel/.private/pal_device_msgs/share/common-lisp/ros/pal_device_msgs/srv/_package.lisp, /home/sandeepan/tiago_public_ws/devel/share/common-lisp/ros/pal_device_msgs/srv/_package.lisp)
Linked: (/home/sandeepan/tiago_public_ws/devel/.private/pal_device_msgs/share/common-lisp/ros/pal_device_msgs/srv/TimedColourEffect.lisp, /home/sandeepan/tiago_public_ws/devel/share/common-lisp/ros/pal_device_msgs/srv/TimedColourEffect.lisp)
Linked: (/home/sandeepan/tiago_public_ws/devel/.private/pal_device_msgs/share/common-lisp/ros/pal_device_msgs/srv/_package_CancelEffect.lisp, /home/sandeepan/tiago_public_ws/devel/share/common-lisp/ros/pal_device_msgs/srv/_package_CancelEffect.lisp)
Linked: (/home/sandeepan/tiago_public_ws/devel/.private/pal_device_msgs/share/common-lisp/ros/pal_device_msgs/srv/_package_ShutdownAndWakeUpRobot.lisp, /home/sandeepan/tiago_public_ws/devel/share/common-lisp/ros/pal_device_msgs/srv/_package_ShutdownAndWakeUpRobot.lisp)
Linked: (/home/sandeepan/tiago_public_ws/devel/.private/pal_device_msgs/share/common-lisp/ros/pal_device_msgs/srv/_package_TimedColourEffect.lisp, /home/sandeepan/tiago_public_ws/devel/share/common-lisp/ros/pal_device_msgs/srv/_package_TimedColourEffect.lisp)
Linked: (/home/sandeepan/tiago_public_ws/devel/.private/pal_device_msgs/share/common-lisp/ros/pal_device_msgs/srv/ShutdownAndWakeUpRobot.lisp, /home/sandeepan/tiago_public_ws/devel/share/common-lisp/ros/pal_device_msgs/srv/ShutdownAndWakeUpRobot.lisp)
Linked: (/home/sandeepan/tiago_public_ws/devel/.private/pal_device_msgs/share/common-lisp/ros/pal_device_msgs/msg/_package_LedBlinkParams.lisp, /home/sandeepan/tiago_public_ws/devel/share/common-lisp/ros/pal_device_msgs/msg/_package_LedBlinkParams.lisp)
Linked: (/home/sandeepan/tiago_public_ws/devel/.private/pal_device_msgs/share/common-lisp/ros/pal_device_msgs/msg/DoTimedLedEffectAction.lisp, /home/sandeepan/tiago_public_ws/devel/share/common-lisp/ros/pal_device_msgs/msg/DoTimedLedEffectAction.lisp)
Linked: (/home/sandeepan/tiago_public_ws/devel/.private/pal_device_msgs/share/common-lisp/ros/pal_device_msgs/msg/DoTimedLedEffectResult.lisp, /home/sandeepan/tiago_public_ws/devel/share/common-lisp/ros/pal_device_msgs/msg/DoTimedLedEffectResult.lisp)
Linked: (/home/sandeepan/tiago_public_ws/devel/.private/pal_device_msgs/share/common-lisp/ros/pal_device_msgs/msg/DoTimedLedEffectActionResult.lisp, /home/sandeepan/tiago_public_ws/devel/share/common-lisp/ros/pal_device_msgs/msg/DoTimedLedEffectActionResult.lisp)
Linked: (/home/sandeepan/tiago_public_ws/devel/.private/pal_device_msgs/share/common-lisp/ros/pal_device_msgs/msg/_package_DoTimedLedEffectResult.lisp, /home/sandeepan/tiago_public_ws/devel/share/common-lisp/ros/pal_device_msgs/msg/_package_DoTimedLedEffectResult.lisp)
Linked: (/home/sandeepan/tiago_public_ws/devel/.private/pal_device_msgs/share/common-lisp/ros/pal_device_msgs/msg/DoTimedLedEffectFeedback.lisp, /home/sandeepan/tiago_public_ws/devel/share/common-lisp/ros/pal_device_msgs/msg/DoTimedLedEffectFeedback.lisp)
Linked: (/home/sandeepan/tiago_public_ws/devel/.private/pal_device_msgs/share/common-lisp/ros/pal_device_msgs/msg/_package_LedDataArrayParams.lisp, /home/sandeepan/tiago_public_ws/devel/share/common-lisp/ros/pal_device_msgs/msg/_package_LedDataArrayParams.lisp)
Linked: (/home/sandeepan/tiago_public_ws/devel/.private/pal_device_msgs/share/common-lisp/ros/pal_device_msgs/msg/LedProgressParams.lisp, /home/sandeepan/tiago_public_ws/devel/share/common-lisp/ros/pal_device_msgs/msg/LedProgressParams.lisp)
Linked: (/home/sandeepan/tiago_public_ws/devel/.private/pal_device_msgs/share/common-lisp/ros/pal_device_msgs/msg/Bumper.lisp, /home/sandeepan/tiago_public_ws/devel/share/common-lisp/ros/pal_device_msgs/msg/Bumper.lisp)
Linked: (/home/sandeepan/tiago_public_ws/devel/.private/pal_device_msgs/share/common-lisp/ros/pal_device_msgs/msg/DoTimedLedEffectActionGoal.lisp, /home/sandeepan/tiago_public_ws/devel/share/common-lisp/ros/pal_device_msgs/msg/DoTimedLedEffectActionGoal.lisp)
Linked: (/home/sandeepan/tiago_public_ws/devel/.private/pal_device_msgs/share/common-lisp/ros/pal_device_msgs/msg/DoTimedLedEffectActionFeedback.lisp, /home/sandeepan/tiago_public_ws/devel/share/common-lisp/ros/pal_device_msgs/msg/DoTimedLedEffectActionFeedback.lisp)
Linked: (/home/sandeepan/tiago_public_ws/devel/.private/pal_device_msgs/share/common-lisp/ros/pal_device_msgs/msg/_package_LedPreProgrammedParams.lisp, /home/sandeepan/tiago_public_ws/devel/share/common-lisp/ros/pal_device_msgs/msg/_package_LedPreProgrammedParams.lisp)
Linked: (/home/sandeepan/tiago_public_ws/devel/.private/pal_device_msgs/share/common-lisp/ros/pal_device_msgs/msg/LedFlowParams.lisp, /home/sandeepan/tiago_public_ws/devel/share/common-lisp/ros/pal_device_msgs/msg/LedFlowParams.lisp)
Linked: (/home/sandeepan/tiago_public_ws/devel/.private/pal_device_msgs/share/common-lisp/ros/pal_device_msgs/msg/BatteryState.lisp, /home/sandeepan/tiago_public_ws/devel/share/common-lisp/ros/pal_device_msgs/msg/BatteryState.lisp)
Linked: (/home/sandeepan/tiago_public_ws/devel/.private/pal_device_msgs/share/common-lisp/ros/pal_device_msgs/msg/_package_DoTimedLedEffectActionGoal.lisp, /home/sandeepan/tiago_public_ws/devel/share/common-lisp/ros/pal_device_msgs/msg/_package_DoTimedLedEffectActionGoal.lisp)
Linked: (/home/sandeepan/tiago_public_ws/devel/.private/pal_device_msgs/share/common-lisp/ros/pal_device_msgs/msg/pal_device_msgs-msg.asd, /home/sandeepan/tiago_public_ws/devel/share/common-lisp/ros/pal_device_msgs/msg/pal_device_msgs-msg.asd)
Linked: (/home/sandeepan/tiago_public_ws/devel/.private/pal_device_msgs/share/common-lisp/ros/pal_device_msgs/msg/LedBlinkParams.lisp, /home/sandeepan/tiago_public_ws/devel/share/common-lisp/ros/pal_device_msgs/msg/LedBlinkParams.lisp)
Linked: (/home/sandeepan/tiago_public_ws/devel/.private/pal_device_msgs/share/common-lisp/ros/pal_device_msgs/msg/_package_DoTimedLedEffectActionResult.lisp, /home/sandeepan/tiago_public_ws/devel/share/common-lisp/ros/pal_device_msgs/msg/_package_DoTimedLedEffectActionResult.lisp)
Linked: (/home/sandeepan/tiago_public_ws/devel/.private/pal_device_msgs/share/common-lisp/ros/pal_device_msgs/msg/_package_LedGroup.lisp, /home/sandeepan/tiago_public_ws/devel/share/common-lisp/ros/pal_device_msgs/msg/_package_LedGroup.lisp)
Linked: (/home/sandeepan/tiago_public_ws/devel/.private/pal_device_msgs/share/common-lisp/ros/pal_device_msgs/msg/_package_DoTimedLedEffectActionFeedback.lisp, /home/sandeepan/tiago_public_ws/devel/share/common-lisp/ros/pal_device_msgs/msg/_package_DoTimedLedEffectActionFeedback.lisp)
Linked: (/home/sandeepan/tiago_public_ws/devel/.private/pal_device_msgs/share/common-lisp/ros/pal_device_msgs/msg/_package_LedFadeParams.lisp, /home/sandeepan/tiago_public_ws/devel/share/common-lisp/ros/pal_device_msgs/msg/_package_LedFadeParams.lisp)
Linked: (/home/sandeepan/tiago_public_ws/devel/.private/pal_device_msgs/share/common-lisp/ros/pal_device_msgs/msg/LedFadeParams.lisp, /home/sandeepan/tiago_public_ws/devel/share/common-lisp/ros/pal_device_msgs/msg/LedFadeParams.lisp)
Linked: (/home/sandeepan/tiago_public_ws/devel/.private/pal_device_msgs/share/common-lisp/ros/pal_device_msgs/msg/DoTimedLedEffectGoal.lisp, /home/sandeepan/tiago_public_ws/devel/share/common-lisp/ros/pal_device_msgs/msg/DoTimedLedEffectGoal.lisp)
Linked: (/home/sandeepan/tiago_public_ws/devel/.private/pal_device_msgs/share/common-lisp/ros/pal_device_msgs/msg/LedEffectParams.lisp, /home/sandeepan/tiago_public_ws/devel/share/common-lisp/ros/pal_device_msgs/msg/LedEffectParams.lisp)
Linked: (/home/sandeepan/tiago_public_ws/devel/.private/pal_device_msgs/share/common-lisp/ros/pal_device_msgs/msg/_package_LedProgressParams.lisp, /home/sandeepan/tiago_public_ws/devel/share/common-lisp/ros/pal_device_msgs/msg/_package_LedProgressParams.lisp)
Linked: (/home/sandeepan/tiago_public_ws/devel/.private/pal_device_msgs/share/common-lisp/ros/pal_device_msgs/msg/_package.lisp, /home/sandeepan/tiago_public_ws/devel/share/common-lisp/ros/pal_device_msgs/msg/_package.lisp)
Linked: (/home/sandeepan/tiago_public_ws/devel/.private/pal_device_msgs/share/common-lisp/ros/pal_device_msgs/msg/_package_LedEffectViaTopicParams.lisp, /home/sandeepan/tiago_public_ws/devel/share/common-lisp/ros/pal_device_msgs/msg/_package_LedEffectViaTopicParams.lisp)
Linked: (/home/sandeepan/tiago_public_ws/devel/.private/pal_device_msgs/share/common-lisp/ros/pal_device_msgs/msg/_package_Bumper.lisp, /home/sandeepan/tiago_public_ws/devel/share/common-lisp/ros/pal_device_msgs/msg/_package_Bumper.lisp)
Linked: (/home/sandeepan/tiago_public_ws/devel/.private/pal_device_msgs/share/common-lisp/ros/pal_device_msgs/msg/LedGroup.lisp, /home/sandeepan/tiago_public_ws/devel/share/common-lisp/ros/pal_device_msgs/msg/LedGroup.lisp)
Linked: (/home/sandeepan/tiago_public_ws/devel/.private/pal_device_msgs/share/common-lisp/ros/pal_device_msgs/msg/_package_DoTimedLedEffectFeedback.lisp, /home/sandeepan/tiago_public_ws/devel/share/common-lisp/ros/pal_device_msgs/msg/_package_DoTimedLedEffectFeedback.lisp)
Linked: (/home/sandeepan/tiago_public_ws/devel/.private/pal_device_msgs/share/common-lisp/ros/pal_device_msgs/msg/LedEffectViaTopicParams.lisp, /home/sandeepan/tiago_public_ws/devel/share/common-lisp/ros/pal_device_msgs/msg/LedEffectViaTopicParams.lisp)
Linked: (/home/sandeepan/tiago_public_ws/devel/.private/pal_device_msgs/share/common-lisp/ros/pal_device_msgs/msg/LedFixedColorParams.lisp, /home/sandeepan/tiago_public_ws/devel/share/common-lisp/ros/pal_device_msgs/msg/LedFixedColorParams.lisp)
Linked: (/home/sandeepan/tiago_public_ws/devel/.private/pal_device_msgs/share/common-lisp/ros/pal_device_msgs/msg/_package_LedFixedColorParams.lisp, /home/sandeepan/tiago_public_ws/devel/share/common-lisp/ros/pal_device_msgs/msg/_package_LedFixedColorParams.lisp)
Linked: (/home/sandeepan/tiago_public_ws/devel/.private/pal_device_msgs/share/common-lisp/ros/pal_device_msgs/msg/LedPreProgrammedParams.lisp, /home/sandeepan/tiago_public_ws/devel/share/common-lisp/ros/pal_device_msgs/msg/LedPreProgrammedParams.lisp)
Linked: (/home/sandeepan/tiago_public_ws/devel/.private/pal_device_msgs/share/common-lisp/ros/pal_device_msgs/msg/_package_DoTimedLedEffectGoal.lisp, /home/sandeepan/tiago_public_ws/devel/share/common-lisp/ros/pal_device_msgs/msg/_package_DoTimedLedEffectGoal.lisp)
Linked: (/home/sandeepan/tiago_public_ws/devel/.private/pal_device_msgs/share/common-lisp/ros/pal_device_msgs/msg/_package_DoTimedLedEffectAction.lisp, /home/sandeepan/tiago_public_ws/devel/share/common-lisp/ros/pal_device_msgs/msg/_package_DoTimedLedEffectAction.lisp)
Linked: (/home/sandeepan/tiago_public_ws/devel/.private/pal_device_msgs/share/common-lisp/ros/pal_device_msgs/msg/LedRainbowParams.lisp, /home/sandeepan/tiago_public_ws/devel/share/common-lisp/ros/pal_device_msgs/msg/LedRainbowParams.lisp)
Linked: (/home/sandeepan/tiago_public_ws/devel/.private/pal_device_msgs/share/common-lisp/ros/pal_device_msgs/msg/_package_BatteryState.lisp, /home/sandeepan/tiago_public_ws/devel/share/common-lisp/ros/pal_device_msgs/msg/_package_BatteryState.lisp)
Linked: (/home/sandeepan/tiago_public_ws/devel/.private/pal_device_msgs/share/common-lisp/ros/pal_device_msgs/msg/_package_LedFlowParams.lisp, /home/sandeepan/tiago_public_ws/devel/share/common-lisp/ros/pal_device_msgs/msg/_package_LedFlowParams.lisp)
Linked: (/home/sandeepan/tiago_public_ws/devel/.private/pal_device_msgs/share/common-lisp/ros/pal_device_msgs/msg/_package_LedRainbowParams.lisp, /home/sandeepan/tiago_public_ws/devel/share/common-lisp/ros/pal_device_msgs/msg/_package_LedRainbowParams.lisp)
Linked: (/home/sandeepan/tiago_public_ws/devel/.private/pal_device_msgs/share/common-lisp/ros/pal_device_msgs/msg/_package_LedEffectParams.lisp, /home/sandeepan/tiago_public_ws/devel/share/common-lisp/ros/pal_device_msgs/msg/_package_LedEffectParams.lisp)
Linked: (/home/sandeepan/tiago_public_ws/devel/.private/pal_device_msgs/share/common-lisp/ros/pal_device_msgs/msg/LedDataArrayParams.lisp, /home/sandeepan/tiago_public_ws/devel/share/common-lisp/ros/pal_device_msgs/msg/LedDataArrayParams.lisp)
Linked: (/home/sandeepan/tiago_public_ws/devel/.private/pal_device_msgs/lib/python2.7/dist-packages/pal_device_msgs/__init__.py, /home/sandeepan/tiago_public_ws/devel/lib/python2.7/dist-packages/pal_device_msgs/__init__.py)
Linked: (/home/sandeepan/tiago_public_ws/devel/.private/pal_device_msgs/lib/python2.7/dist-packages/pal_device_msgs/srv/_TimedFadeEffect.py, /home/sandeepan/tiago_public_ws/devel/lib/python2.7/dist-packages/pal_device_msgs/srv/_TimedFadeEffect.py)
Linked: (/home/sandeepan/tiago_public_ws/devel/.private/pal_device_msgs/lib/python2.7/dist-packages/pal_device_msgs/srv/__init__.py, /home/sandeepan/tiago_public_ws/devel/lib/python2.7/dist-packages/pal_device_msgs/srv/__init__.py)
Linked: (/home/sandeepan/tiago_public_ws/devel/.private/pal_device_msgs/lib/python2.7/dist-packages/pal_device_msgs/srv/_CancelEffect.py, /home/sandeepan/tiago_public_ws/devel/lib/python2.7/dist-packages/pal_device_msgs/srv/_CancelEffect.py)
Linked: (/home/sandeepan/tiago_public_ws/devel/.private/pal_device_msgs/lib/python2.7/dist-packages/pal_device_msgs/srv/_TimedColourEffect.py, /home/sandeepan/tiago_public_ws/devel/lib/python2.7/dist-packages/pal_device_msgs/srv/_TimedColourEffect.py)
Linked: (/home/sandeepan/tiago_public_ws/devel/.private/pal_device_msgs/lib/python2.7/dist-packages/pal_device_msgs/srv/_ShutdownAndWakeUpRobot.py, /home/sandeepan/tiago_public_ws/devel/lib/python2.7/dist-packages/pal_device_msgs/srv/_ShutdownAndWakeUpRobot.py)
Linked: (/home/sandeepan/tiago_public_ws/devel/.private/pal_device_msgs/lib/python2.7/dist-packages/pal_device_msgs/srv/_TimedBlinkEffect.py, /home/sandeepan/tiago_public_ws/devel/lib/python2.7/dist-packages/pal_device_msgs/srv/_TimedBlinkEffect.py)
Linked: (/home/sandeepan/tiago_public_ws/devel/.private/pal_device_msgs/lib/python2.7/dist-packages/pal_device_msgs/msg/__init__.py, /home/sandeepan/tiago_public_ws/devel/lib/python2.7/dist-packages/pal_device_msgs/msg/__init__.py)
Linked: (/home/sandeepan/tiago_public_ws/devel/.private/pal_device_msgs/lib/python2.7/dist-packages/pal_device_msgs/msg/_DoTimedLedEffectResult.py, /home/sandeepan/tiago_public_ws/devel/lib/python2.7/dist-packages/pal_device_msgs/msg/_DoTimedLedEffectResult.py)
Linked: (/home/sandeepan/tiago_public_ws/devel/.private/pal_device_msgs/lib/python2.7/dist-packages/pal_device_msgs/msg/_LedPreProgrammedParams.py, /home/sandeepan/tiago_public_ws/devel/lib/python2.7/dist-packages/pal_device_msgs/msg/_LedPreProgrammedParams.py)
Linked: (/home/sandeepan/tiago_public_ws/devel/.private/pal_device_msgs/lib/python2.7/dist-packages/pal_device_msgs/msg/_LedEffectViaTopicParams.py, /home/sandeepan/tiago_public_ws/devel/lib/python2.7/dist-packages/pal_device_msgs/msg/_LedEffectViaTopicParams.py)
Linked: (/home/sandeepan/tiago_public_ws/devel/.private/pal_device_msgs/lib/python2.7/dist-packages/pal_device_msgs/msg/_DoTimedLedEffectActionFeedback.py, /home/sandeepan/tiago_public_ws/devel/lib/python2.7/dist-packages/pal_device_msgs/msg/_DoTimedLedEffectActionFeedback.py)
Linked: (/home/sandeepan/tiago_public_ws/devel/.private/pal_device_msgs/lib/python2.7/dist-packages/pal_device_msgs/msg/_DoTimedLedEffectFeedback.py, /home/sandeepan/tiago_public_ws/devel/lib/python2.7/dist-packages/pal_device_msgs/msg/_DoTimedLedEffectFeedback.py)
Linked: (/home/sandeepan/tiago_public_ws/devel/.private/pal_device_msgs/lib/python2.7/dist-packages/pal_device_msgs/msg/_LedFixedColorParams.py, /home/sandeepan/tiago_public_ws/devel/lib/python2.7/dist-packages/pal_device_msgs/msg/_LedFixedColorParams.py)
Linked: (/home/sandeepan/tiago_public_ws/devel/.private/pal_device_msgs/lib/python2.7/dist-packages/pal_device_msgs/msg/_LedProgressParams.py, /home/sandeepan/tiago_public_ws/devel/lib/python2.7/dist-packages/pal_device_msgs/msg/_LedProgressParams.py)
Linked: (/home/sandeepan/tiago_public_ws/devel/.private/pal_device_msgs/lib/python2.7/dist-packages/pal_device_msgs/msg/_DoTimedLedEffectGoal.py, /home/sandeepan/tiago_public_ws/devel/lib/python2.7/dist-packages/pal_device_msgs/msg/_DoTimedLedEffectGoal.py)
Linked: (/home/sandeepan/tiago_public_ws/devel/.private/pal_device_msgs/lib/python2.7/dist-packages/pal_device_msgs/msg/_LedFadeParams.py, /home/sandeepan/tiago_public_ws/devel/lib/python2.7/dist-packages/pal_device_msgs/msg/_LedFadeParams.py)
Linked: (/home/sandeepan/tiago_public_ws/devel/.private/pal_device_msgs/lib/python2.7/dist-packages/pal_device_msgs/msg/_LedFlowParams.py, /home/sandeepan/tiago_public_ws/devel/lib/python2.7/dist-packages/pal_device_msgs/msg/_LedFlowParams.py)
Linked: (/home/sandeepan/tiago_public_ws/devel/.private/pal_device_msgs/lib/python2.7/dist-packages/pal_device_msgs/msg/_DoTimedLedEffectActionResult.py, /home/sandeepan/tiago_public_ws/devel/lib/python2.7/dist-packages/pal_device_msgs/msg/_DoTimedLedEffectActionResult.py)
Linked: (/home/sandeepan/tiago_public_ws/devel/.private/pal_device_msgs/lib/python2.7/dist-packages/pal_device_msgs/msg/_LedEffectParams.py, /home/sandeepan/tiago_public_ws/devel/lib/python2.7/dist-packages/pal_device_msgs/msg/_LedEffectParams.py)
Linked: (/home/sandeepan/tiago_public_ws/devel/.private/pal_device_msgs/lib/python2.7/dist-packages/pal_device_msgs/msg/_BatteryState.py, /home/sandeepan/tiago_public_ws/devel/lib/python2.7/dist-packages/pal_device_msgs/msg/_BatteryState.py)
Linked: (/home/sandeepan/tiago_public_ws/devel/.private/pal_device_msgs/lib/python2.7/dist-packages/pal_device_msgs/msg/_Bumper.py, /home/sandeepan/tiago_public_ws/devel/lib/python2.7/dist-packages/pal_device_msgs/msg/_Bumper.py)
Linked: (/home/sandeepan/tiago_public_ws/devel/.private/pal_device_msgs/lib/python2.7/dist-packages/pal_device_msgs/msg/_LedGroup.py, /home/sandeepan/tiago_public_ws/devel/lib/python2.7/dist-packages/pal_device_msgs/msg/_LedGroup.py)
Linked: (/home/sandeepan/tiago_public_ws/devel/.private/pal_device_msgs/lib/python2.7/dist-packages/pal_device_msgs/msg/_LedRainbowParams.py, /home/sandeepan/tiago_public_ws/devel/lib/python2.7/dist-packages/pal_device_msgs/msg/_LedRainbowParams.py)
Linked: (/home/sandeepan/tiago_public_ws/devel/.private/pal_device_msgs/lib/python2.7/dist-packages/pal_device_msgs/msg/_LedDataArrayParams.py, /home/sandeepan/tiago_public_ws/devel/lib/python2.7/dist-packages/pal_device_msgs/msg/_LedDataArrayParams.py)
Linked: (/home/sandeepan/tiago_public_ws/devel/.private/pal_device_msgs/lib/python2.7/dist-packages/pal_device_msgs/msg/_DoTimedLedEffectAction.py, /home/sandeepan/tiago_public_ws/devel/lib/python2.7/dist-packages/pal_device_msgs/msg/_DoTimedLedEffectAction.py)
Linked: (/home/sandeepan/tiago_public_ws/devel/.private/pal_device_msgs/lib/python2.7/dist-packages/pal_device_msgs/msg/_DoTimedLedEffectActionGoal.py, /home/sandeepan/tiago_public_ws/devel/lib/python2.7/dist-packages/pal_device_msgs/msg/_DoTimedLedEffectActionGoal.py)
Linked: (/home/sandeepan/tiago_public_ws/devel/.private/pal_device_msgs/lib/python2.7/dist-packages/pal_device_msgs/msg/_LedBlinkParams.py, /home/sandeepan/tiago_public_ws/devel/lib/python2.7/dist-packages/pal_device_msgs/msg/_LedBlinkParams.py)
Linked: (/home/sandeepan/tiago_public_ws/devel/.private/pal_device_msgs/lib/pkgconfig/pal_device_msgs.pc, /home/sandeepan/tiago_public_ws/devel/lib/pkgconfig/pal_device_msgs.pc)
