Linked: (/home/sandeepan/tiago_public_ws/devel/.private/pal_interaction_msgs/include/pal_interaction_msgs/SoundFeedback.h, /home/sandeepan/tiago_public_ws/devel/include/pal_interaction_msgs/SoundFeedback.h)
Linked: (/home/sandeepan/tiago_public_ws/devel/.private/pal_interaction_msgs/include/pal_interaction_msgs/ASRFileActionFeedback.h, /home/sandeepan/tiago_public_ws/devel/include/pal_interaction_msgs/ASRFileActionFeedback.h)
Linked: (/home/sandeepan/tiago_public_ws/devel/.private/pal_interaction_msgs/include/pal_interaction_msgs/TtsMark.h, /home/sandeepan/tiago_public_ws/devel/include/pal_interaction_msgs/TtsMark.h)
Linked: (/home/sandeepan/tiago_public_ws/devel/.private/pal_interaction_msgs/include/pal_interaction_msgs/recognizerServiceRequest.h, /home/sandeepan/tiago_public_ws/devel/include/pal_interaction_msgs/recognizerServiceRequest.h)
Linked: (/home/sandeepan/tiago_public_ws/devel/.private/pal_interaction_msgs/include/pal_interaction_msgs/AudioPlayGoal.h, /home/sandeepan/tiago_public_ws/devel/include/pal_interaction_msgs/AudioPlayGoal.h)
Linked: (/home/sandeepan/tiago_public_ws/devel/.private/pal_interaction_msgs/include/pal_interaction_msgs/AudioPlayActionFeedback.h, /home/sandeepan/tiago_public_ws/devel/include/pal_interaction_msgs/AudioPlayActionFeedback.h)
Linked: (/home/sandeepan/tiago_public_ws/devel/.private/pal_interaction_msgs/include/pal_interaction_msgs/ASRFileGoal.h, /home/sandeepan/tiago_public_ws/devel/include/pal_interaction_msgs/ASRFileGoal.h)
Linked: (/home/sandeepan/tiago_public_ws/devel/.private/pal_interaction_msgs/include/pal_interaction_msgs/ASRFileResult.h, /home/sandeepan/tiago_public_ws/devel/include/pal_interaction_msgs/ASRFileResult.h)
Linked: (/home/sandeepan/tiago_public_ws/devel/.private/pal_interaction_msgs/include/pal_interaction_msgs/I18nText.h, /home/sandeepan/tiago_public_ws/devel/include/pal_interaction_msgs/I18nText.h)
Linked: (/home/sandeepan/tiago_public_ws/devel/.private/pal_interaction_msgs/include/pal_interaction_msgs/EnablingSoundLocalisation.h, /home/sandeepan/tiago_public_ws/devel/include/pal_interaction_msgs/EnablingSoundLocalisation.h)
Linked: (/home/sandeepan/tiago_public_ws/devel/.private/pal_interaction_msgs/include/pal_interaction_msgs/TTSstate.h, /home/sandeepan/tiago_public_ws/devel/include/pal_interaction_msgs/TTSstate.h)
Linked: (/home/sandeepan/tiago_public_ws/devel/.private/pal_interaction_msgs/include/pal_interaction_msgs/AudioPlayActionGoal.h, /home/sandeepan/tiago_public_ws/devel/include/pal_interaction_msgs/AudioPlayActionGoal.h)
Linked: (/home/sandeepan/tiago_public_ws/devel/.private/pal_interaction_msgs/include/pal_interaction_msgs/SoundActionResult.h, /home/sandeepan/tiago_public_ws/devel/include/pal_interaction_msgs/SoundActionResult.h)
Linked: (/home/sandeepan/tiago_public_ws/devel/.private/pal_interaction_msgs/include/pal_interaction_msgs/ASRFileActionGoal.h, /home/sandeepan/tiago_public_ws/devel/include/pal_interaction_msgs/ASRFileActionGoal.h)
Linked: (/home/sandeepan/tiago_public_ws/devel/.private/pal_interaction_msgs/include/pal_interaction_msgs/AudioDeviceDescription.h, /home/sandeepan/tiago_public_ws/devel/include/pal_interaction_msgs/AudioDeviceDescription.h)
Linked: (/home/sandeepan/tiago_public_ws/devel/.private/pal_interaction_msgs/include/pal_interaction_msgs/ASRFileActionResult.h, /home/sandeepan/tiago_public_ws/devel/include/pal_interaction_msgs/ASRFileActionResult.h)
Linked: (/home/sandeepan/tiago_public_ws/devel/.private/pal_interaction_msgs/include/pal_interaction_msgs/asrupdate.h, /home/sandeepan/tiago_public_ws/devel/include/pal_interaction_msgs/asrupdate.h)
Linked: (/home/sandeepan/tiago_public_ws/devel/.private/pal_interaction_msgs/include/pal_interaction_msgs/AudioPlayFeedback.h, /home/sandeepan/tiago_public_ws/devel/include/pal_interaction_msgs/AudioPlayFeedback.h)
Linked: (/home/sandeepan/tiago_public_ws/devel/.private/pal_interaction_msgs/include/pal_interaction_msgs/TtsActionResult.h, /home/sandeepan/tiago_public_ws/devel/include/pal_interaction_msgs/TtsActionResult.h)
Linked: (/home/sandeepan/tiago_public_ws/devel/.private/pal_interaction_msgs/include/pal_interaction_msgs/AudioPlayResult.h, /home/sandeepan/tiago_public_ws/devel/include/pal_interaction_msgs/AudioPlayResult.h)
Linked: (/home/sandeepan/tiago_public_ws/devel/.private/pal_interaction_msgs/include/pal_interaction_msgs/TtsActionFeedback.h, /home/sandeepan/tiago_public_ws/devel/include/pal_interaction_msgs/TtsActionFeedback.h)
Linked: (/home/sandeepan/tiago_public_ws/devel/.private/pal_interaction_msgs/include/pal_interaction_msgs/SoundAction.h, /home/sandeepan/tiago_public_ws/devel/include/pal_interaction_msgs/SoundAction.h)
Linked: (/home/sandeepan/tiago_public_ws/devel/.private/pal_interaction_msgs/include/pal_interaction_msgs/ASRService.h, /home/sandeepan/tiago_public_ws/devel/include/pal_interaction_msgs/ASRService.h)
Linked: (/home/sandeepan/tiago_public_ws/devel/.private/pal_interaction_msgs/include/pal_interaction_msgs/TtsActionGoal.h, /home/sandeepan/tiago_public_ws/devel/include/pal_interaction_msgs/TtsActionGoal.h)
Linked: (/home/sandeepan/tiago_public_ws/devel/.private/pal_interaction_msgs/include/pal_interaction_msgs/SoundResult.h, /home/sandeepan/tiago_public_ws/devel/include/pal_interaction_msgs/SoundResult.h)
Linked: (/home/sandeepan/tiago_public_ws/devel/.private/pal_interaction_msgs/include/pal_interaction_msgs/TtsResult.h, /home/sandeepan/tiago_public_ws/devel/include/pal_interaction_msgs/TtsResult.h)
Linked: (/home/sandeepan/tiago_public_ws/devel/.private/pal_interaction_msgs/include/pal_interaction_msgs/SoundLocalisationServiceResponse.h, /home/sandeepan/tiago_public_ws/devel/include/pal_interaction_msgs/SoundLocalisationServiceResponse.h)
Linked: (/home/sandeepan/tiago_public_ws/devel/.private/pal_interaction_msgs/include/pal_interaction_msgs/SoundActionGoal.h, /home/sandeepan/tiago_public_ws/devel/include/pal_interaction_msgs/SoundActionGoal.h)
Linked: (/home/sandeepan/tiago_public_ws/devel/.private/pal_interaction_msgs/include/pal_interaction_msgs/AudioPlayerState.h, /home/sandeepan/tiago_public_ws/devel/include/pal_interaction_msgs/AudioPlayerState.h)
Linked: (/home/sandeepan/tiago_public_ws/devel/.private/pal_interaction_msgs/include/pal_interaction_msgs/ASRServiceRequest.h, /home/sandeepan/tiago_public_ws/devel/include/pal_interaction_msgs/ASRServiceRequest.h)
Linked: (/home/sandeepan/tiago_public_ws/devel/.private/pal_interaction_msgs/include/pal_interaction_msgs/recognizerService.h, /home/sandeepan/tiago_public_ws/devel/include/pal_interaction_msgs/recognizerService.h)
Linked: (/home/sandeepan/tiago_public_ws/devel/.private/pal_interaction_msgs/include/pal_interaction_msgs/WebGuiEvent.h, /home/sandeepan/tiago_public_ws/devel/include/pal_interaction_msgs/WebGuiEvent.h)
Linked: (/home/sandeepan/tiago_public_ws/devel/.private/pal_interaction_msgs/include/pal_interaction_msgs/ASRLanguage.h, /home/sandeepan/tiago_public_ws/devel/include/pal_interaction_msgs/ASRLanguage.h)
Linked: (/home/sandeepan/tiago_public_ws/devel/.private/pal_interaction_msgs/include/pal_interaction_msgs/ASRStatus.h, /home/sandeepan/tiago_public_ws/devel/include/pal_interaction_msgs/ASRStatus.h)
Linked: (/home/sandeepan/tiago_public_ws/devel/.private/pal_interaction_msgs/include/pal_interaction_msgs/TtsFeedback.h, /home/sandeepan/tiago_public_ws/devel/include/pal_interaction_msgs/TtsFeedback.h)
Linked: (/home/sandeepan/tiago_public_ws/devel/.private/pal_interaction_msgs/include/pal_interaction_msgs/AudioPlayAction.h, /home/sandeepan/tiago_public_ws/devel/include/pal_interaction_msgs/AudioPlayAction.h)
Linked: (/home/sandeepan/tiago_public_ws/devel/.private/pal_interaction_msgs/include/pal_interaction_msgs/ASRServiceResponse.h, /home/sandeepan/tiago_public_ws/devel/include/pal_interaction_msgs/ASRServiceResponse.h)
Linked: (/home/sandeepan/tiago_public_ws/devel/.private/pal_interaction_msgs/include/pal_interaction_msgs/SoundActionFeedback.h, /home/sandeepan/tiago_public_ws/devel/include/pal_interaction_msgs/SoundActionFeedback.h)
Linked: (/home/sandeepan/tiago_public_ws/devel/.private/pal_interaction_msgs/include/pal_interaction_msgs/asrresult.h, /home/sandeepan/tiago_public_ws/devel/include/pal_interaction_msgs/asrresult.h)
Linked: (/home/sandeepan/tiago_public_ws/devel/.private/pal_interaction_msgs/include/pal_interaction_msgs/TtsText.h, /home/sandeepan/tiago_public_ws/devel/include/pal_interaction_msgs/TtsText.h)
Linked: (/home/sandeepan/tiago_public_ws/devel/.private/pal_interaction_msgs/include/pal_interaction_msgs/SoundLocalisationServiceRequest.h, /home/sandeepan/tiago_public_ws/devel/include/pal_interaction_msgs/SoundLocalisationServiceRequest.h)
Linked: (/home/sandeepan/tiago_public_ws/devel/.private/pal_interaction_msgs/include/pal_interaction_msgs/recognizerServiceResponse.h, /home/sandeepan/tiago_public_ws/devel/include/pal_interaction_msgs/recognizerServiceResponse.h)
Linked: (/home/sandeepan/tiago_public_ws/devel/.private/pal_interaction_msgs/include/pal_interaction_msgs/DirectionOfArrival.h, /home/sandeepan/tiago_public_ws/devel/include/pal_interaction_msgs/DirectionOfArrival.h)
Linked: (/home/sandeepan/tiago_public_ws/devel/.private/pal_interaction_msgs/include/pal_interaction_msgs/ASRLangModelMngmt.h, /home/sandeepan/tiago_public_ws/devel/include/pal_interaction_msgs/ASRLangModelMngmt.h)
Linked: (/home/sandeepan/tiago_public_ws/devel/.private/pal_interaction_msgs/include/pal_interaction_msgs/TtsGoal.h, /home/sandeepan/tiago_public_ws/devel/include/pal_interaction_msgs/TtsGoal.h)
Linked: (/home/sandeepan/tiago_public_ws/devel/.private/pal_interaction_msgs/include/pal_interaction_msgs/ASRSrvRequest.h, /home/sandeepan/tiago_public_ws/devel/include/pal_interaction_msgs/ASRSrvRequest.h)
Linked: (/home/sandeepan/tiago_public_ws/devel/.private/pal_interaction_msgs/include/pal_interaction_msgs/Input.h, /home/sandeepan/tiago_public_ws/devel/include/pal_interaction_msgs/Input.h)
Linked: (/home/sandeepan/tiago_public_ws/devel/.private/pal_interaction_msgs/include/pal_interaction_msgs/TtsAction.h, /home/sandeepan/tiago_public_ws/devel/include/pal_interaction_msgs/TtsAction.h)
Linked: (/home/sandeepan/tiago_public_ws/devel/.private/pal_interaction_msgs/include/pal_interaction_msgs/VoiceActivity.h, /home/sandeepan/tiago_public_ws/devel/include/pal_interaction_msgs/VoiceActivity.h)
Linked: (/home/sandeepan/tiago_public_ws/devel/.private/pal_interaction_msgs/include/pal_interaction_msgs/SoundGoal.h, /home/sandeepan/tiago_public_ws/devel/include/pal_interaction_msgs/SoundGoal.h)
Linked: (/home/sandeepan/tiago_public_ws/devel/.private/pal_interaction_msgs/include/pal_interaction_msgs/AudioPlayActionResult.h, /home/sandeepan/tiago_public_ws/devel/include/pal_interaction_msgs/AudioPlayActionResult.h)
Linked: (/home/sandeepan/tiago_public_ws/devel/.private/pal_interaction_msgs/include/pal_interaction_msgs/I18nArgument.h, /home/sandeepan/tiago_public_ws/devel/include/pal_interaction_msgs/I18nArgument.h)
Linked: (/home/sandeepan/tiago_public_ws/devel/.private/pal_interaction_msgs/include/pal_interaction_msgs/ASRFileAction.h, /home/sandeepan/tiago_public_ws/devel/include/pal_interaction_msgs/ASRFileAction.h)
Linked: (/home/sandeepan/tiago_public_ws/devel/.private/pal_interaction_msgs/include/pal_interaction_msgs/actiontag.h, /home/sandeepan/tiago_public_ws/devel/include/pal_interaction_msgs/actiontag.h)
Linked: (/home/sandeepan/tiago_public_ws/devel/.private/pal_interaction_msgs/include/pal_interaction_msgs/SoundLocalisationService.h, /home/sandeepan/tiago_public_ws/devel/include/pal_interaction_msgs/SoundLocalisationService.h)
Linked: (/home/sandeepan/tiago_public_ws/devel/.private/pal_interaction_msgs/include/pal_interaction_msgs/ASRSrvResponse.h, /home/sandeepan/tiago_public_ws/devel/include/pal_interaction_msgs/ASRSrvResponse.h)
Linked: (/home/sandeepan/tiago_public_ws/devel/.private/pal_interaction_msgs/include/pal_interaction_msgs/InputArgument.h, /home/sandeepan/tiago_public_ws/devel/include/pal_interaction_msgs/InputArgument.h)
Linked: (/home/sandeepan/tiago_public_ws/devel/.private/pal_interaction_msgs/include/pal_interaction_msgs/audiosignal.h, /home/sandeepan/tiago_public_ws/devel/include/pal_interaction_msgs/audiosignal.h)
Linked: (/home/sandeepan/tiago_public_ws/devel/.private/pal_interaction_msgs/include/pal_interaction_msgs/ASRActivation.h, /home/sandeepan/tiago_public_ws/devel/include/pal_interaction_msgs/ASRActivation.h)
Linked: (/home/sandeepan/tiago_public_ws/devel/.private/pal_interaction_msgs/include/pal_interaction_msgs/ASREvent.h, /home/sandeepan/tiago_public_ws/devel/include/pal_interaction_msgs/ASREvent.h)
Linked: (/home/sandeepan/tiago_public_ws/devel/.private/pal_interaction_msgs/include/pal_interaction_msgs/ASRFileFeedback.h, /home/sandeepan/tiago_public_ws/devel/include/pal_interaction_msgs/ASRFileFeedback.h)
Linked: (/home/sandeepan/tiago_public_ws/devel/.private/pal_interaction_msgs/share/pal_interaction_msgs/cmake/pal_interaction_msgsConfig-version.cmake, /home/sandeepan/tiago_public_ws/devel/share/pal_interaction_msgs/cmake/pal_interaction_msgsConfig-version.cmake)
Linked: (/home/sandeepan/tiago_public_ws/devel/.private/pal_interaction_msgs/share/pal_interaction_msgs/cmake/pal_interaction_msgs-msg-extras.cmake, /home/sandeepan/tiago_public_ws/devel/share/pal_interaction_msgs/cmake/pal_interaction_msgs-msg-extras.cmake)
Linked: (/home/sandeepan/tiago_public_ws/devel/.private/pal_interaction_msgs/share/pal_interaction_msgs/cmake/pal_interaction_msgs-msg-paths.cmake, /home/sandeepan/tiago_public_ws/devel/share/pal_interaction_msgs/cmake/pal_interaction_msgs-msg-paths.cmake)
Linked: (/home/sandeepan/tiago_public_ws/devel/.private/pal_interaction_msgs/share/pal_interaction_msgs/cmake/pal_interaction_msgsConfig.cmake, /home/sandeepan/tiago_public_ws/devel/share/pal_interaction_msgs/cmake/pal_interaction_msgsConfig.cmake)
Linked: (/home/sandeepan/tiago_public_ws/devel/.private/pal_interaction_msgs/share/pal_interaction_msgs/msg/TtsActionGoal.msg, /home/sandeepan/tiago_public_ws/devel/share/pal_interaction_msgs/msg/TtsActionGoal.msg)
Linked: (/home/sandeepan/tiago_public_ws/devel/.private/pal_interaction_msgs/share/pal_interaction_msgs/msg/SoundFeedback.msg, /home/sandeepan/tiago_public_ws/devel/share/pal_interaction_msgs/msg/SoundFeedback.msg)
Linked: (/home/sandeepan/tiago_public_ws/devel/.private/pal_interaction_msgs/share/pal_interaction_msgs/msg/SoundActionGoal.msg, /home/sandeepan/tiago_public_ws/devel/share/pal_interaction_msgs/msg/SoundActionGoal.msg)
Linked: (/home/sandeepan/tiago_public_ws/devel/.private/pal_interaction_msgs/share/pal_interaction_msgs/msg/TtsActionFeedback.msg, /home/sandeepan/tiago_public_ws/devel/share/pal_interaction_msgs/msg/TtsActionFeedback.msg)
Linked: (/home/sandeepan/tiago_public_ws/devel/.private/pal_interaction_msgs/share/pal_interaction_msgs/msg/AudioPlayAction.msg, /home/sandeepan/tiago_public_ws/devel/share/pal_interaction_msgs/msg/AudioPlayAction.msg)
Linked: (/home/sandeepan/tiago_public_ws/devel/.private/pal_interaction_msgs/share/pal_interaction_msgs/msg/ASRFileAction.msg, /home/sandeepan/tiago_public_ws/devel/share/pal_interaction_msgs/msg/ASRFileAction.msg)
Linked: (/home/sandeepan/tiago_public_ws/devel/.private/pal_interaction_msgs/share/pal_interaction_msgs/msg/AudioPlayActionResult.msg, /home/sandeepan/tiago_public_ws/devel/share/pal_interaction_msgs/msg/AudioPlayActionResult.msg)
Linked: (/home/sandeepan/tiago_public_ws/devel/.private/pal_interaction_msgs/share/pal_interaction_msgs/msg/TtsAction.msg, /home/sandeepan/tiago_public_ws/devel/share/pal_interaction_msgs/msg/TtsAction.msg)
Linked: (/home/sandeepan/tiago_public_ws/devel/.private/pal_interaction_msgs/share/pal_interaction_msgs/msg/TtsActionResult.msg, /home/sandeepan/tiago_public_ws/devel/share/pal_interaction_msgs/msg/TtsActionResult.msg)
Linked: (/home/sandeepan/tiago_public_ws/devel/.private/pal_interaction_msgs/share/pal_interaction_msgs/msg/ASRFileActionGoal.msg, /home/sandeepan/tiago_public_ws/devel/share/pal_interaction_msgs/msg/ASRFileActionGoal.msg)
Linked: (/home/sandeepan/tiago_public_ws/devel/.private/pal_interaction_msgs/share/pal_interaction_msgs/msg/TtsGoal.msg, /home/sandeepan/tiago_public_ws/devel/share/pal_interaction_msgs/msg/TtsGoal.msg)
Linked: (/home/sandeepan/tiago_public_ws/devel/.private/pal_interaction_msgs/share/pal_interaction_msgs/msg/ASRFileActionResult.msg, /home/sandeepan/tiago_public_ws/devel/share/pal_interaction_msgs/msg/ASRFileActionResult.msg)
Linked: (/home/sandeepan/tiago_public_ws/devel/.private/pal_interaction_msgs/share/pal_interaction_msgs/msg/ASRFileActionFeedback.msg, /home/sandeepan/tiago_public_ws/devel/share/pal_interaction_msgs/msg/ASRFileActionFeedback.msg)
Linked: (/home/sandeepan/tiago_public_ws/devel/.private/pal_interaction_msgs/share/pal_interaction_msgs/msg/AudioPlayFeedback.msg, /home/sandeepan/tiago_public_ws/devel/share/pal_interaction_msgs/msg/AudioPlayFeedback.msg)
Linked: (/home/sandeepan/tiago_public_ws/devel/.private/pal_interaction_msgs/share/pal_interaction_msgs/msg/TtsResult.msg, /home/sandeepan/tiago_public_ws/devel/share/pal_interaction_msgs/msg/TtsResult.msg)
Linked: (/home/sandeepan/tiago_public_ws/devel/.private/pal_interaction_msgs/share/pal_interaction_msgs/msg/AudioPlayGoal.msg, /home/sandeepan/tiago_public_ws/devel/share/pal_interaction_msgs/msg/AudioPlayGoal.msg)
Linked: (/home/sandeepan/tiago_public_ws/devel/.private/pal_interaction_msgs/share/pal_interaction_msgs/msg/ASRFileGoal.msg, /home/sandeepan/tiago_public_ws/devel/share/pal_interaction_msgs/msg/ASRFileGoal.msg)
Linked: (/home/sandeepan/tiago_public_ws/devel/.private/pal_interaction_msgs/share/pal_interaction_msgs/msg/ASRFileResult.msg, /home/sandeepan/tiago_public_ws/devel/share/pal_interaction_msgs/msg/ASRFileResult.msg)
Linked: (/home/sandeepan/tiago_public_ws/devel/.private/pal_interaction_msgs/share/pal_interaction_msgs/msg/TtsFeedback.msg, /home/sandeepan/tiago_public_ws/devel/share/pal_interaction_msgs/msg/TtsFeedback.msg)
Linked: (/home/sandeepan/tiago_public_ws/devel/.private/pal_interaction_msgs/share/pal_interaction_msgs/msg/AudioPlayActionFeedback.msg, /home/sandeepan/tiago_public_ws/devel/share/pal_interaction_msgs/msg/AudioPlayActionFeedback.msg)
Linked: (/home/sandeepan/tiago_public_ws/devel/.private/pal_interaction_msgs/share/pal_interaction_msgs/msg/SoundResult.msg, /home/sandeepan/tiago_public_ws/devel/share/pal_interaction_msgs/msg/SoundResult.msg)
Linked: (/home/sandeepan/tiago_public_ws/devel/.private/pal_interaction_msgs/share/pal_interaction_msgs/msg/SoundAction.msg, /home/sandeepan/tiago_public_ws/devel/share/pal_interaction_msgs/msg/SoundAction.msg)
Linked: (/home/sandeepan/tiago_public_ws/devel/.private/pal_interaction_msgs/share/pal_interaction_msgs/msg/SoundActionFeedback.msg, /home/sandeepan/tiago_public_ws/devel/share/pal_interaction_msgs/msg/SoundActionFeedback.msg)
Linked: (/home/sandeepan/tiago_public_ws/devel/.private/pal_interaction_msgs/share/pal_interaction_msgs/msg/SoundGoal.msg, /home/sandeepan/tiago_public_ws/devel/share/pal_interaction_msgs/msg/SoundGoal.msg)
Linked: (/home/sandeepan/tiago_public_ws/devel/.private/pal_interaction_msgs/share/pal_interaction_msgs/msg/AudioPlayActionGoal.msg, /home/sandeepan/tiago_public_ws/devel/share/pal_interaction_msgs/msg/AudioPlayActionGoal.msg)
Linked: (/home/sandeepan/tiago_public_ws/devel/.private/pal_interaction_msgs/share/pal_interaction_msgs/msg/AudioPlayResult.msg, /home/sandeepan/tiago_public_ws/devel/share/pal_interaction_msgs/msg/AudioPlayResult.msg)
Linked: (/home/sandeepan/tiago_public_ws/devel/.private/pal_interaction_msgs/share/pal_interaction_msgs/msg/SoundActionResult.msg, /home/sandeepan/tiago_public_ws/devel/share/pal_interaction_msgs/msg/SoundActionResult.msg)
Linked: (/home/sandeepan/tiago_public_ws/devel/.private/pal_interaction_msgs/share/pal_interaction_msgs/msg/ASRFileFeedback.msg, /home/sandeepan/tiago_public_ws/devel/share/pal_interaction_msgs/msg/ASRFileFeedback.msg)
Linked: (/home/sandeepan/tiago_public_ws/devel/.private/pal_interaction_msgs/share/roseus/ros/pal_interaction_msgs/manifest.l, /home/sandeepan/tiago_public_ws/devel/share/roseus/ros/pal_interaction_msgs/manifest.l)
Linked: (/home/sandeepan/tiago_public_ws/devel/.private/pal_interaction_msgs/share/roseus/ros/pal_interaction_msgs/srv/SoundLocalisationService.l, /home/sandeepan/tiago_public_ws/devel/share/roseus/ros/pal_interaction_msgs/srv/SoundLocalisationService.l)
Linked: (/home/sandeepan/tiago_public_ws/devel/.private/pal_interaction_msgs/share/roseus/ros/pal_interaction_msgs/srv/ASRService.l, /home/sandeepan/tiago_public_ws/devel/share/roseus/ros/pal_interaction_msgs/srv/ASRService.l)
Linked: (/home/sandeepan/tiago_public_ws/devel/.private/pal_interaction_msgs/share/roseus/ros/pal_interaction_msgs/srv/recognizerService.l, /home/sandeepan/tiago_public_ws/devel/share/roseus/ros/pal_interaction_msgs/srv/recognizerService.l)
Linked: (/home/sandeepan/tiago_public_ws/devel/.private/pal_interaction_msgs/share/roseus/ros/pal_interaction_msgs/msg/AudioPlayGoal.l, /home/sandeepan/tiago_public_ws/devel/share/roseus/ros/pal_interaction_msgs/msg/AudioPlayGoal.l)
Linked: (/home/sandeepan/tiago_public_ws/devel/.private/pal_interaction_msgs/share/roseus/ros/pal_interaction_msgs/msg/ASRFileFeedback.l, /home/sandeepan/tiago_public_ws/devel/share/roseus/ros/pal_interaction_msgs/msg/ASRFileFeedback.l)
Linked: (/home/sandeepan/tiago_public_ws/devel/.private/pal_interaction_msgs/share/roseus/ros/pal_interaction_msgs/msg/I18nText.l, /home/sandeepan/tiago_public_ws/devel/share/roseus/ros/pal_interaction_msgs/msg/I18nText.l)
Linked: (/home/sandeepan/tiago_public_ws/devel/.private/pal_interaction_msgs/share/roseus/ros/pal_interaction_msgs/msg/ASRStatus.l, /home/sandeepan/tiago_public_ws/devel/share/roseus/ros/pal_interaction_msgs/msg/ASRStatus.l)
Linked: (/home/sandeepan/tiago_public_ws/devel/.private/pal_interaction_msgs/share/roseus/ros/pal_interaction_msgs/msg/ASRLanguage.l, /home/sandeepan/tiago_public_ws/devel/share/roseus/ros/pal_interaction_msgs/msg/ASRLanguage.l)
Linked: (/home/sandeepan/tiago_public_ws/devel/.private/pal_interaction_msgs/share/roseus/ros/pal_interaction_msgs/msg/AudioPlayActionFeedback.l, /home/sandeepan/tiago_public_ws/devel/share/roseus/ros/pal_interaction_msgs/msg/AudioPlayActionFeedback.l)
Linked: (/home/sandeepan/tiago_public_ws/devel/.private/pal_interaction_msgs/share/roseus/ros/pal_interaction_msgs/msg/ASRFileActionResult.l, /home/sandeepan/tiago_public_ws/devel/share/roseus/ros/pal_interaction_msgs/msg/ASRFileActionResult.l)
Linked: (/home/sandeepan/tiago_public_ws/devel/.private/pal_interaction_msgs/share/roseus/ros/pal_interaction_msgs/msg/SoundFeedback.l, /home/sandeepan/tiago_public_ws/devel/share/roseus/ros/pal_interaction_msgs/msg/SoundFeedback.l)
Linked: (/home/sandeepan/tiago_public_ws/devel/.private/pal_interaction_msgs/share/roseus/ros/pal_interaction_msgs/msg/ASRFileResult.l, /home/sandeepan/tiago_public_ws/devel/share/roseus/ros/pal_interaction_msgs/msg/ASRFileResult.l)
Linked: (/home/sandeepan/tiago_public_ws/devel/.private/pal_interaction_msgs/share/roseus/ros/pal_interaction_msgs/msg/TTSstate.l, /home/sandeepan/tiago_public_ws/devel/share/roseus/ros/pal_interaction_msgs/msg/TTSstate.l)
Linked: (/home/sandeepan/tiago_public_ws/devel/.private/pal_interaction_msgs/share/roseus/ros/pal_interaction_msgs/msg/AudioPlayFeedback.l, /home/sandeepan/tiago_public_ws/devel/share/roseus/ros/pal_interaction_msgs/msg/AudioPlayFeedback.l)
Linked: (/home/sandeepan/tiago_public_ws/devel/.private/pal_interaction_msgs/share/roseus/ros/pal_interaction_msgs/msg/ASRSrvRequest.l, /home/sandeepan/tiago_public_ws/devel/share/roseus/ros/pal_interaction_msgs/msg/ASRSrvRequest.l)
Linked: (/home/sandeepan/tiago_public_ws/devel/.private/pal_interaction_msgs/share/roseus/ros/pal_interaction_msgs/msg/TtsActionResult.l, /home/sandeepan/tiago_public_ws/devel/share/roseus/ros/pal_interaction_msgs/msg/TtsActionResult.l)
Linked: (/home/sandeepan/tiago_public_ws/devel/.private/pal_interaction_msgs/share/roseus/ros/pal_interaction_msgs/msg/SoundActionFeedback.l, /home/sandeepan/tiago_public_ws/devel/share/roseus/ros/pal_interaction_msgs/msg/SoundActionFeedback.l)
Linked: (/home/sandeepan/tiago_public_ws/devel/.private/pal_interaction_msgs/share/roseus/ros/pal_interaction_msgs/msg/DirectionOfArrival.l, /home/sandeepan/tiago_public_ws/devel/share/roseus/ros/pal_interaction_msgs/msg/DirectionOfArrival.l)
Linked: (/home/sandeepan/tiago_public_ws/devel/.private/pal_interaction_msgs/share/roseus/ros/pal_interaction_msgs/msg/ASRFileGoal.l, /home/sandeepan/tiago_public_ws/devel/share/roseus/ros/pal_interaction_msgs/msg/ASRFileGoal.l)
Linked: (/home/sandeepan/tiago_public_ws/devel/.private/pal_interaction_msgs/share/roseus/ros/pal_interaction_msgs/msg/Input.l, /home/sandeepan/tiago_public_ws/devel/share/roseus/ros/pal_interaction_msgs/msg/Input.l)
Linked: (/home/sandeepan/tiago_public_ws/devel/.private/pal_interaction_msgs/share/roseus/ros/pal_interaction_msgs/msg/TtsActionGoal.l, /home/sandeepan/tiago_public_ws/devel/share/roseus/ros/pal_interaction_msgs/msg/TtsActionGoal.l)
Linked: (/home/sandeepan/tiago_public_ws/devel/.private/pal_interaction_msgs/share/roseus/ros/pal_interaction_msgs/msg/SoundGoal.l, /home/sandeepan/tiago_public_ws/devel/share/roseus/ros/pal_interaction_msgs/msg/SoundGoal.l)
Linked: (/home/sandeepan/tiago_public_ws/devel/.private/pal_interaction_msgs/share/roseus/ros/pal_interaction_msgs/msg/ASRSrvResponse.l, /home/sandeepan/tiago_public_ws/devel/share/roseus/ros/pal_interaction_msgs/msg/ASRSrvResponse.l)
Linked: (/home/sandeepan/tiago_public_ws/devel/.private/pal_interaction_msgs/share/roseus/ros/pal_interaction_msgs/msg/ASRLangModelMngmt.l, /home/sandeepan/tiago_public_ws/devel/share/roseus/ros/pal_interaction_msgs/msg/ASRLangModelMngmt.l)
Linked: (/home/sandeepan/tiago_public_ws/devel/.private/pal_interaction_msgs/share/roseus/ros/pal_interaction_msgs/msg/AudioPlayResult.l, /home/sandeepan/tiago_public_ws/devel/share/roseus/ros/pal_interaction_msgs/msg/AudioPlayResult.l)
Linked: (/home/sandeepan/tiago_public_ws/devel/.private/pal_interaction_msgs/share/roseus/ros/pal_interaction_msgs/msg/ASRActivation.l, /home/sandeepan/tiago_public_ws/devel/share/roseus/ros/pal_interaction_msgs/msg/ASRActivation.l)
Linked: (/home/sandeepan/tiago_public_ws/devel/.private/pal_interaction_msgs/share/roseus/ros/pal_interaction_msgs/msg/SoundResult.l, /home/sandeepan/tiago_public_ws/devel/share/roseus/ros/pal_interaction_msgs/msg/SoundResult.l)
Linked: (/home/sandeepan/tiago_public_ws/devel/.private/pal_interaction_msgs/share/roseus/ros/pal_interaction_msgs/msg/AudioPlayerState.l, /home/sandeepan/tiago_public_ws/devel/share/roseus/ros/pal_interaction_msgs/msg/AudioPlayerState.l)
Linked: (/home/sandeepan/tiago_public_ws/devel/.private/pal_interaction_msgs/share/roseus/ros/pal_interaction_msgs/msg/TtsGoal.l, /home/sandeepan/tiago_public_ws/devel/share/roseus/ros/pal_interaction_msgs/msg/TtsGoal.l)
Linked: (/home/sandeepan/tiago_public_ws/devel/.private/pal_interaction_msgs/share/roseus/ros/pal_interaction_msgs/msg/I18nArgument.l, /home/sandeepan/tiago_public_ws/devel/share/roseus/ros/pal_interaction_msgs/msg/I18nArgument.l)
Linked: (/home/sandeepan/tiago_public_ws/devel/.private/pal_interaction_msgs/share/roseus/ros/pal_interaction_msgs/msg/WebGuiEvent.l, /home/sandeepan/tiago_public_ws/devel/share/roseus/ros/pal_interaction_msgs/msg/WebGuiEvent.l)
Linked: (/home/sandeepan/tiago_public_ws/devel/.private/pal_interaction_msgs/share/roseus/ros/pal_interaction_msgs/msg/AudioPlayAction.l, /home/sandeepan/tiago_public_ws/devel/share/roseus/ros/pal_interaction_msgs/msg/AudioPlayAction.l)
Linked: (/home/sandeepan/tiago_public_ws/devel/.private/pal_interaction_msgs/share/roseus/ros/pal_interaction_msgs/msg/ASRFileAction.l, /home/sandeepan/tiago_public_ws/devel/share/roseus/ros/pal_interaction_msgs/msg/ASRFileAction.l)
Linked: (/home/sandeepan/tiago_public_ws/devel/.private/pal_interaction_msgs/share/roseus/ros/pal_interaction_msgs/msg/SoundActionResult.l, /home/sandeepan/tiago_public_ws/devel/share/roseus/ros/pal_interaction_msgs/msg/SoundActionResult.l)
Linked: (/home/sandeepan/tiago_public_ws/devel/.private/pal_interaction_msgs/share/roseus/ros/pal_interaction_msgs/msg/SoundAction.l, /home/sandeepan/tiago_public_ws/devel/share/roseus/ros/pal_interaction_msgs/msg/SoundAction.l)
Linked: (/home/sandeepan/tiago_public_ws/devel/.private/pal_interaction_msgs/share/roseus/ros/pal_interaction_msgs/msg/TtsActionFeedback.l, /home/sandeepan/tiago_public_ws/devel/share/roseus/ros/pal_interaction_msgs/msg/TtsActionFeedback.l)
Linked: (/home/sandeepan/tiago_public_ws/devel/.private/pal_interaction_msgs/share/roseus/ros/pal_interaction_msgs/msg/asrupdate.l, /home/sandeepan/tiago_public_ws/devel/share/roseus/ros/pal_interaction_msgs/msg/asrupdate.l)
Linked: (/home/sandeepan/tiago_public_ws/devel/.private/pal_interaction_msgs/share/roseus/ros/pal_interaction_msgs/msg/TtsText.l, /home/sandeepan/tiago_public_ws/devel/share/roseus/ros/pal_interaction_msgs/msg/TtsText.l)
Linked: (/home/sandeepan/tiago_public_ws/devel/.private/pal_interaction_msgs/share/roseus/ros/pal_interaction_msgs/msg/audiosignal.l, /home/sandeepan/tiago_public_ws/devel/share/roseus/ros/pal_interaction_msgs/msg/audiosignal.l)
Linked: (/home/sandeepan/tiago_public_ws/devel/.private/pal_interaction_msgs/share/roseus/ros/pal_interaction_msgs/msg/AudioPlayActionGoal.l, /home/sandeepan/tiago_public_ws/devel/share/roseus/ros/pal_interaction_msgs/msg/AudioPlayActionGoal.l)
Linked: (/home/sandeepan/tiago_public_ws/devel/.private/pal_interaction_msgs/share/roseus/ros/pal_interaction_msgs/msg/ASRFileActionFeedback.l, /home/sandeepan/tiago_public_ws/devel/share/roseus/ros/pal_interaction_msgs/msg/ASRFileActionFeedback.l)
Linked: (/home/sandeepan/tiago_public_ws/devel/.private/pal_interaction_msgs/share/roseus/ros/pal_interaction_msgs/msg/InputArgument.l, /home/sandeepan/tiago_public_ws/devel/share/roseus/ros/pal_interaction_msgs/msg/InputArgument.l)
Linked: (/home/sandeepan/tiago_public_ws/devel/.private/pal_interaction_msgs/share/roseus/ros/pal_interaction_msgs/msg/EnablingSoundLocalisation.l, /home/sandeepan/tiago_public_ws/devel/share/roseus/ros/pal_interaction_msgs/msg/EnablingSoundLocalisation.l)
Linked: (/home/sandeepan/tiago_public_ws/devel/.private/pal_interaction_msgs/share/roseus/ros/pal_interaction_msgs/msg/TtsMark.l, /home/sandeepan/tiago_public_ws/devel/share/roseus/ros/pal_interaction_msgs/msg/TtsMark.l)
Linked: (/home/sandeepan/tiago_public_ws/devel/.private/pal_interaction_msgs/share/roseus/ros/pal_interaction_msgs/msg/asrresult.l, /home/sandeepan/tiago_public_ws/devel/share/roseus/ros/pal_interaction_msgs/msg/asrresult.l)
Linked: (/home/sandeepan/tiago_public_ws/devel/.private/pal_interaction_msgs/share/roseus/ros/pal_interaction_msgs/msg/actiontag.l, /home/sandeepan/tiago_public_ws/devel/share/roseus/ros/pal_interaction_msgs/msg/actiontag.l)
Linked: (/home/sandeepan/tiago_public_ws/devel/.private/pal_interaction_msgs/share/roseus/ros/pal_interaction_msgs/msg/AudioDeviceDescription.l, /home/sandeepan/tiago_public_ws/devel/share/roseus/ros/pal_interaction_msgs/msg/AudioDeviceDescription.l)
Linked: (/home/sandeepan/tiago_public_ws/devel/.private/pal_interaction_msgs/share/roseus/ros/pal_interaction_msgs/msg/AudioPlayActionResult.l, /home/sandeepan/tiago_public_ws/devel/share/roseus/ros/pal_interaction_msgs/msg/AudioPlayActionResult.l)
Linked: (/home/sandeepan/tiago_public_ws/devel/.private/pal_interaction_msgs/share/roseus/ros/pal_interaction_msgs/msg/ASRFileActionGoal.l, /home/sandeepan/tiago_public_ws/devel/share/roseus/ros/pal_interaction_msgs/msg/ASRFileActionGoal.l)
Linked: (/home/sandeepan/tiago_public_ws/devel/.private/pal_interaction_msgs/share/roseus/ros/pal_interaction_msgs/msg/TtsAction.l, /home/sandeepan/tiago_public_ws/devel/share/roseus/ros/pal_interaction_msgs/msg/TtsAction.l)
Linked: (/home/sandeepan/tiago_public_ws/devel/.private/pal_interaction_msgs/share/roseus/ros/pal_interaction_msgs/msg/ASREvent.l, /home/sandeepan/tiago_public_ws/devel/share/roseus/ros/pal_interaction_msgs/msg/ASREvent.l)
Linked: (/home/sandeepan/tiago_public_ws/devel/.private/pal_interaction_msgs/share/roseus/ros/pal_interaction_msgs/msg/TtsResult.l, /home/sandeepan/tiago_public_ws/devel/share/roseus/ros/pal_interaction_msgs/msg/TtsResult.l)
Linked: (/home/sandeepan/tiago_public_ws/devel/.private/pal_interaction_msgs/share/roseus/ros/pal_interaction_msgs/msg/TtsFeedback.l, /home/sandeepan/tiago_public_ws/devel/share/roseus/ros/pal_interaction_msgs/msg/TtsFeedback.l)
Linked: (/home/sandeepan/tiago_public_ws/devel/.private/pal_interaction_msgs/share/roseus/ros/pal_interaction_msgs/msg/SoundActionGoal.l, /home/sandeepan/tiago_public_ws/devel/share/roseus/ros/pal_interaction_msgs/msg/SoundActionGoal.l)
Linked: (/home/sandeepan/tiago_public_ws/devel/.private/pal_interaction_msgs/share/roseus/ros/pal_interaction_msgs/msg/VoiceActivity.l, /home/sandeepan/tiago_public_ws/devel/share/roseus/ros/pal_interaction_msgs/msg/VoiceActivity.l)
Linked: (/home/sandeepan/tiago_public_ws/devel/.private/pal_interaction_msgs/share/gennodejs/ros/pal_interaction_msgs/_index.js, /home/sandeepan/tiago_public_ws/devel/share/gennodejs/ros/pal_interaction_msgs/_index.js)
Linked: (/home/sandeepan/tiago_public_ws/devel/.private/pal_interaction_msgs/share/gennodejs/ros/pal_interaction_msgs/srv/SoundLocalisationService.js, /home/sandeepan/tiago_public_ws/devel/share/gennodejs/ros/pal_interaction_msgs/srv/SoundLocalisationService.js)
Linked: (/home/sandeepan/tiago_public_ws/devel/.private/pal_interaction_msgs/share/gennodejs/ros/pal_interaction_msgs/srv/_index.js, /home/sandeepan/tiago_public_ws/devel/share/gennodejs/ros/pal_interaction_msgs/srv/_index.js)
Linked: (/home/sandeepan/tiago_public_ws/devel/.private/pal_interaction_msgs/share/gennodejs/ros/pal_interaction_msgs/srv/ASRService.js, /home/sandeepan/tiago_public_ws/devel/share/gennodejs/ros/pal_interaction_msgs/srv/ASRService.js)
Linked: (/home/sandeepan/tiago_public_ws/devel/.private/pal_interaction_msgs/share/gennodejs/ros/pal_interaction_msgs/srv/recognizerService.js, /home/sandeepan/tiago_public_ws/devel/share/gennodejs/ros/pal_interaction_msgs/srv/recognizerService.js)
Linked: (/home/sandeepan/tiago_public_ws/devel/.private/pal_interaction_msgs/share/gennodejs/ros/pal_interaction_msgs/msg/actiontag.js, /home/sandeepan/tiago_public_ws/devel/share/gennodejs/ros/pal_interaction_msgs/msg/actiontag.js)
Linked: (/home/sandeepan/tiago_public_ws/devel/.private/pal_interaction_msgs/share/gennodejs/ros/pal_interaction_msgs/msg/ASRFileFeedback.js, /home/sandeepan/tiago_public_ws/devel/share/gennodejs/ros/pal_interaction_msgs/msg/ASRFileFeedback.js)
Linked: (/home/sandeepan/tiago_public_ws/devel/.private/pal_interaction_msgs/share/gennodejs/ros/pal_interaction_msgs/msg/AudioPlayGoal.js, /home/sandeepan/tiago_public_ws/devel/share/gennodejs/ros/pal_interaction_msgs/msg/AudioPlayGoal.js)
Linked: (/home/sandeepan/tiago_public_ws/devel/.private/pal_interaction_msgs/share/gennodejs/ros/pal_interaction_msgs/msg/SoundActionGoal.js, /home/sandeepan/tiago_public_ws/devel/share/gennodejs/ros/pal_interaction_msgs/msg/SoundActionGoal.js)
Linked: (/home/sandeepan/tiago_public_ws/devel/.private/pal_interaction_msgs/share/gennodejs/ros/pal_interaction_msgs/msg/TtsGoal.js, /home/sandeepan/tiago_public_ws/devel/share/gennodejs/ros/pal_interaction_msgs/msg/TtsGoal.js)
Linked: (/home/sandeepan/tiago_public_ws/devel/.private/pal_interaction_msgs/share/gennodejs/ros/pal_interaction_msgs/msg/audiosignal.js, /home/sandeepan/tiago_public_ws/devel/share/gennodejs/ros/pal_interaction_msgs/msg/audiosignal.js)
Linked: (/home/sandeepan/tiago_public_ws/devel/.private/pal_interaction_msgs/share/gennodejs/ros/pal_interaction_msgs/msg/AudioPlayResult.js, /home/sandeepan/tiago_public_ws/devel/share/gennodejs/ros/pal_interaction_msgs/msg/AudioPlayResult.js)
Linked: (/home/sandeepan/tiago_public_ws/devel/.private/pal_interaction_msgs/share/gennodejs/ros/pal_interaction_msgs/msg/ASRFileAction.js, /home/sandeepan/tiago_public_ws/devel/share/gennodejs/ros/pal_interaction_msgs/msg/ASRFileAction.js)
Linked: (/home/sandeepan/tiago_public_ws/devel/.private/pal_interaction_msgs/share/gennodejs/ros/pal_interaction_msgs/msg/ASRStatus.js, /home/sandeepan/tiago_public_ws/devel/share/gennodejs/ros/pal_interaction_msgs/msg/ASRStatus.js)
Linked: (/home/sandeepan/tiago_public_ws/devel/.private/pal_interaction_msgs/share/gennodejs/ros/pal_interaction_msgs/msg/TtsResult.js, /home/sandeepan/tiago_public_ws/devel/share/gennodejs/ros/pal_interaction_msgs/msg/TtsResult.js)
Linked: (/home/sandeepan/tiago_public_ws/devel/.private/pal_interaction_msgs/share/gennodejs/ros/pal_interaction_msgs/msg/ASRSrvResponse.js, /home/sandeepan/tiago_public_ws/devel/share/gennodejs/ros/pal_interaction_msgs/msg/ASRSrvResponse.js)
Linked: (/home/sandeepan/tiago_public_ws/devel/.private/pal_interaction_msgs/share/gennodejs/ros/pal_interaction_msgs/msg/SoundGoal.js, /home/sandeepan/tiago_public_ws/devel/share/gennodejs/ros/pal_interaction_msgs/msg/SoundGoal.js)
Linked: (/home/sandeepan/tiago_public_ws/devel/.private/pal_interaction_msgs/share/gennodejs/ros/pal_interaction_msgs/msg/SoundActionResult.js, /home/sandeepan/tiago_public_ws/devel/share/gennodejs/ros/pal_interaction_msgs/msg/SoundActionResult.js)
Linked: (/home/sandeepan/tiago_public_ws/devel/.private/pal_interaction_msgs/share/gennodejs/ros/pal_interaction_msgs/msg/InputArgument.js, /home/sandeepan/tiago_public_ws/devel/share/gennodejs/ros/pal_interaction_msgs/msg/InputArgument.js)
Linked: (/home/sandeepan/tiago_public_ws/devel/.private/pal_interaction_msgs/share/gennodejs/ros/pal_interaction_msgs/msg/ASREvent.js, /home/sandeepan/tiago_public_ws/devel/share/gennodejs/ros/pal_interaction_msgs/msg/ASREvent.js)
Linked: (/home/sandeepan/tiago_public_ws/devel/.private/pal_interaction_msgs/share/gennodejs/ros/pal_interaction_msgs/msg/TtsActionFeedback.js, /home/sandeepan/tiago_public_ws/devel/share/gennodejs/ros/pal_interaction_msgs/msg/TtsActionFeedback.js)
Linked: (/home/sandeepan/tiago_public_ws/devel/.private/pal_interaction_msgs/share/gennodejs/ros/pal_interaction_msgs/msg/ASRSrvRequest.js, /home/sandeepan/tiago_public_ws/devel/share/gennodejs/ros/pal_interaction_msgs/msg/ASRSrvRequest.js)
Linked: (/home/sandeepan/tiago_public_ws/devel/.private/pal_interaction_msgs/share/gennodejs/ros/pal_interaction_msgs/msg/asrupdate.js, /home/sandeepan/tiago_public_ws/devel/share/gennodejs/ros/pal_interaction_msgs/msg/asrupdate.js)
Linked: (/home/sandeepan/tiago_public_ws/devel/.private/pal_interaction_msgs/share/gennodejs/ros/pal_interaction_msgs/msg/EnablingSoundLocalisation.js, /home/sandeepan/tiago_public_ws/devel/share/gennodejs/ros/pal_interaction_msgs/msg/EnablingSoundLocalisation.js)
Linked: (/home/sandeepan/tiago_public_ws/devel/.private/pal_interaction_msgs/share/gennodejs/ros/pal_interaction_msgs/msg/TtsAction.js, /home/sandeepan/tiago_public_ws/devel/share/gennodejs/ros/pal_interaction_msgs/msg/TtsAction.js)
Linked: (/home/sandeepan/tiago_public_ws/devel/.private/pal_interaction_msgs/share/gennodejs/ros/pal_interaction_msgs/msg/TtsActionResult.js, /home/sandeepan/tiago_public_ws/devel/share/gennodejs/ros/pal_interaction_msgs/msg/TtsActionResult.js)
Linked: (/home/sandeepan/tiago_public_ws/devel/.private/pal_interaction_msgs/share/gennodejs/ros/pal_interaction_msgs/msg/SoundResult.js, /home/sandeepan/tiago_public_ws/devel/share/gennodejs/ros/pal_interaction_msgs/msg/SoundResult.js)
Linked: (/home/sandeepan/tiago_public_ws/devel/.private/pal_interaction_msgs/share/gennodejs/ros/pal_interaction_msgs/msg/TtsActionGoal.js, /home/sandeepan/tiago_public_ws/devel/share/gennodejs/ros/pal_interaction_msgs/msg/TtsActionGoal.js)
Linked: (/home/sandeepan/tiago_public_ws/devel/.private/pal_interaction_msgs/share/gennodejs/ros/pal_interaction_msgs/msg/asrresult.js, /home/sandeepan/tiago_public_ws/devel/share/gennodejs/ros/pal_interaction_msgs/msg/asrresult.js)
Linked: (/home/sandeepan/tiago_public_ws/devel/.private/pal_interaction_msgs/share/gennodejs/ros/pal_interaction_msgs/msg/AudioPlayActionFeedback.js, /home/sandeepan/tiago_public_ws/devel/share/gennodejs/ros/pal_interaction_msgs/msg/AudioPlayActionFeedback.js)
Linked: (/home/sandeepan/tiago_public_ws/devel/.private/pal_interaction_msgs/share/gennodejs/ros/pal_interaction_msgs/msg/_index.js, /home/sandeepan/tiago_public_ws/devel/share/gennodejs/ros/pal_interaction_msgs/msg/_index.js)
Linked: (/home/sandeepan/tiago_public_ws/devel/.private/pal_interaction_msgs/share/gennodejs/ros/pal_interaction_msgs/msg/TTSstate.js, /home/sandeepan/tiago_public_ws/devel/share/gennodejs/ros/pal_interaction_msgs/msg/TTSstate.js)
Linked: (/home/sandeepan/tiago_public_ws/devel/.private/pal_interaction_msgs/share/gennodejs/ros/pal_interaction_msgs/msg/TtsFeedback.js, /home/sandeepan/tiago_public_ws/devel/share/gennodejs/ros/pal_interaction_msgs/msg/TtsFeedback.js)
Linked: (/home/sandeepan/tiago_public_ws/devel/.private/pal_interaction_msgs/share/gennodejs/ros/pal_interaction_msgs/msg/TtsMark.js, /home/sandeepan/tiago_public_ws/devel/share/gennodejs/ros/pal_interaction_msgs/msg/TtsMark.js)
Linked: (/home/sandeepan/tiago_public_ws/devel/.private/pal_interaction_msgs/share/gennodejs/ros/pal_interaction_msgs/msg/ASRFileGoal.js, /home/sandeepan/tiago_public_ws/devel/share/gennodejs/ros/pal_interaction_msgs/msg/ASRFileGoal.js)
Linked: (/home/sandeepan/tiago_public_ws/devel/.private/pal_interaction_msgs/share/gennodejs/ros/pal_interaction_msgs/msg/ASRFileActionFeedback.js, /home/sandeepan/tiago_public_ws/devel/share/gennodejs/ros/pal_interaction_msgs/msg/ASRFileActionFeedback.js)
Linked: (/home/sandeepan/tiago_public_ws/devel/.private/pal_interaction_msgs/share/gennodejs/ros/pal_interaction_msgs/msg/AudioDeviceDescription.js, /home/sandeepan/tiago_public_ws/devel/share/gennodejs/ros/pal_interaction_msgs/msg/AudioDeviceDescription.js)
Linked: (/home/sandeepan/tiago_public_ws/devel/.private/pal_interaction_msgs/share/gennodejs/ros/pal_interaction_msgs/msg/SoundActionFeedback.js, /home/sandeepan/tiago_public_ws/devel/share/gennodejs/ros/pal_interaction_msgs/msg/SoundActionFeedback.js)
Linked: (/home/sandeepan/tiago_public_ws/devel/.private/pal_interaction_msgs/share/gennodejs/ros/pal_interaction_msgs/msg/SoundAction.js, /home/sandeepan/tiago_public_ws/devel/share/gennodejs/ros/pal_interaction_msgs/msg/SoundAction.js)
Linked: (/home/sandeepan/tiago_public_ws/devel/.private/pal_interaction_msgs/share/gennodejs/ros/pal_interaction_msgs/msg/AudioPlayerState.js, /home/sandeepan/tiago_public_ws/devel/share/gennodejs/ros/pal_interaction_msgs/msg/AudioPlayerState.js)
Linked: (/home/sandeepan/tiago_public_ws/devel/.private/pal_interaction_msgs/share/gennodejs/ros/pal_interaction_msgs/msg/ASRLanguage.js, /home/sandeepan/tiago_public_ws/devel/share/gennodejs/ros/pal_interaction_msgs/msg/ASRLanguage.js)
Linked: (/home/sandeepan/tiago_public_ws/devel/.private/pal_interaction_msgs/share/gennodejs/ros/pal_interaction_msgs/msg/ASRFileResult.js, /home/sandeepan/tiago_public_ws/devel/share/gennodejs/ros/pal_interaction_msgs/msg/ASRFileResult.js)
Linked: (/home/sandeepan/tiago_public_ws/devel/.private/pal_interaction_msgs/share/gennodejs/ros/pal_interaction_msgs/msg/ASRLangModelMngmt.js, /home/sandeepan/tiago_public_ws/devel/share/gennodejs/ros/pal_interaction_msgs/msg/ASRLangModelMngmt.js)
Linked: (/home/sandeepan/tiago_public_ws/devel/.private/pal_interaction_msgs/share/gennodejs/ros/pal_interaction_msgs/msg/AudioPlayAction.js, /home/sandeepan/tiago_public_ws/devel/share/gennodejs/ros/pal_interaction_msgs/msg/AudioPlayAction.js)
Linked: (/home/sandeepan/tiago_public_ws/devel/.private/pal_interaction_msgs/share/gennodejs/ros/pal_interaction_msgs/msg/ASRFileActionResult.js, /home/sandeepan/tiago_public_ws/devel/share/gennodejs/ros/pal_interaction_msgs/msg/ASRFileActionResult.js)
Linked: (/home/sandeepan/tiago_public_ws/devel/.private/pal_interaction_msgs/share/gennodejs/ros/pal_interaction_msgs/msg/AudioPlayActionResult.js, /home/sandeepan/tiago_public_ws/devel/share/gennodejs/ros/pal_interaction_msgs/msg/AudioPlayActionResult.js)
Linked: (/home/sandeepan/tiago_public_ws/devel/.private/pal_interaction_msgs/share/gennodejs/ros/pal_interaction_msgs/msg/AudioPlayFeedback.js, /home/sandeepan/tiago_public_ws/devel/share/gennodejs/ros/pal_interaction_msgs/msg/AudioPlayFeedback.js)
Linked: (/home/sandeepan/tiago_public_ws/devel/.private/pal_interaction_msgs/share/gennodejs/ros/pal_interaction_msgs/msg/DirectionOfArrival.js, /home/sandeepan/tiago_public_ws/devel/share/gennodejs/ros/pal_interaction_msgs/msg/DirectionOfArrival.js)
Linked: (/home/sandeepan/tiago_public_ws/devel/.private/pal_interaction_msgs/share/gennodejs/ros/pal_interaction_msgs/msg/SoundFeedback.js, /home/sandeepan/tiago_public_ws/devel/share/gennodejs/ros/pal_interaction_msgs/msg/SoundFeedback.js)
Linked: (/home/sandeepan/tiago_public_ws/devel/.private/pal_interaction_msgs/share/gennodejs/ros/pal_interaction_msgs/msg/I18nArgument.js, /home/sandeepan/tiago_public_ws/devel/share/gennodejs/ros/pal_interaction_msgs/msg/I18nArgument.js)
Linked: (/home/sandeepan/tiago_public_ws/devel/.private/pal_interaction_msgs/share/gennodejs/ros/pal_interaction_msgs/msg/Input.js, /home/sandeepan/tiago_public_ws/devel/share/gennodejs/ros/pal_interaction_msgs/msg/Input.js)
Linked: (/home/sandeepan/tiago_public_ws/devel/.private/pal_interaction_msgs/share/gennodejs/ros/pal_interaction_msgs/msg/VoiceActivity.js, /home/sandeepan/tiago_public_ws/devel/share/gennodejs/ros/pal_interaction_msgs/msg/VoiceActivity.js)
Linked: (/home/sandeepan/tiago_public_ws/devel/.private/pal_interaction_msgs/share/gennodejs/ros/pal_interaction_msgs/msg/TtsText.js, /home/sandeepan/tiago_public_ws/devel/share/gennodejs/ros/pal_interaction_msgs/msg/TtsText.js)
Linked: (/home/sandeepan/tiago_public_ws/devel/.private/pal_interaction_msgs/share/gennodejs/ros/pal_interaction_msgs/msg/AudioPlayActionGoal.js, /home/sandeepan/tiago_public_ws/devel/share/gennodejs/ros/pal_interaction_msgs/msg/AudioPlayActionGoal.js)
Linked: (/home/sandeepan/tiago_public_ws/devel/.private/pal_interaction_msgs/share/gennodejs/ros/pal_interaction_msgs/msg/I18nText.js, /home/sandeepan/tiago_public_ws/devel/share/gennodejs/ros/pal_interaction_msgs/msg/I18nText.js)
Linked: (/home/sandeepan/tiago_public_ws/devel/.private/pal_interaction_msgs/share/gennodejs/ros/pal_interaction_msgs/msg/ASRFileActionGoal.js, /home/sandeepan/tiago_public_ws/devel/share/gennodejs/ros/pal_interaction_msgs/msg/ASRFileActionGoal.js)
Linked: (/home/sandeepan/tiago_public_ws/devel/.private/pal_interaction_msgs/share/gennodejs/ros/pal_interaction_msgs/msg/WebGuiEvent.js, /home/sandeepan/tiago_public_ws/devel/share/gennodejs/ros/pal_interaction_msgs/msg/WebGuiEvent.js)
Linked: (/home/sandeepan/tiago_public_ws/devel/.private/pal_interaction_msgs/share/gennodejs/ros/pal_interaction_msgs/msg/ASRActivation.js, /home/sandeepan/tiago_public_ws/devel/share/gennodejs/ros/pal_interaction_msgs/msg/ASRActivation.js)
Linked: (/home/sandeepan/tiago_public_ws/devel/.private/pal_interaction_msgs/share/common-lisp/ros/pal_interaction_msgs/srv/recognizerService.lisp, /home/sandeepan/tiago_public_ws/devel/share/common-lisp/ros/pal_interaction_msgs/srv/recognizerService.lisp)
Linked: (/home/sandeepan/tiago_public_ws/devel/.private/pal_interaction_msgs/share/common-lisp/ros/pal_interaction_msgs/srv/_package_ASRService.lisp, /home/sandeepan/tiago_public_ws/devel/share/common-lisp/ros/pal_interaction_msgs/srv/_package_ASRService.lisp)
Linked: (/home/sandeepan/tiago_public_ws/devel/.private/pal_interaction_msgs/share/common-lisp/ros/pal_interaction_msgs/srv/pal_interaction_msgs-srv.asd, /home/sandeepan/tiago_public_ws/devel/share/common-lisp/ros/pal_interaction_msgs/srv/pal_interaction_msgs-srv.asd)
Linked: (/home/sandeepan/tiago_public_ws/devel/.private/pal_interaction_msgs/share/common-lisp/ros/pal_interaction_msgs/srv/_package_recognizerService.lisp, /home/sandeepan/tiago_public_ws/devel/share/common-lisp/ros/pal_interaction_msgs/srv/_package_recognizerService.lisp)
Linked: (/home/sandeepan/tiago_public_ws/devel/.private/pal_interaction_msgs/share/common-lisp/ros/pal_interaction_msgs/srv/_package.lisp, /home/sandeepan/tiago_public_ws/devel/share/common-lisp/ros/pal_interaction_msgs/srv/_package.lisp)
Linked: (/home/sandeepan/tiago_public_ws/devel/.private/pal_interaction_msgs/share/common-lisp/ros/pal_interaction_msgs/srv/SoundLocalisationService.lisp, /home/sandeepan/tiago_public_ws/devel/share/common-lisp/ros/pal_interaction_msgs/srv/SoundLocalisationService.lisp)
Linked: (/home/sandeepan/tiago_public_ws/devel/.private/pal_interaction_msgs/share/common-lisp/ros/pal_interaction_msgs/srv/ASRService.lisp, /home/sandeepan/tiago_public_ws/devel/share/common-lisp/ros/pal_interaction_msgs/srv/ASRService.lisp)
Linked: (/home/sandeepan/tiago_public_ws/devel/.private/pal_interaction_msgs/share/common-lisp/ros/pal_interaction_msgs/srv/_package_SoundLocalisationService.lisp, /home/sandeepan/tiago_public_ws/devel/share/common-lisp/ros/pal_interaction_msgs/srv/_package_SoundLocalisationService.lisp)
Linked: (/home/sandeepan/tiago_public_ws/devel/.private/pal_interaction_msgs/share/common-lisp/ros/pal_interaction_msgs/msg/_package_TtsText.lisp, /home/sandeepan/tiago_public_ws/devel/share/common-lisp/ros/pal_interaction_msgs/msg/_package_TtsText.lisp)
Linked: (/home/sandeepan/tiago_public_ws/devel/.private/pal_interaction_msgs/share/common-lisp/ros/pal_interaction_msgs/msg/EnablingSoundLocalisation.lisp, /home/sandeepan/tiago_public_ws/devel/share/common-lisp/ros/pal_interaction_msgs/msg/EnablingSoundLocalisation.lisp)
Linked: (/home/sandeepan/tiago_public_ws/devel/.private/pal_interaction_msgs/share/common-lisp/ros/pal_interaction_msgs/msg/TtsFeedback.lisp, /home/sandeepan/tiago_public_ws/devel/share/common-lisp/ros/pal_interaction_msgs/msg/TtsFeedback.lisp)
Linked: (/home/sandeepan/tiago_public_ws/devel/.private/pal_interaction_msgs/share/common-lisp/ros/pal_interaction_msgs/msg/ASRFileResult.lisp, /home/sandeepan/tiago_public_ws/devel/share/common-lisp/ros/pal_interaction_msgs/msg/ASRFileResult.lisp)
Linked: (/home/sandeepan/tiago_public_ws/devel/.private/pal_interaction_msgs/share/common-lisp/ros/pal_interaction_msgs/msg/VoiceActivity.lisp, /home/sandeepan/tiago_public_ws/devel/share/common-lisp/ros/pal_interaction_msgs/msg/VoiceActivity.lisp)
Linked: (/home/sandeepan/tiago_public_ws/devel/.private/pal_interaction_msgs/share/common-lisp/ros/pal_interaction_msgs/msg/_package_TtsActionResult.lisp, /home/sandeepan/tiago_public_ws/devel/share/common-lisp/ros/pal_interaction_msgs/msg/_package_TtsActionResult.lisp)
Linked: (/home/sandeepan/tiago_public_ws/devel/.private/pal_interaction_msgs/share/common-lisp/ros/pal_interaction_msgs/msg/ASRFileActionFeedback.lisp, /home/sandeepan/tiago_public_ws/devel/share/common-lisp/ros/pal_interaction_msgs/msg/ASRFileActionFeedback.lisp)
Linked: (/home/sandeepan/tiago_public_ws/devel/.private/pal_interaction_msgs/share/common-lisp/ros/pal_interaction_msgs/msg/_package_audiosignal.lisp, /home/sandeepan/tiago_public_ws/devel/share/common-lisp/ros/pal_interaction_msgs/msg/_package_audiosignal.lisp)
Linked: (/home/sandeepan/tiago_public_ws/devel/.private/pal_interaction_msgs/share/common-lisp/ros/pal_interaction_msgs/msg/_package_ASRFileActionFeedback.lisp, /home/sandeepan/tiago_public_ws/devel/share/common-lisp/ros/pal_interaction_msgs/msg/_package_ASRFileActionFeedback.lisp)
Linked: (/home/sandeepan/tiago_public_ws/devel/.private/pal_interaction_msgs/share/common-lisp/ros/pal_interaction_msgs/msg/ASRStatus.lisp, /home/sandeepan/tiago_public_ws/devel/share/common-lisp/ros/pal_interaction_msgs/msg/ASRStatus.lisp)
Linked: (/home/sandeepan/tiago_public_ws/devel/.private/pal_interaction_msgs/share/common-lisp/ros/pal_interaction_msgs/msg/SoundActionFeedback.lisp, /home/sandeepan/tiago_public_ws/devel/share/common-lisp/ros/pal_interaction_msgs/msg/SoundActionFeedback.lisp)
Linked: (/home/sandeepan/tiago_public_ws/devel/.private/pal_interaction_msgs/share/common-lisp/ros/pal_interaction_msgs/msg/TtsText.lisp, /home/sandeepan/tiago_public_ws/devel/share/common-lisp/ros/pal_interaction_msgs/msg/TtsText.lisp)
Linked: (/home/sandeepan/tiago_public_ws/devel/.private/pal_interaction_msgs/share/common-lisp/ros/pal_interaction_msgs/msg/I18nArgument.lisp, /home/sandeepan/tiago_public_ws/devel/share/common-lisp/ros/pal_interaction_msgs/msg/I18nArgument.lisp)
Linked: (/home/sandeepan/tiago_public_ws/devel/.private/pal_interaction_msgs/share/common-lisp/ros/pal_interaction_msgs/msg/WebGuiEvent.lisp, /home/sandeepan/tiago_public_ws/devel/share/common-lisp/ros/pal_interaction_msgs/msg/WebGuiEvent.lisp)
Linked: (/home/sandeepan/tiago_public_ws/devel/.private/pal_interaction_msgs/share/common-lisp/ros/pal_interaction_msgs/msg/_package_TTSstate.lisp, /home/sandeepan/tiago_public_ws/devel/share/common-lisp/ros/pal_interaction_msgs/msg/_package_TTSstate.lisp)
Linked: (/home/sandeepan/tiago_public_ws/devel/.private/pal_interaction_msgs/share/common-lisp/ros/pal_interaction_msgs/msg/AudioPlayActionResult.lisp, /home/sandeepan/tiago_public_ws/devel/share/common-lisp/ros/pal_interaction_msgs/msg/AudioPlayActionResult.lisp)
Linked: (/home/sandeepan/tiago_public_ws/devel/.private/pal_interaction_msgs/share/common-lisp/ros/pal_interaction_msgs/msg/TtsAction.lisp, /home/sandeepan/tiago_public_ws/devel/share/common-lisp/ros/pal_interaction_msgs/msg/TtsAction.lisp)
Linked: (/home/sandeepan/tiago_public_ws/devel/.private/pal_interaction_msgs/share/common-lisp/ros/pal_interaction_msgs/msg/asrupdate.lisp, /home/sandeepan/tiago_public_ws/devel/share/common-lisp/ros/pal_interaction_msgs/msg/asrupdate.lisp)
Linked: (/home/sandeepan/tiago_public_ws/devel/.private/pal_interaction_msgs/share/common-lisp/ros/pal_interaction_msgs/msg/_package_AudioPlayResult.lisp, /home/sandeepan/tiago_public_ws/devel/share/common-lisp/ros/pal_interaction_msgs/msg/_package_AudioPlayResult.lisp)
Linked: (/home/sandeepan/tiago_public_ws/devel/.private/pal_interaction_msgs/share/common-lisp/ros/pal_interaction_msgs/msg/_package_AudioPlayAction.lisp, /home/sandeepan/tiago_public_ws/devel/share/common-lisp/ros/pal_interaction_msgs/msg/_package_AudioPlayAction.lisp)
Linked: (/home/sandeepan/tiago_public_ws/devel/.private/pal_interaction_msgs/share/common-lisp/ros/pal_interaction_msgs/msg/pal_interaction_msgs-msg.asd, /home/sandeepan/tiago_public_ws/devel/share/common-lisp/ros/pal_interaction_msgs/msg/pal_interaction_msgs-msg.asd)
Linked: (/home/sandeepan/tiago_public_ws/devel/.private/pal_interaction_msgs/share/common-lisp/ros/pal_interaction_msgs/msg/_package_VoiceActivity.lisp, /home/sandeepan/tiago_public_ws/devel/share/common-lisp/ros/pal_interaction_msgs/msg/_package_VoiceActivity.lisp)
Linked: (/home/sandeepan/tiago_public_ws/devel/.private/pal_interaction_msgs/share/common-lisp/ros/pal_interaction_msgs/msg/_package_SoundFeedback.lisp, /home/sandeepan/tiago_public_ws/devel/share/common-lisp/ros/pal_interaction_msgs/msg/_package_SoundFeedback.lisp)
Linked: (/home/sandeepan/tiago_public_ws/devel/.private/pal_interaction_msgs/share/common-lisp/ros/pal_interaction_msgs/msg/_package_ASRStatus.lisp, /home/sandeepan/tiago_public_ws/devel/share/common-lisp/ros/pal_interaction_msgs/msg/_package_ASRStatus.lisp)
Linked: (/home/sandeepan/tiago_public_ws/devel/.private/pal_interaction_msgs/share/common-lisp/ros/pal_interaction_msgs/msg/_package_SoundGoal.lisp, /home/sandeepan/tiago_public_ws/devel/share/common-lisp/ros/pal_interaction_msgs/msg/_package_SoundGoal.lisp)
Linked: (/home/sandeepan/tiago_public_ws/devel/.private/pal_interaction_msgs/share/common-lisp/ros/pal_interaction_msgs/msg/SoundAction.lisp, /home/sandeepan/tiago_public_ws/devel/share/common-lisp/ros/pal_interaction_msgs/msg/SoundAction.lisp)
Linked: (/home/sandeepan/tiago_public_ws/devel/.private/pal_interaction_msgs/share/common-lisp/ros/pal_interaction_msgs/msg/_package_AudioPlayGoal.lisp, /home/sandeepan/tiago_public_ws/devel/share/common-lisp/ros/pal_interaction_msgs/msg/_package_AudioPlayGoal.lisp)
Linked: (/home/sandeepan/tiago_public_ws/devel/.private/pal_interaction_msgs/share/common-lisp/ros/pal_interaction_msgs/msg/ASRLangModelMngmt.lisp, /home/sandeepan/tiago_public_ws/devel/share/common-lisp/ros/pal_interaction_msgs/msg/ASRLangModelMngmt.lisp)
Linked: (/home/sandeepan/tiago_public_ws/devel/.private/pal_interaction_msgs/share/common-lisp/ros/pal_interaction_msgs/msg/TtsActionGoal.lisp, /home/sandeepan/tiago_public_ws/devel/share/common-lisp/ros/pal_interaction_msgs/msg/TtsActionGoal.lisp)
Linked: (/home/sandeepan/tiago_public_ws/devel/.private/pal_interaction_msgs/share/common-lisp/ros/pal_interaction_msgs/msg/ASRLanguage.lisp, /home/sandeepan/tiago_public_ws/devel/share/common-lisp/ros/pal_interaction_msgs/msg/ASRLanguage.lisp)
Linked: (/home/sandeepan/tiago_public_ws/devel/.private/pal_interaction_msgs/share/common-lisp/ros/pal_interaction_msgs/msg/_package_ASRFileAction.lisp, /home/sandeepan/tiago_public_ws/devel/share/common-lisp/ros/pal_interaction_msgs/msg/_package_ASRFileAction.lisp)
Linked: (/home/sandeepan/tiago_public_ws/devel/.private/pal_interaction_msgs/share/common-lisp/ros/pal_interaction_msgs/msg/ASREvent.lisp, /home/sandeepan/tiago_public_ws/devel/share/common-lisp/ros/pal_interaction_msgs/msg/ASREvent.lisp)
Linked: (/home/sandeepan/tiago_public_ws/devel/.private/pal_interaction_msgs/share/common-lisp/ros/pal_interaction_msgs/msg/_package_SoundActionFeedback.lisp, /home/sandeepan/tiago_public_ws/devel/share/common-lisp/ros/pal_interaction_msgs/msg/_package_SoundActionFeedback.lisp)
Linked: (/home/sandeepan/tiago_public_ws/devel/.private/pal_interaction_msgs/share/common-lisp/ros/pal_interaction_msgs/msg/ASRFileActionGoal.lisp, /home/sandeepan/tiago_public_ws/devel/share/common-lisp/ros/pal_interaction_msgs/msg/ASRFileActionGoal.lisp)
Linked: (/home/sandeepan/tiago_public_ws/devel/.private/pal_interaction_msgs/share/common-lisp/ros/pal_interaction_msgs/msg/AudioDeviceDescription.lisp, /home/sandeepan/tiago_public_ws/devel/share/common-lisp/ros/pal_interaction_msgs/msg/AudioDeviceDescription.lisp)
Linked: (/home/sandeepan/tiago_public_ws/devel/.private/pal_interaction_msgs/share/common-lisp/ros/pal_interaction_msgs/msg/_package_TtsGoal.lisp, /home/sandeepan/tiago_public_ws/devel/share/common-lisp/ros/pal_interaction_msgs/msg/_package_TtsGoal.lisp)
Linked: (/home/sandeepan/tiago_public_ws/devel/.private/pal_interaction_msgs/share/common-lisp/ros/pal_interaction_msgs/msg/ASRFileActionResult.lisp, /home/sandeepan/tiago_public_ws/devel/share/common-lisp/ros/pal_interaction_msgs/msg/ASRFileActionResult.lisp)
Linked: (/home/sandeepan/tiago_public_ws/devel/.private/pal_interaction_msgs/share/common-lisp/ros/pal_interaction_msgs/msg/_package_DirectionOfArrival.lisp, /home/sandeepan/tiago_public_ws/devel/share/common-lisp/ros/pal_interaction_msgs/msg/_package_DirectionOfArrival.lisp)
Linked: (/home/sandeepan/tiago_public_ws/devel/.private/pal_interaction_msgs/share/common-lisp/ros/pal_interaction_msgs/msg/_package_AudioPlayActionResult.lisp, /home/sandeepan/tiago_public_ws/devel/share/common-lisp/ros/pal_interaction_msgs/msg/_package_AudioPlayActionResult.lisp)
Linked: (/home/sandeepan/tiago_public_ws/devel/.private/pal_interaction_msgs/share/common-lisp/ros/pal_interaction_msgs/msg/_package_SoundAction.lisp, /home/sandeepan/tiago_public_ws/devel/share/common-lisp/ros/pal_interaction_msgs/msg/_package_SoundAction.lisp)
Linked: (/home/sandeepan/tiago_public_ws/devel/.private/pal_interaction_msgs/share/common-lisp/ros/pal_interaction_msgs/msg/actiontag.lisp, /home/sandeepan/tiago_public_ws/devel/share/common-lisp/ros/pal_interaction_msgs/msg/actiontag.lisp)
Linked: (/home/sandeepan/tiago_public_ws/devel/.private/pal_interaction_msgs/share/common-lisp/ros/pal_interaction_msgs/msg/AudioPlayActionGoal.lisp, /home/sandeepan/tiago_public_ws/devel/share/common-lisp/ros/pal_interaction_msgs/msg/AudioPlayActionGoal.lisp)
Linked: (/home/sandeepan/tiago_public_ws/devel/.private/pal_interaction_msgs/share/common-lisp/ros/pal_interaction_msgs/msg/_package_actiontag.lisp, /home/sandeepan/tiago_public_ws/devel/share/common-lisp/ros/pal_interaction_msgs/msg/_package_actiontag.lisp)
Linked: (/home/sandeepan/tiago_public_ws/devel/.private/pal_interaction_msgs/share/common-lisp/ros/pal_interaction_msgs/msg/_package_ASRLangModelMngmt.lisp, /home/sandeepan/tiago_public_ws/devel/share/common-lisp/ros/pal_interaction_msgs/msg/_package_ASRLangModelMngmt.lisp)
Linked: (/home/sandeepan/tiago_public_ws/devel/.private/pal_interaction_msgs/share/common-lisp/ros/pal_interaction_msgs/msg/_package_EnablingSoundLocalisation.lisp, /home/sandeepan/tiago_public_ws/devel/share/common-lisp/ros/pal_interaction_msgs/msg/_package_EnablingSoundLocalisation.lisp)
Linked: (/home/sandeepan/tiago_public_ws/devel/.private/pal_interaction_msgs/share/common-lisp/ros/pal_interaction_msgs/msg/_package_ASRActivation.lisp, /home/sandeepan/tiago_public_ws/devel/share/common-lisp/ros/pal_interaction_msgs/msg/_package_ASRActivation.lisp)
Linked: (/home/sandeepan/tiago_public_ws/devel/.private/pal_interaction_msgs/share/common-lisp/ros/pal_interaction_msgs/msg/ASRSrvResponse.lisp, /home/sandeepan/tiago_public_ws/devel/share/common-lisp/ros/pal_interaction_msgs/msg/ASRSrvResponse.lisp)
Linked: (/home/sandeepan/tiago_public_ws/devel/.private/pal_interaction_msgs/share/common-lisp/ros/pal_interaction_msgs/msg/audiosignal.lisp, /home/sandeepan/tiago_public_ws/devel/share/common-lisp/ros/pal_interaction_msgs/msg/audiosignal.lisp)
Linked: (/home/sandeepan/tiago_public_ws/devel/.private/pal_interaction_msgs/share/common-lisp/ros/pal_interaction_msgs/msg/ASRSrvRequest.lisp, /home/sandeepan/tiago_public_ws/devel/share/common-lisp/ros/pal_interaction_msgs/msg/ASRSrvRequest.lisp)
Linked: (/home/sandeepan/tiago_public_ws/devel/.private/pal_interaction_msgs/share/common-lisp/ros/pal_interaction_msgs/msg/SoundGoal.lisp, /home/sandeepan/tiago_public_ws/devel/share/common-lisp/ros/pal_interaction_msgs/msg/SoundGoal.lisp)
Linked: (/home/sandeepan/tiago_public_ws/devel/.private/pal_interaction_msgs/share/common-lisp/ros/pal_interaction_msgs/msg/AudioPlayResult.lisp, /home/sandeepan/tiago_public_ws/devel/share/common-lisp/ros/pal_interaction_msgs/msg/AudioPlayResult.lisp)
Linked: (/home/sandeepan/tiago_public_ws/devel/.private/pal_interaction_msgs/share/common-lisp/ros/pal_interaction_msgs/msg/_package_AudioPlayActionGoal.lisp, /home/sandeepan/tiago_public_ws/devel/share/common-lisp/ros/pal_interaction_msgs/msg/_package_AudioPlayActionGoal.lisp)
Linked: (/home/sandeepan/tiago_public_ws/devel/.private/pal_interaction_msgs/share/common-lisp/ros/pal_interaction_msgs/msg/_package_TtsActionFeedback.lisp, /home/sandeepan/tiago_public_ws/devel/share/common-lisp/ros/pal_interaction_msgs/msg/_package_TtsActionFeedback.lisp)
Linked: (/home/sandeepan/tiago_public_ws/devel/.private/pal_interaction_msgs/share/common-lisp/ros/pal_interaction_msgs/msg/_package_ASREvent.lisp, /home/sandeepan/tiago_public_ws/devel/share/common-lisp/ros/pal_interaction_msgs/msg/_package_ASREvent.lisp)
Linked: (/home/sandeepan/tiago_public_ws/devel/.private/pal_interaction_msgs/share/common-lisp/ros/pal_interaction_msgs/msg/_package_TtsResult.lisp, /home/sandeepan/tiago_public_ws/devel/share/common-lisp/ros/pal_interaction_msgs/msg/_package_TtsResult.lisp)
Linked: (/home/sandeepan/tiago_public_ws/devel/.private/pal_interaction_msgs/share/common-lisp/ros/pal_interaction_msgs/msg/InputArgument.lisp, /home/sandeepan/tiago_public_ws/devel/share/common-lisp/ros/pal_interaction_msgs/msg/InputArgument.lisp)
Linked: (/home/sandeepan/tiago_public_ws/devel/.private/pal_interaction_msgs/share/common-lisp/ros/pal_interaction_msgs/msg/_package_SoundResult.lisp, /home/sandeepan/tiago_public_ws/devel/share/common-lisp/ros/pal_interaction_msgs/msg/_package_SoundResult.lisp)
Linked: (/home/sandeepan/tiago_public_ws/devel/.private/pal_interaction_msgs/share/common-lisp/ros/pal_interaction_msgs/msg/_package_ASRFileActionGoal.lisp, /home/sandeepan/tiago_public_ws/devel/share/common-lisp/ros/pal_interaction_msgs/msg/_package_ASRFileActionGoal.lisp)
Linked: (/home/sandeepan/tiago_public_ws/devel/.private/pal_interaction_msgs/share/common-lisp/ros/pal_interaction_msgs/msg/_package_SoundActionResult.lisp, /home/sandeepan/tiago_public_ws/devel/share/common-lisp/ros/pal_interaction_msgs/msg/_package_SoundActionResult.lisp)
Linked: (/home/sandeepan/tiago_public_ws/devel/.private/pal_interaction_msgs/share/common-lisp/ros/pal_interaction_msgs/msg/DirectionOfArrival.lisp, /home/sandeepan/tiago_public_ws/devel/share/common-lisp/ros/pal_interaction_msgs/msg/DirectionOfArrival.lisp)
Linked: (/home/sandeepan/tiago_public_ws/devel/.private/pal_interaction_msgs/share/common-lisp/ros/pal_interaction_msgs/msg/_package_WebGuiEvent.lisp, /home/sandeepan/tiago_public_ws/devel/share/common-lisp/ros/pal_interaction_msgs/msg/_package_WebGuiEvent.lisp)
Linked: (/home/sandeepan/tiago_public_ws/devel/.private/pal_interaction_msgs/share/common-lisp/ros/pal_interaction_msgs/msg/_package_AudioPlayFeedback.lisp, /home/sandeepan/tiago_public_ws/devel/share/common-lisp/ros/pal_interaction_msgs/msg/_package_AudioPlayFeedback.lisp)
Linked: (/home/sandeepan/tiago_public_ws/devel/.private/pal_interaction_msgs/share/common-lisp/ros/pal_interaction_msgs/msg/ASRFileGoal.lisp, /home/sandeepan/tiago_public_ws/devel/share/common-lisp/ros/pal_interaction_msgs/msg/ASRFileGoal.lisp)
Linked: (/home/sandeepan/tiago_public_ws/devel/.private/pal_interaction_msgs/share/common-lisp/ros/pal_interaction_msgs/msg/_package_ASRFileResult.lisp, /home/sandeepan/tiago_public_ws/devel/share/common-lisp/ros/pal_interaction_msgs/msg/_package_ASRFileResult.lisp)
Linked: (/home/sandeepan/tiago_public_ws/devel/.private/pal_interaction_msgs/share/common-lisp/ros/pal_interaction_msgs/msg/_package_AudioPlayerState.lisp, /home/sandeepan/tiago_public_ws/devel/share/common-lisp/ros/pal_interaction_msgs/msg/_package_AudioPlayerState.lisp)
Linked: (/home/sandeepan/tiago_public_ws/devel/.private/pal_interaction_msgs/share/common-lisp/ros/pal_interaction_msgs/msg/AudioPlayGoal.lisp, /home/sandeepan/tiago_public_ws/devel/share/common-lisp/ros/pal_interaction_msgs/msg/AudioPlayGoal.lisp)
Linked: (/home/sandeepan/tiago_public_ws/devel/.private/pal_interaction_msgs/share/common-lisp/ros/pal_interaction_msgs/msg/ASRActivation.lisp, /home/sandeepan/tiago_public_ws/devel/share/common-lisp/ros/pal_interaction_msgs/msg/ASRActivation.lisp)
Linked: (/home/sandeepan/tiago_public_ws/devel/.private/pal_interaction_msgs/share/common-lisp/ros/pal_interaction_msgs/msg/_package_TtsFeedback.lisp, /home/sandeepan/tiago_public_ws/devel/share/common-lisp/ros/pal_interaction_msgs/msg/_package_TtsFeedback.lisp)
Linked: (/home/sandeepan/tiago_public_ws/devel/.private/pal_interaction_msgs/share/common-lisp/ros/pal_interaction_msgs/msg/ASRFileFeedback.lisp, /home/sandeepan/tiago_public_ws/devel/share/common-lisp/ros/pal_interaction_msgs/msg/ASRFileFeedback.lisp)
Linked: (/home/sandeepan/tiago_public_ws/devel/.private/pal_interaction_msgs/share/common-lisp/ros/pal_interaction_msgs/msg/_package.lisp, /home/sandeepan/tiago_public_ws/devel/share/common-lisp/ros/pal_interaction_msgs/msg/_package.lisp)
Linked: (/home/sandeepan/tiago_public_ws/devel/.private/pal_interaction_msgs/share/common-lisp/ros/pal_interaction_msgs/msg/asrresult.lisp, /home/sandeepan/tiago_public_ws/devel/share/common-lisp/ros/pal_interaction_msgs/msg/asrresult.lisp)
Linked: (/home/sandeepan/tiago_public_ws/devel/.private/pal_interaction_msgs/share/common-lisp/ros/pal_interaction_msgs/msg/_package_I18nText.lisp, /home/sandeepan/tiago_public_ws/devel/share/common-lisp/ros/pal_interaction_msgs/msg/_package_I18nText.lisp)
Linked: (/home/sandeepan/tiago_public_ws/devel/.private/pal_interaction_msgs/share/common-lisp/ros/pal_interaction_msgs/msg/TtsResult.lisp, /home/sandeepan/tiago_public_ws/devel/share/common-lisp/ros/pal_interaction_msgs/msg/TtsResult.lisp)
Linked: (/home/sandeepan/tiago_public_ws/devel/.private/pal_interaction_msgs/share/common-lisp/ros/pal_interaction_msgs/msg/_package_ASRSrvResponse.lisp, /home/sandeepan/tiago_public_ws/devel/share/common-lisp/ros/pal_interaction_msgs/msg/_package_ASRSrvResponse.lisp)
Linked: (/home/sandeepan/tiago_public_ws/devel/.private/pal_interaction_msgs/share/common-lisp/ros/pal_interaction_msgs/msg/_package_ASRFileFeedback.lisp, /home/sandeepan/tiago_public_ws/devel/share/common-lisp/ros/pal_interaction_msgs/msg/_package_ASRFileFeedback.lisp)
Linked: (/home/sandeepan/tiago_public_ws/devel/.private/pal_interaction_msgs/share/common-lisp/ros/pal_interaction_msgs/msg/TtsActionResult.lisp, /home/sandeepan/tiago_public_ws/devel/share/common-lisp/ros/pal_interaction_msgs/msg/TtsActionResult.lisp)
Linked: (/home/sandeepan/tiago_public_ws/devel/.private/pal_interaction_msgs/share/common-lisp/ros/pal_interaction_msgs/msg/SoundActionResult.lisp, /home/sandeepan/tiago_public_ws/devel/share/common-lisp/ros/pal_interaction_msgs/msg/SoundActionResult.lisp)
Linked: (/home/sandeepan/tiago_public_ws/devel/.private/pal_interaction_msgs/share/common-lisp/ros/pal_interaction_msgs/msg/_package_asrresult.lisp, /home/sandeepan/tiago_public_ws/devel/share/common-lisp/ros/pal_interaction_msgs/msg/_package_asrresult.lisp)
Linked: (/home/sandeepan/tiago_public_ws/devel/.private/pal_interaction_msgs/share/common-lisp/ros/pal_interaction_msgs/msg/TtsActionFeedback.lisp, /home/sandeepan/tiago_public_ws/devel/share/common-lisp/ros/pal_interaction_msgs/msg/TtsActionFeedback.lisp)
Linked: (/home/sandeepan/tiago_public_ws/devel/.private/pal_interaction_msgs/share/common-lisp/ros/pal_interaction_msgs/msg/_package_TtsMark.lisp, /home/sandeepan/tiago_public_ws/devel/share/common-lisp/ros/pal_interaction_msgs/msg/_package_TtsMark.lisp)
Linked: (/home/sandeepan/tiago_public_ws/devel/.private/pal_interaction_msgs/share/common-lisp/ros/pal_interaction_msgs/msg/TtsMark.lisp, /home/sandeepan/tiago_public_ws/devel/share/common-lisp/ros/pal_interaction_msgs/msg/TtsMark.lisp)
Linked: (/home/sandeepan/tiago_public_ws/devel/.private/pal_interaction_msgs/share/common-lisp/ros/pal_interaction_msgs/msg/SoundFeedback.lisp, /home/sandeepan/tiago_public_ws/devel/share/common-lisp/ros/pal_interaction_msgs/msg/SoundFeedback.lisp)
Linked: (/home/sandeepan/tiago_public_ws/devel/.private/pal_interaction_msgs/share/common-lisp/ros/pal_interaction_msgs/msg/SoundActionGoal.lisp, /home/sandeepan/tiago_public_ws/devel/share/common-lisp/ros/pal_interaction_msgs/msg/SoundActionGoal.lisp)
Linked: (/home/sandeepan/tiago_public_ws/devel/.private/pal_interaction_msgs/share/common-lisp/ros/pal_interaction_msgs/msg/AudioPlayerState.lisp, /home/sandeepan/tiago_public_ws/devel/share/common-lisp/ros/pal_interaction_msgs/msg/AudioPlayerState.lisp)
Linked: (/home/sandeepan/tiago_public_ws/devel/.private/pal_interaction_msgs/share/common-lisp/ros/pal_interaction_msgs/msg/_package_InputArgument.lisp, /home/sandeepan/tiago_public_ws/devel/share/common-lisp/ros/pal_interaction_msgs/msg/_package_InputArgument.lisp)
Linked: (/home/sandeepan/tiago_public_ws/devel/.private/pal_interaction_msgs/share/common-lisp/ros/pal_interaction_msgs/msg/_package_ASRFileGoal.lisp, /home/sandeepan/tiago_public_ws/devel/share/common-lisp/ros/pal_interaction_msgs/msg/_package_ASRFileGoal.lisp)
Linked: (/home/sandeepan/tiago_public_ws/devel/.private/pal_interaction_msgs/share/common-lisp/ros/pal_interaction_msgs/msg/_package_ASRLanguage.lisp, /home/sandeepan/tiago_public_ws/devel/share/common-lisp/ros/pal_interaction_msgs/msg/_package_ASRLanguage.lisp)
Linked: (/home/sandeepan/tiago_public_ws/devel/.private/pal_interaction_msgs/share/common-lisp/ros/pal_interaction_msgs/msg/_package_ASRSrvRequest.lisp, /home/sandeepan/tiago_public_ws/devel/share/common-lisp/ros/pal_interaction_msgs/msg/_package_ASRSrvRequest.lisp)
Linked: (/home/sandeepan/tiago_public_ws/devel/.private/pal_interaction_msgs/share/common-lisp/ros/pal_interaction_msgs/msg/_package_ASRFileActionResult.lisp, /home/sandeepan/tiago_public_ws/devel/share/common-lisp/ros/pal_interaction_msgs/msg/_package_ASRFileActionResult.lisp)
Linked: (/home/sandeepan/tiago_public_ws/devel/.private/pal_interaction_msgs/share/common-lisp/ros/pal_interaction_msgs/msg/AudioPlayAction.lisp, /home/sandeepan/tiago_public_ws/devel/share/common-lisp/ros/pal_interaction_msgs/msg/AudioPlayAction.lisp)
Linked: (/home/sandeepan/tiago_public_ws/devel/.private/pal_interaction_msgs/share/common-lisp/ros/pal_interaction_msgs/msg/TTSstate.lisp, /home/sandeepan/tiago_public_ws/devel/share/common-lisp/ros/pal_interaction_msgs/msg/TTSstate.lisp)
Linked: (/home/sandeepan/tiago_public_ws/devel/.private/pal_interaction_msgs/share/common-lisp/ros/pal_interaction_msgs/msg/_package_TtsActionGoal.lisp, /home/sandeepan/tiago_public_ws/devel/share/common-lisp/ros/pal_interaction_msgs/msg/_package_TtsActionGoal.lisp)
Linked: (/home/sandeepan/tiago_public_ws/devel/.private/pal_interaction_msgs/share/common-lisp/ros/pal_interaction_msgs/msg/ASRFileAction.lisp, /home/sandeepan/tiago_public_ws/devel/share/common-lisp/ros/pal_interaction_msgs/msg/ASRFileAction.lisp)
Linked: (/home/sandeepan/tiago_public_ws/devel/.private/pal_interaction_msgs/share/common-lisp/ros/pal_interaction_msgs/msg/AudioPlayActionFeedback.lisp, /home/sandeepan/tiago_public_ws/devel/share/common-lisp/ros/pal_interaction_msgs/msg/AudioPlayActionFeedback.lisp)
Linked: (/home/sandeepan/tiago_public_ws/devel/.private/pal_interaction_msgs/share/common-lisp/ros/pal_interaction_msgs/msg/Input.lisp, /home/sandeepan/tiago_public_ws/devel/share/common-lisp/ros/pal_interaction_msgs/msg/Input.lisp)
Linked: (/home/sandeepan/tiago_public_ws/devel/.private/pal_interaction_msgs/share/common-lisp/ros/pal_interaction_msgs/msg/TtsGoal.lisp, /home/sandeepan/tiago_public_ws/devel/share/common-lisp/ros/pal_interaction_msgs/msg/TtsGoal.lisp)
Linked: (/home/sandeepan/tiago_public_ws/devel/.private/pal_interaction_msgs/share/common-lisp/ros/pal_interaction_msgs/msg/_package_asrupdate.lisp, /home/sandeepan/tiago_public_ws/devel/share/common-lisp/ros/pal_interaction_msgs/msg/_package_asrupdate.lisp)
Linked: (/home/sandeepan/tiago_public_ws/devel/.private/pal_interaction_msgs/share/common-lisp/ros/pal_interaction_msgs/msg/AudioPlayFeedback.lisp, /home/sandeepan/tiago_public_ws/devel/share/common-lisp/ros/pal_interaction_msgs/msg/AudioPlayFeedback.lisp)
Linked: (/home/sandeepan/tiago_public_ws/devel/.private/pal_interaction_msgs/share/common-lisp/ros/pal_interaction_msgs/msg/_package_Input.lisp, /home/sandeepan/tiago_public_ws/devel/share/common-lisp/ros/pal_interaction_msgs/msg/_package_Input.lisp)
Linked: (/home/sandeepan/tiago_public_ws/devel/.private/pal_interaction_msgs/share/common-lisp/ros/pal_interaction_msgs/msg/_package_AudioPlayActionFeedback.lisp, /home/sandeepan/tiago_public_ws/devel/share/common-lisp/ros/pal_interaction_msgs/msg/_package_AudioPlayActionFeedback.lisp)
Linked: (/home/sandeepan/tiago_public_ws/devel/.private/pal_interaction_msgs/share/common-lisp/ros/pal_interaction_msgs/msg/I18nText.lisp, /home/sandeepan/tiago_public_ws/devel/share/common-lisp/ros/pal_interaction_msgs/msg/I18nText.lisp)
Linked: (/home/sandeepan/tiago_public_ws/devel/.private/pal_interaction_msgs/share/common-lisp/ros/pal_interaction_msgs/msg/_package_I18nArgument.lisp, /home/sandeepan/tiago_public_ws/devel/share/common-lisp/ros/pal_interaction_msgs/msg/_package_I18nArgument.lisp)
Linked: (/home/sandeepan/tiago_public_ws/devel/.private/pal_interaction_msgs/share/common-lisp/ros/pal_interaction_msgs/msg/_package_SoundActionGoal.lisp, /home/sandeepan/tiago_public_ws/devel/share/common-lisp/ros/pal_interaction_msgs/msg/_package_SoundActionGoal.lisp)
Linked: (/home/sandeepan/tiago_public_ws/devel/.private/pal_interaction_msgs/share/common-lisp/ros/pal_interaction_msgs/msg/SoundResult.lisp, /home/sandeepan/tiago_public_ws/devel/share/common-lisp/ros/pal_interaction_msgs/msg/SoundResult.lisp)
Linked: (/home/sandeepan/tiago_public_ws/devel/.private/pal_interaction_msgs/share/common-lisp/ros/pal_interaction_msgs/msg/_package_TtsAction.lisp, /home/sandeepan/tiago_public_ws/devel/share/common-lisp/ros/pal_interaction_msgs/msg/_package_TtsAction.lisp)
Linked: (/home/sandeepan/tiago_public_ws/devel/.private/pal_interaction_msgs/share/common-lisp/ros/pal_interaction_msgs/msg/_package_AudioDeviceDescription.lisp, /home/sandeepan/tiago_public_ws/devel/share/common-lisp/ros/pal_interaction_msgs/msg/_package_AudioDeviceDescription.lisp)
Linked: (/home/sandeepan/tiago_public_ws/devel/.private/pal_interaction_msgs/lib/python2.7/dist-packages/pal_interaction_msgs/__init__.py, /home/sandeepan/tiago_public_ws/devel/lib/python2.7/dist-packages/pal_interaction_msgs/__init__.py)
Linked: (/home/sandeepan/tiago_public_ws/devel/.private/pal_interaction_msgs/lib/python2.7/dist-packages/pal_interaction_msgs/srv/_recognizerService.py, /home/sandeepan/tiago_public_ws/devel/lib/python2.7/dist-packages/pal_interaction_msgs/srv/_recognizerService.py)
Linked: (/home/sandeepan/tiago_public_ws/devel/.private/pal_interaction_msgs/lib/python2.7/dist-packages/pal_interaction_msgs/srv/__init__.py, /home/sandeepan/tiago_public_ws/devel/lib/python2.7/dist-packages/pal_interaction_msgs/srv/__init__.py)
Linked: (/home/sandeepan/tiago_public_ws/devel/.private/pal_interaction_msgs/lib/python2.7/dist-packages/pal_interaction_msgs/srv/_ASRService.py, /home/sandeepan/tiago_public_ws/devel/lib/python2.7/dist-packages/pal_interaction_msgs/srv/_ASRService.py)
Linked: (/home/sandeepan/tiago_public_ws/devel/.private/pal_interaction_msgs/lib/python2.7/dist-packages/pal_interaction_msgs/srv/_SoundLocalisationService.py, /home/sandeepan/tiago_public_ws/devel/lib/python2.7/dist-packages/pal_interaction_msgs/srv/_SoundLocalisationService.py)
Linked: (/home/sandeepan/tiago_public_ws/devel/.private/pal_interaction_msgs/lib/python2.7/dist-packages/pal_interaction_msgs/msg/_Input.py, /home/sandeepan/tiago_public_ws/devel/lib/python2.7/dist-packages/pal_interaction_msgs/msg/_Input.py)
Linked: (/home/sandeepan/tiago_public_ws/devel/.private/pal_interaction_msgs/lib/python2.7/dist-packages/pal_interaction_msgs/msg/_AudioPlayerState.py, /home/sandeepan/tiago_public_ws/devel/lib/python2.7/dist-packages/pal_interaction_msgs/msg/_AudioPlayerState.py)
Linked: (/home/sandeepan/tiago_public_ws/devel/.private/pal_interaction_msgs/lib/python2.7/dist-packages/pal_interaction_msgs/msg/__init__.py, /home/sandeepan/tiago_public_ws/devel/lib/python2.7/dist-packages/pal_interaction_msgs/msg/__init__.py)
Linked: (/home/sandeepan/tiago_public_ws/devel/.private/pal_interaction_msgs/lib/python2.7/dist-packages/pal_interaction_msgs/msg/_actiontag.py, /home/sandeepan/tiago_public_ws/devel/lib/python2.7/dist-packages/pal_interaction_msgs/msg/_actiontag.py)
Linked: (/home/sandeepan/tiago_public_ws/devel/.private/pal_interaction_msgs/lib/python2.7/dist-packages/pal_interaction_msgs/msg/_AudioPlayResult.py, /home/sandeepan/tiago_public_ws/devel/lib/python2.7/dist-packages/pal_interaction_msgs/msg/_AudioPlayResult.py)
Linked: (/home/sandeepan/tiago_public_ws/devel/.private/pal_interaction_msgs/lib/python2.7/dist-packages/pal_interaction_msgs/msg/_WebGuiEvent.py, /home/sandeepan/tiago_public_ws/devel/lib/python2.7/dist-packages/pal_interaction_msgs/msg/_WebGuiEvent.py)
Linked: (/home/sandeepan/tiago_public_ws/devel/.private/pal_interaction_msgs/lib/python2.7/dist-packages/pal_interaction_msgs/msg/_ASRActivation.py, /home/sandeepan/tiago_public_ws/devel/lib/python2.7/dist-packages/pal_interaction_msgs/msg/_ASRActivation.py)
Linked: (/home/sandeepan/tiago_public_ws/devel/.private/pal_interaction_msgs/lib/python2.7/dist-packages/pal_interaction_msgs/msg/_SoundActionFeedback.py, /home/sandeepan/tiago_public_ws/devel/lib/python2.7/dist-packages/pal_interaction_msgs/msg/_SoundActionFeedback.py)
Linked: (/home/sandeepan/tiago_public_ws/devel/.private/pal_interaction_msgs/lib/python2.7/dist-packages/pal_interaction_msgs/msg/_AudioPlayActionResult.py, /home/sandeepan/tiago_public_ws/devel/lib/python2.7/dist-packages/pal_interaction_msgs/msg/_AudioPlayActionResult.py)
Linked: (/home/sandeepan/tiago_public_ws/devel/.private/pal_interaction_msgs/lib/python2.7/dist-packages/pal_interaction_msgs/msg/_TTSstate.py, /home/sandeepan/tiago_public_ws/devel/lib/python2.7/dist-packages/pal_interaction_msgs/msg/_TTSstate.py)
Linked: (/home/sandeepan/tiago_public_ws/devel/.private/pal_interaction_msgs/lib/python2.7/dist-packages/pal_interaction_msgs/msg/_asrresult.py, /home/sandeepan/tiago_public_ws/devel/lib/python2.7/dist-packages/pal_interaction_msgs/msg/_asrresult.py)
Linked: (/home/sandeepan/tiago_public_ws/devel/.private/pal_interaction_msgs/lib/python2.7/dist-packages/pal_interaction_msgs/msg/_TtsActionResult.py, /home/sandeepan/tiago_public_ws/devel/lib/python2.7/dist-packages/pal_interaction_msgs/msg/_TtsActionResult.py)
Linked: (/home/sandeepan/tiago_public_ws/devel/.private/pal_interaction_msgs/lib/python2.7/dist-packages/pal_interaction_msgs/msg/_InputArgument.py, /home/sandeepan/tiago_public_ws/devel/lib/python2.7/dist-packages/pal_interaction_msgs/msg/_InputArgument.py)
Linked: (/home/sandeepan/tiago_public_ws/devel/.private/pal_interaction_msgs/lib/python2.7/dist-packages/pal_interaction_msgs/msg/_I18nText.py, /home/sandeepan/tiago_public_ws/devel/lib/python2.7/dist-packages/pal_interaction_msgs/msg/_I18nText.py)
Linked: (/home/sandeepan/tiago_public_ws/devel/.private/pal_interaction_msgs/lib/python2.7/dist-packages/pal_interaction_msgs/msg/_SoundAction.py, /home/sandeepan/tiago_public_ws/devel/lib/python2.7/dist-packages/pal_interaction_msgs/msg/_SoundAction.py)
Linked: (/home/sandeepan/tiago_public_ws/devel/.private/pal_interaction_msgs/lib/python2.7/dist-packages/pal_interaction_msgs/msg/_TtsActionFeedback.py, /home/sandeepan/tiago_public_ws/devel/lib/python2.7/dist-packages/pal_interaction_msgs/msg/_TtsActionFeedback.py)
Linked: (/home/sandeepan/tiago_public_ws/devel/.private/pal_interaction_msgs/lib/python2.7/dist-packages/pal_interaction_msgs/msg/_TtsGoal.py, /home/sandeepan/tiago_public_ws/devel/lib/python2.7/dist-packages/pal_interaction_msgs/msg/_TtsGoal.py)
Linked: (/home/sandeepan/tiago_public_ws/devel/.private/pal_interaction_msgs/lib/python2.7/dist-packages/pal_interaction_msgs/msg/_AudioPlayFeedback.py, /home/sandeepan/tiago_public_ws/devel/lib/python2.7/dist-packages/pal_interaction_msgs/msg/_AudioPlayFeedback.py)
Linked: (/home/sandeepan/tiago_public_ws/devel/.private/pal_interaction_msgs/lib/python2.7/dist-packages/pal_interaction_msgs/msg/_DirectionOfArrival.py, /home/sandeepan/tiago_public_ws/devel/lib/python2.7/dist-packages/pal_interaction_msgs/msg/_DirectionOfArrival.py)
Linked: (/home/sandeepan/tiago_public_ws/devel/.private/pal_interaction_msgs/lib/python2.7/dist-packages/pal_interaction_msgs/msg/_EnablingSoundLocalisation.py, /home/sandeepan/tiago_public_ws/devel/lib/python2.7/dist-packages/pal_interaction_msgs/msg/_EnablingSoundLocalisation.py)
Linked: (/home/sandeepan/tiago_public_ws/devel/.private/pal_interaction_msgs/lib/python2.7/dist-packages/pal_interaction_msgs/msg/_ASRFileAction.py, /home/sandeepan/tiago_public_ws/devel/lib/python2.7/dist-packages/pal_interaction_msgs/msg/_ASRFileAction.py)
Linked: (/home/sandeepan/tiago_public_ws/devel/.private/pal_interaction_msgs/lib/python2.7/dist-packages/pal_interaction_msgs/msg/_TtsText.py, /home/sandeepan/tiago_public_ws/devel/lib/python2.7/dist-packages/pal_interaction_msgs/msg/_TtsText.py)
Linked: (/home/sandeepan/tiago_public_ws/devel/.private/pal_interaction_msgs/lib/python2.7/dist-packages/pal_interaction_msgs/msg/_TtsMark.py, /home/sandeepan/tiago_public_ws/devel/lib/python2.7/dist-packages/pal_interaction_msgs/msg/_TtsMark.py)
Linked: (/home/sandeepan/tiago_public_ws/devel/.private/pal_interaction_msgs/lib/python2.7/dist-packages/pal_interaction_msgs/msg/_TtsAction.py, /home/sandeepan/tiago_public_ws/devel/lib/python2.7/dist-packages/pal_interaction_msgs/msg/_TtsAction.py)
Linked: (/home/sandeepan/tiago_public_ws/devel/.private/pal_interaction_msgs/lib/python2.7/dist-packages/pal_interaction_msgs/msg/_ASRLangModelMngmt.py, /home/sandeepan/tiago_public_ws/devel/lib/python2.7/dist-packages/pal_interaction_msgs/msg/_ASRLangModelMngmt.py)
Linked: (/home/sandeepan/tiago_public_ws/devel/.private/pal_interaction_msgs/lib/python2.7/dist-packages/pal_interaction_msgs/msg/_AudioPlayActionFeedback.py, /home/sandeepan/tiago_public_ws/devel/lib/python2.7/dist-packages/pal_interaction_msgs/msg/_AudioPlayActionFeedback.py)
Linked: (/home/sandeepan/tiago_public_ws/devel/.private/pal_interaction_msgs/lib/python2.7/dist-packages/pal_interaction_msgs/msg/_ASRFileFeedback.py, /home/sandeepan/tiago_public_ws/devel/lib/python2.7/dist-packages/pal_interaction_msgs/msg/_ASRFileFeedback.py)
Linked: (/home/sandeepan/tiago_public_ws/devel/.private/pal_interaction_msgs/lib/python2.7/dist-packages/pal_interaction_msgs/msg/_TtsActionGoal.py, /home/sandeepan/tiago_public_ws/devel/lib/python2.7/dist-packages/pal_interaction_msgs/msg/_TtsActionGoal.py)
Linked: (/home/sandeepan/tiago_public_ws/devel/.private/pal_interaction_msgs/lib/python2.7/dist-packages/pal_interaction_msgs/msg/_AudioPlayGoal.py, /home/sandeepan/tiago_public_ws/devel/lib/python2.7/dist-packages/pal_interaction_msgs/msg/_AudioPlayGoal.py)
Linked: (/home/sandeepan/tiago_public_ws/devel/.private/pal_interaction_msgs/lib/python2.7/dist-packages/pal_interaction_msgs/msg/_ASREvent.py, /home/sandeepan/tiago_public_ws/devel/lib/python2.7/dist-packages/pal_interaction_msgs/msg/_ASREvent.py)
Linked: (/home/sandeepan/tiago_public_ws/devel/.private/pal_interaction_msgs/lib/python2.7/dist-packages/pal_interaction_msgs/msg/_TtsResult.py, /home/sandeepan/tiago_public_ws/devel/lib/python2.7/dist-packages/pal_interaction_msgs/msg/_TtsResult.py)
Linked: (/home/sandeepan/tiago_public_ws/devel/.private/pal_interaction_msgs/lib/python2.7/dist-packages/pal_interaction_msgs/msg/_SoundActionResult.py, /home/sandeepan/tiago_public_ws/devel/lib/python2.7/dist-packages/pal_interaction_msgs/msg/_SoundActionResult.py)
Linked: (/home/sandeepan/tiago_public_ws/devel/.private/pal_interaction_msgs/lib/python2.7/dist-packages/pal_interaction_msgs/msg/_TtsFeedback.py, /home/sandeepan/tiago_public_ws/devel/lib/python2.7/dist-packages/pal_interaction_msgs/msg/_TtsFeedback.py)
Linked: (/home/sandeepan/tiago_public_ws/devel/.private/pal_interaction_msgs/lib/python2.7/dist-packages/pal_interaction_msgs/msg/_VoiceActivity.py, /home/sandeepan/tiago_public_ws/devel/lib/python2.7/dist-packages/pal_interaction_msgs/msg/_VoiceActivity.py)
Linked: (/home/sandeepan/tiago_public_ws/devel/.private/pal_interaction_msgs/lib/python2.7/dist-packages/pal_interaction_msgs/msg/_ASRFileActionGoal.py, /home/sandeepan/tiago_public_ws/devel/lib/python2.7/dist-packages/pal_interaction_msgs/msg/_ASRFileActionGoal.py)
Linked: (/home/sandeepan/tiago_public_ws/devel/.private/pal_interaction_msgs/lib/python2.7/dist-packages/pal_interaction_msgs/msg/_ASRLanguage.py, /home/sandeepan/tiago_public_ws/devel/lib/python2.7/dist-packages/pal_interaction_msgs/msg/_ASRLanguage.py)
Linked: (/home/sandeepan/tiago_public_ws/devel/.private/pal_interaction_msgs/lib/python2.7/dist-packages/pal_interaction_msgs/msg/_SoundResult.py, /home/sandeepan/tiago_public_ws/devel/lib/python2.7/dist-packages/pal_interaction_msgs/msg/_SoundResult.py)
Linked: (/home/sandeepan/tiago_public_ws/devel/.private/pal_interaction_msgs/lib/python2.7/dist-packages/pal_interaction_msgs/msg/_audiosignal.py, /home/sandeepan/tiago_public_ws/devel/lib/python2.7/dist-packages/pal_interaction_msgs/msg/_audiosignal.py)
Linked: (/home/sandeepan/tiago_public_ws/devel/.private/pal_interaction_msgs/lib/python2.7/dist-packages/pal_interaction_msgs/msg/_I18nArgument.py, /home/sandeepan/tiago_public_ws/devel/lib/python2.7/dist-packages/pal_interaction_msgs/msg/_I18nArgument.py)
Linked: (/home/sandeepan/tiago_public_ws/devel/.private/pal_interaction_msgs/lib/python2.7/dist-packages/pal_interaction_msgs/msg/_ASRStatus.py, /home/sandeepan/tiago_public_ws/devel/lib/python2.7/dist-packages/pal_interaction_msgs/msg/_ASRStatus.py)
Linked: (/home/sandeepan/tiago_public_ws/devel/.private/pal_interaction_msgs/lib/python2.7/dist-packages/pal_interaction_msgs/msg/_asrupdate.py, /home/sandeepan/tiago_public_ws/devel/lib/python2.7/dist-packages/pal_interaction_msgs/msg/_asrupdate.py)
Linked: (/home/sandeepan/tiago_public_ws/devel/.private/pal_interaction_msgs/lib/python2.7/dist-packages/pal_interaction_msgs/msg/_ASRSrvResponse.py, /home/sandeepan/tiago_public_ws/devel/lib/python2.7/dist-packages/pal_interaction_msgs/msg/_ASRSrvResponse.py)
Linked: (/home/sandeepan/tiago_public_ws/devel/.private/pal_interaction_msgs/lib/python2.7/dist-packages/pal_interaction_msgs/msg/_ASRFileActionResult.py, /home/sandeepan/tiago_public_ws/devel/lib/python2.7/dist-packages/pal_interaction_msgs/msg/_ASRFileActionResult.py)
Linked: (/home/sandeepan/tiago_public_ws/devel/.private/pal_interaction_msgs/lib/python2.7/dist-packages/pal_interaction_msgs/msg/_AudioPlayAction.py, /home/sandeepan/tiago_public_ws/devel/lib/python2.7/dist-packages/pal_interaction_msgs/msg/_AudioPlayAction.py)
Linked: (/home/sandeepan/tiago_public_ws/devel/.private/pal_interaction_msgs/lib/python2.7/dist-packages/pal_interaction_msgs/msg/_SoundFeedback.py, /home/sandeepan/tiago_public_ws/devel/lib/python2.7/dist-packages/pal_interaction_msgs/msg/_SoundFeedback.py)
Linked: (/home/sandeepan/tiago_public_ws/devel/.private/pal_interaction_msgs/lib/python2.7/dist-packages/pal_interaction_msgs/msg/_ASRFileActionFeedback.py, /home/sandeepan/tiago_public_ws/devel/lib/python2.7/dist-packages/pal_interaction_msgs/msg/_ASRFileActionFeedback.py)
Linked: (/home/sandeepan/tiago_public_ws/devel/.private/pal_interaction_msgs/lib/python2.7/dist-packages/pal_interaction_msgs/msg/_ASRFileResult.py, /home/sandeepan/tiago_public_ws/devel/lib/python2.7/dist-packages/pal_interaction_msgs/msg/_ASRFileResult.py)
Linked: (/home/sandeepan/tiago_public_ws/devel/.private/pal_interaction_msgs/lib/python2.7/dist-packages/pal_interaction_msgs/msg/_ASRSrvRequest.py, /home/sandeepan/tiago_public_ws/devel/lib/python2.7/dist-packages/pal_interaction_msgs/msg/_ASRSrvRequest.py)
Linked: (/home/sandeepan/tiago_public_ws/devel/.private/pal_interaction_msgs/lib/python2.7/dist-packages/pal_interaction_msgs/msg/_ASRFileGoal.py, /home/sandeepan/tiago_public_ws/devel/lib/python2.7/dist-packages/pal_interaction_msgs/msg/_ASRFileGoal.py)
Linked: (/home/sandeepan/tiago_public_ws/devel/.private/pal_interaction_msgs/lib/python2.7/dist-packages/pal_interaction_msgs/msg/_SoundGoal.py, /home/sandeepan/tiago_public_ws/devel/lib/python2.7/dist-packages/pal_interaction_msgs/msg/_SoundGoal.py)
Linked: (/home/sandeepan/tiago_public_ws/devel/.private/pal_interaction_msgs/lib/python2.7/dist-packages/pal_interaction_msgs/msg/_AudioPlayActionGoal.py, /home/sandeepan/tiago_public_ws/devel/lib/python2.7/dist-packages/pal_interaction_msgs/msg/_AudioPlayActionGoal.py)
Linked: (/home/sandeepan/tiago_public_ws/devel/.private/pal_interaction_msgs/lib/python2.7/dist-packages/pal_interaction_msgs/msg/_AudioDeviceDescription.py, /home/sandeepan/tiago_public_ws/devel/lib/python2.7/dist-packages/pal_interaction_msgs/msg/_AudioDeviceDescription.py)
Linked: (/home/sandeepan/tiago_public_ws/devel/.private/pal_interaction_msgs/lib/python2.7/dist-packages/pal_interaction_msgs/msg/_SoundActionGoal.py, /home/sandeepan/tiago_public_ws/devel/lib/python2.7/dist-packages/pal_interaction_msgs/msg/_SoundActionGoal.py)
Linked: (/home/sandeepan/tiago_public_ws/devel/.private/pal_interaction_msgs/lib/pkgconfig/pal_interaction_msgs.pc, /home/sandeepan/tiago_public_ws/devel/lib/pkgconfig/pal_interaction_msgs.pc)
