Determining if the pthread_create exist failed with the following output:
Change Dir: /home/sandeepan/tiago_public_ws/build/custom_ee_configuration/CMakeFiles/CMakeTmp

Run Build Command:"/usr/bin/make" "cmTC_8550e/fast"
/usr/bin/make -f CMakeFiles/cmTC_8550e.dir/build.make CMakeFiles/cmTC_8550e.dir/build
make[1]: Entering directory '/home/sandeepan/tiago_public_ws/build/custom_ee_configuration/CMakeFiles/CMakeTmp'
Building C object CMakeFiles/cmTC_8550e.dir/CheckSymbolExists.c.o
/usr/bin/cc    -o CMakeFiles/cmTC_8550e.dir/CheckSymbolExists.c.o   -c /home/sandeepan/tiago_public_ws/build/custom_ee_configuration/CMakeFiles/CMakeTmp/CheckSymbolExists.c
Linking C executable cmTC_8550e
/usr/bin/cmake -E cmake_link_script CMakeFiles/cmTC_8550e.dir/link.txt --verbose=1
/usr/bin/cc      -rdynamic CMakeFiles/cmTC_8550e.dir/CheckSymbolExists.c.o  -o cmTC_8550e 
CMakeFiles/cmTC_8550e.dir/CheckSymbolExists.c.o: In function `main':
CheckSymbolExists.c:(.text+0x1b): undefined reference to `pthread_create'
collect2: error: ld returned 1 exit status
CMakeFiles/cmTC_8550e.dir/build.make:97: recipe for target 'cmTC_8550e' failed
make[1]: *** [cmTC_8550e] Error 1
make[1]: Leaving directory '/home/sandeepan/tiago_public_ws/build/custom_ee_configuration/CMakeFiles/CMakeTmp'
Makefile:126: recipe for target 'cmTC_8550e/fast' failed
make: *** [cmTC_8550e/fast] Error 2

File /home/sandeepan/tiago_public_ws/build/custom_ee_configuration/CMakeFiles/CMakeTmp/CheckSymbolExists.c:
/* */
#include <pthread.h>

int main(int argc, char** argv)
{
  (void)argv;
#ifndef pthread_create
  return ((int*)(&pthread_create))[argc];
#else
  (void)argc;
  return 0;
#endif
}

Determining if the function pthread_create exists in the pthreads failed with the following output:
Change Dir: /home/sandeepan/tiago_public_ws/build/custom_ee_configuration/CMakeFiles/CMakeTmp

Run Build Command:"/usr/bin/make" "cmTC_af0df/fast"
/usr/bin/make -f CMakeFiles/cmTC_af0df.dir/build.make CMakeFiles/cmTC_af0df.dir/build
make[1]: Entering directory '/home/sandeepan/tiago_public_ws/build/custom_ee_configuration/CMakeFiles/CMakeTmp'
Building C object CMakeFiles/cmTC_af0df.dir/CheckFunctionExists.c.o
/usr/bin/cc   -DCHECK_FUNCTION_EXISTS=pthread_create   -o CMakeFiles/cmTC_af0df.dir/CheckFunctionExists.c.o   -c /usr/share/cmake-3.10/Modules/CheckFunctionExists.c
Linking C executable cmTC_af0df
/usr/bin/cmake -E cmake_link_script CMakeFiles/cmTC_af0df.dir/link.txt --verbose=1
/usr/bin/cc  -DCHECK_FUNCTION_EXISTS=pthread_create    -rdynamic CMakeFiles/cmTC_af0df.dir/CheckFunctionExists.c.o  -o cmTC_af0df -lpthreads 
/usr/bin/ld: cannot find -lpthreads
collect2: error: ld returned 1 exit status
CMakeFiles/cmTC_af0df.dir/build.make:97: recipe for target 'cmTC_af0df' failed
make[1]: *** [cmTC_af0df] Error 1
make[1]: Leaving directory '/home/sandeepan/tiago_public_ws/build/custom_ee_configuration/CMakeFiles/CMakeTmp'
Makefile:126: recipe for target 'cmTC_af0df/fast' failed
make: *** [cmTC_af0df/fast] Error 2


