Determining if the pthread_create exist failed with the following output:
Change Dir: /home/sandeepan/tiago_public_ws/build/pal_wsg_gripper_controller_configuration_gazebo/CMakeFiles/CMakeTmp

Run Build Command:"/usr/bin/make" "cmTC_da35f/fast"
/usr/bin/make -f CMakeFiles/cmTC_da35f.dir/build.make CMakeFiles/cmTC_da35f.dir/build
make[1]: Entering directory '/home/sandeepan/tiago_public_ws/build/pal_wsg_gripper_controller_configuration_gazebo/CMakeFiles/CMakeTmp'
Building C object CMakeFiles/cmTC_da35f.dir/CheckSymbolExists.c.o
/usr/bin/cc    -o CMakeFiles/cmTC_da35f.dir/CheckSymbolExists.c.o   -c /home/sandeepan/tiago_public_ws/build/pal_wsg_gripper_controller_configuration_gazebo/CMakeFiles/CMakeTmp/CheckSymbolExists.c
Linking C executable cmTC_da35f
/usr/bin/cmake -E cmake_link_script CMakeFiles/cmTC_da35f.dir/link.txt --verbose=1
/usr/bin/cc      -rdynamic CMakeFiles/cmTC_da35f.dir/CheckSymbolExists.c.o  -o cmTC_da35f 
CMakeFiles/cmTC_da35f.dir/CheckSymbolExists.c.o: In function `main':
CheckSymbolExists.c:(.text+0x1b): undefined reference to `pthread_create'
collect2: error: ld returned 1 exit status
CMakeFiles/cmTC_da35f.dir/build.make:97: recipe for target 'cmTC_da35f' failed
make[1]: *** [cmTC_da35f] Error 1
make[1]: Leaving directory '/home/sandeepan/tiago_public_ws/build/pal_wsg_gripper_controller_configuration_gazebo/CMakeFiles/CMakeTmp'
Makefile:126: recipe for target 'cmTC_da35f/fast' failed
make: *** [cmTC_da35f/fast] Error 2

File /home/sandeepan/tiago_public_ws/build/pal_wsg_gripper_controller_configuration_gazebo/CMakeFiles/CMakeTmp/CheckSymbolExists.c:
/* */
#include <pthread.h>

int main(int argc, char** argv)
{
  (void)argv;
#ifndef pthread_create
  return ((int*)(&pthread_create))[argc];
#else
  (void)argc;
  return 0;
#endif
}

Determining if the function pthread_create exists in the pthreads failed with the following output:
Change Dir: /home/sandeepan/tiago_public_ws/build/pal_wsg_gripper_controller_configuration_gazebo/CMakeFiles/CMakeTmp

Run Build Command:"/usr/bin/make" "cmTC_41002/fast"
/usr/bin/make -f CMakeFiles/cmTC_41002.dir/build.make CMakeFiles/cmTC_41002.dir/build
make[1]: Entering directory '/home/sandeepan/tiago_public_ws/build/pal_wsg_gripper_controller_configuration_gazebo/CMakeFiles/CMakeTmp'
Building C object CMakeFiles/cmTC_41002.dir/CheckFunctionExists.c.o
/usr/bin/cc   -DCHECK_FUNCTION_EXISTS=pthread_create   -o CMakeFiles/cmTC_41002.dir/CheckFunctionExists.c.o   -c /usr/share/cmake-3.10/Modules/CheckFunctionExists.c
Linking C executable cmTC_41002
/usr/bin/cmake -E cmake_link_script CMakeFiles/cmTC_41002.dir/link.txt --verbose=1
/usr/bin/cc  -DCHECK_FUNCTION_EXISTS=pthread_create    -rdynamic CMakeFiles/cmTC_41002.dir/CheckFunctionExists.c.o  -o cmTC_41002 -lpthreads 
/usr/bin/ld: cannot find -lpthreads
collect2: error: ld returned 1 exit status
CMakeFiles/cmTC_41002.dir/build.make:97: recipe for target 'cmTC_41002' failed
make[1]: *** [cmTC_41002] Error 1
make[1]: Leaving directory '/home/sandeepan/tiago_public_ws/build/pal_wsg_gripper_controller_configuration_gazebo/CMakeFiles/CMakeTmp'
Makefile:126: recipe for target 'cmTC_41002/fast' failed
make: *** [cmTC_41002/fast] Error 2


