Linked: (/home/sandeepan/tiago_public_ws/devel/.private/pal_motion_model_msgs/include/pal_motion_model_msgs/MotionModelList.h, /home/sandeepan/tiago_public_ws/devel/include/pal_motion_model_msgs/MotionModelList.h)
Linked: (/home/sandeepan/tiago_public_ws/devel/.private/pal_motion_model_msgs/include/pal_motion_model_msgs/MotionModelMap.h, /home/sandeepan/tiago_public_ws/devel/include/pal_motion_model_msgs/MotionModelMap.h)
Linked: (/home/sandeepan/tiago_public_ws/devel/.private/pal_motion_model_msgs/include/pal_motion_model_msgs/MotionModel.h, /home/sandeepan/tiago_public_ws/devel/include/pal_motion_model_msgs/MotionModel.h)
Linked: (/home/sandeepan/tiago_public_ws/devel/.private/pal_motion_model_msgs/include/pal_motion_model_msgs/GetMotionMapResponse.h, /home/sandeepan/tiago_public_ws/devel/include/pal_motion_model_msgs/GetMotionMapResponse.h)
Linked: (/home/sandeepan/tiago_public_ws/devel/.private/pal_motion_model_msgs/include/pal_motion_model_msgs/GetMotionMap.h, /home/sandeepan/tiago_public_ws/devel/include/pal_motion_model_msgs/GetMotionMap.h)
Linked: (/home/sandeepan/tiago_public_ws/devel/.private/pal_motion_model_msgs/include/pal_motion_model_msgs/GetMotionMapRequest.h, /home/sandeepan/tiago_public_ws/devel/include/pal_motion_model_msgs/GetMotionMapRequest.h)
Linked: (/home/sandeepan/tiago_public_ws/devel/.private/pal_motion_model_msgs/share/roseus/ros/pal_motion_model_msgs/manifest.l, /home/sandeepan/tiago_public_ws/devel/share/roseus/ros/pal_motion_model_msgs/manifest.l)
Linked: (/home/sandeepan/tiago_public_ws/devel/.private/pal_motion_model_msgs/share/roseus/ros/pal_motion_model_msgs/srv/GetMotionMap.l, /home/sandeepan/tiago_public_ws/devel/share/roseus/ros/pal_motion_model_msgs/srv/GetMotionMap.l)
Linked: (/home/sandeepan/tiago_public_ws/devel/.private/pal_motion_model_msgs/share/roseus/ros/pal_motion_model_msgs/msg/MotionModelMap.l, /home/sandeepan/tiago_public_ws/devel/share/roseus/ros/pal_motion_model_msgs/msg/MotionModelMap.l)
Linked: (/home/sandeepan/tiago_public_ws/devel/.private/pal_motion_model_msgs/share/roseus/ros/pal_motion_model_msgs/msg/MotionModelList.l, /home/sandeepan/tiago_public_ws/devel/share/roseus/ros/pal_motion_model_msgs/msg/MotionModelList.l)
Linked: (/home/sandeepan/tiago_public_ws/devel/.private/pal_motion_model_msgs/share/roseus/ros/pal_motion_model_msgs/msg/MotionModel.l, /home/sandeepan/tiago_public_ws/devel/share/roseus/ros/pal_motion_model_msgs/msg/MotionModel.l)
Linked: (/home/sandeepan/tiago_public_ws/devel/.private/pal_motion_model_msgs/share/gennodejs/ros/pal_motion_model_msgs/_index.js, /home/sandeepan/tiago_public_ws/devel/share/gennodejs/ros/pal_motion_model_msgs/_index.js)
Linked: (/home/sandeepan/tiago_public_ws/devel/.private/pal_motion_model_msgs/share/gennodejs/ros/pal_motion_model_msgs/srv/_index.js, /home/sandeepan/tiago_public_ws/devel/share/gennodejs/ros/pal_motion_model_msgs/srv/_index.js)
Linked: (/home/sandeepan/tiago_public_ws/devel/.private/pal_motion_model_msgs/share/gennodejs/ros/pal_motion_model_msgs/srv/GetMotionMap.js, /home/sandeepan/tiago_public_ws/devel/share/gennodejs/ros/pal_motion_model_msgs/srv/GetMotionMap.js)
Linked: (/home/sandeepan/tiago_public_ws/devel/.private/pal_motion_model_msgs/share/gennodejs/ros/pal_motion_model_msgs/msg/MotionModel.js, /home/sandeepan/tiago_public_ws/devel/share/gennodejs/ros/pal_motion_model_msgs/msg/MotionModel.js)
Linked: (/home/sandeepan/tiago_public_ws/devel/.private/pal_motion_model_msgs/share/gennodejs/ros/pal_motion_model_msgs/msg/MotionModelMap.js, /home/sandeepan/tiago_public_ws/devel/share/gennodejs/ros/pal_motion_model_msgs/msg/MotionModelMap.js)
Linked: (/home/sandeepan/tiago_public_ws/devel/.private/pal_motion_model_msgs/share/gennodejs/ros/pal_motion_model_msgs/msg/MotionModelList.js, /home/sandeepan/tiago_public_ws/devel/share/gennodejs/ros/pal_motion_model_msgs/msg/MotionModelList.js)
Linked: (/home/sandeepan/tiago_public_ws/devel/.private/pal_motion_model_msgs/share/gennodejs/ros/pal_motion_model_msgs/msg/_index.js, /home/sandeepan/tiago_public_ws/devel/share/gennodejs/ros/pal_motion_model_msgs/msg/_index.js)
Linked: (/home/sandeepan/tiago_public_ws/devel/.private/pal_motion_model_msgs/share/pal_motion_model_msgs/cmake/pal_motion_model_msgsConfig-version.cmake, /home/sandeepan/tiago_public_ws/devel/share/pal_motion_model_msgs/cmake/pal_motion_model_msgsConfig-version.cmake)
Linked: (/home/sandeepan/tiago_public_ws/devel/.private/pal_motion_model_msgs/share/pal_motion_model_msgs/cmake/pal_motion_model_msgsConfig.cmake, /home/sandeepan/tiago_public_ws/devel/share/pal_motion_model_msgs/cmake/pal_motion_model_msgsConfig.cmake)
Linked: (/home/sandeepan/tiago_public_ws/devel/.private/pal_motion_model_msgs/share/pal_motion_model_msgs/cmake/pal_motion_model_msgs-msg-paths.cmake, /home/sandeepan/tiago_public_ws/devel/share/pal_motion_model_msgs/cmake/pal_motion_model_msgs-msg-paths.cmake)
Linked: (/home/sandeepan/tiago_public_ws/devel/.private/pal_motion_model_msgs/share/pal_motion_model_msgs/cmake/pal_motion_model_msgs-msg-extras.cmake, /home/sandeepan/tiago_public_ws/devel/share/pal_motion_model_msgs/cmake/pal_motion_model_msgs-msg-extras.cmake)
Linked: (/home/sandeepan/tiago_public_ws/devel/.private/pal_motion_model_msgs/share/common-lisp/ros/pal_motion_model_msgs/srv/GetMotionMap.lisp, /home/sandeepan/tiago_public_ws/devel/share/common-lisp/ros/pal_motion_model_msgs/srv/GetMotionMap.lisp)
Linked: (/home/sandeepan/tiago_public_ws/devel/.private/pal_motion_model_msgs/share/common-lisp/ros/pal_motion_model_msgs/srv/_package_GetMotionMap.lisp, /home/sandeepan/tiago_public_ws/devel/share/common-lisp/ros/pal_motion_model_msgs/srv/_package_GetMotionMap.lisp)
Linked: (/home/sandeepan/tiago_public_ws/devel/.private/pal_motion_model_msgs/share/common-lisp/ros/pal_motion_model_msgs/srv/pal_motion_model_msgs-srv.asd, /home/sandeepan/tiago_public_ws/devel/share/common-lisp/ros/pal_motion_model_msgs/srv/pal_motion_model_msgs-srv.asd)
Linked: (/home/sandeepan/tiago_public_ws/devel/.private/pal_motion_model_msgs/share/common-lisp/ros/pal_motion_model_msgs/srv/_package.lisp, /home/sandeepan/tiago_public_ws/devel/share/common-lisp/ros/pal_motion_model_msgs/srv/_package.lisp)
Linked: (/home/sandeepan/tiago_public_ws/devel/.private/pal_motion_model_msgs/share/common-lisp/ros/pal_motion_model_msgs/msg/_package_MotionModelList.lisp, /home/sandeepan/tiago_public_ws/devel/share/common-lisp/ros/pal_motion_model_msgs/msg/_package_MotionModelList.lisp)
Linked: (/home/sandeepan/tiago_public_ws/devel/.private/pal_motion_model_msgs/share/common-lisp/ros/pal_motion_model_msgs/msg/MotionModelList.lisp, /home/sandeepan/tiago_public_ws/devel/share/common-lisp/ros/pal_motion_model_msgs/msg/MotionModelList.lisp)
Linked: (/home/sandeepan/tiago_public_ws/devel/.private/pal_motion_model_msgs/share/common-lisp/ros/pal_motion_model_msgs/msg/MotionModel.lisp, /home/sandeepan/tiago_public_ws/devel/share/common-lisp/ros/pal_motion_model_msgs/msg/MotionModel.lisp)
Linked: (/home/sandeepan/tiago_public_ws/devel/.private/pal_motion_model_msgs/share/common-lisp/ros/pal_motion_model_msgs/msg/_package_MotionModelMap.lisp, /home/sandeepan/tiago_public_ws/devel/share/common-lisp/ros/pal_motion_model_msgs/msg/_package_MotionModelMap.lisp)
Linked: (/home/sandeepan/tiago_public_ws/devel/.private/pal_motion_model_msgs/share/common-lisp/ros/pal_motion_model_msgs/msg/MotionModelMap.lisp, /home/sandeepan/tiago_public_ws/devel/share/common-lisp/ros/pal_motion_model_msgs/msg/MotionModelMap.lisp)
Linked: (/home/sandeepan/tiago_public_ws/devel/.private/pal_motion_model_msgs/share/common-lisp/ros/pal_motion_model_msgs/msg/_package.lisp, /home/sandeepan/tiago_public_ws/devel/share/common-lisp/ros/pal_motion_model_msgs/msg/_package.lisp)
Linked: (/home/sandeepan/tiago_public_ws/devel/.private/pal_motion_model_msgs/share/common-lisp/ros/pal_motion_model_msgs/msg/pal_motion_model_msgs-msg.asd, /home/sandeepan/tiago_public_ws/devel/share/common-lisp/ros/pal_motion_model_msgs/msg/pal_motion_model_msgs-msg.asd)
Linked: (/home/sandeepan/tiago_public_ws/devel/.private/pal_motion_model_msgs/share/common-lisp/ros/pal_motion_model_msgs/msg/_package_MotionModel.lisp, /home/sandeepan/tiago_public_ws/devel/share/common-lisp/ros/pal_motion_model_msgs/msg/_package_MotionModel.lisp)
Linked: (/home/sandeepan/tiago_public_ws/devel/.private/pal_motion_model_msgs/lib/python2.7/dist-packages/pal_motion_model_msgs/__init__.py, /home/sandeepan/tiago_public_ws/devel/lib/python2.7/dist-packages/pal_motion_model_msgs/__init__.py)
Linked: (/home/sandeepan/tiago_public_ws/devel/.private/pal_motion_model_msgs/lib/python2.7/dist-packages/pal_motion_model_msgs/srv/__init__.py, /home/sandeepan/tiago_public_ws/devel/lib/python2.7/dist-packages/pal_motion_model_msgs/srv/__init__.py)
Linked: (/home/sandeepan/tiago_public_ws/devel/.private/pal_motion_model_msgs/lib/python2.7/dist-packages/pal_motion_model_msgs/srv/_GetMotionMap.py, /home/sandeepan/tiago_public_ws/devel/lib/python2.7/dist-packages/pal_motion_model_msgs/srv/_GetMotionMap.py)
Linked: (/home/sandeepan/tiago_public_ws/devel/.private/pal_motion_model_msgs/lib/python2.7/dist-packages/pal_motion_model_msgs/msg/__init__.py, /home/sandeepan/tiago_public_ws/devel/lib/python2.7/dist-packages/pal_motion_model_msgs/msg/__init__.py)
Linked: (/home/sandeepan/tiago_public_ws/devel/.private/pal_motion_model_msgs/lib/python2.7/dist-packages/pal_motion_model_msgs/msg/_MotionModelList.py, /home/sandeepan/tiago_public_ws/devel/lib/python2.7/dist-packages/pal_motion_model_msgs/msg/_MotionModelList.py)
Linked: (/home/sandeepan/tiago_public_ws/devel/.private/pal_motion_model_msgs/lib/python2.7/dist-packages/pal_motion_model_msgs/msg/_MotionModel.py, /home/sandeepan/tiago_public_ws/devel/lib/python2.7/dist-packages/pal_motion_model_msgs/msg/_MotionModel.py)
Linked: (/home/sandeepan/tiago_public_ws/devel/.private/pal_motion_model_msgs/lib/python2.7/dist-packages/pal_motion_model_msgs/msg/_MotionModelMap.py, /home/sandeepan/tiago_public_ws/devel/lib/python2.7/dist-packages/pal_motion_model_msgs/msg/_MotionModelMap.py)
Linked: (/home/sandeepan/tiago_public_ws/devel/.private/pal_motion_model_msgs/lib/pkgconfig/pal_motion_model_msgs.pc, /home/sandeepan/tiago_public_ws/devel/lib/pkgconfig/pal_motion_model_msgs.pc)
