Determining if the pthread_create exist failed with the following output:
Change Dir: /home/sandeepan/tiago_public_ws/build/pal_navigation_cfg_pmb2/CMakeFiles/CMakeTmp

Run Build Command:"/usr/bin/make" "cmTC_9c15a/fast"
/usr/bin/make -f CMakeFiles/cmTC_9c15a.dir/build.make CMakeFiles/cmTC_9c15a.dir/build
make[1]: Entering directory '/home/sandeepan/tiago_public_ws/build/pal_navigation_cfg_pmb2/CMakeFiles/CMakeTmp'
Building C object CMakeFiles/cmTC_9c15a.dir/CheckSymbolExists.c.o
/usr/bin/cc    -o CMakeFiles/cmTC_9c15a.dir/CheckSymbolExists.c.o   -c /home/sandeepan/tiago_public_ws/build/pal_navigation_cfg_pmb2/CMakeFiles/CMakeTmp/CheckSymbolExists.c
Linking C executable cmTC_9c15a
/usr/bin/cmake -E cmake_link_script CMakeFiles/cmTC_9c15a.dir/link.txt --verbose=1
/usr/bin/cc      -rdynamic CMakeFiles/cmTC_9c15a.dir/CheckSymbolExists.c.o  -o cmTC_9c15a 
CMakeFiles/cmTC_9c15a.dir/CheckSymbolExists.c.o: In function `main':
CheckSymbolExists.c:(.text+0x1b): undefined reference to `pthread_create'
collect2: error: ld returned 1 exit status
CMakeFiles/cmTC_9c15a.dir/build.make:97: recipe for target 'cmTC_9c15a' failed
make[1]: *** [cmTC_9c15a] Error 1
make[1]: Leaving directory '/home/sandeepan/tiago_public_ws/build/pal_navigation_cfg_pmb2/CMakeFiles/CMakeTmp'
Makefile:126: recipe for target 'cmTC_9c15a/fast' failed
make: *** [cmTC_9c15a/fast] Error 2

File /home/sandeepan/tiago_public_ws/build/pal_navigation_cfg_pmb2/CMakeFiles/CMakeTmp/CheckSymbolExists.c:
/* */
#include <pthread.h>

int main(int argc, char** argv)
{
  (void)argv;
#ifndef pthread_create
  return ((int*)(&pthread_create))[argc];
#else
  (void)argc;
  return 0;
#endif
}

Determining if the function pthread_create exists in the pthreads failed with the following output:
Change Dir: /home/sandeepan/tiago_public_ws/build/pal_navigation_cfg_pmb2/CMakeFiles/CMakeTmp

Run Build Command:"/usr/bin/make" "cmTC_2a13a/fast"
/usr/bin/make -f CMakeFiles/cmTC_2a13a.dir/build.make CMakeFiles/cmTC_2a13a.dir/build
make[1]: Entering directory '/home/sandeepan/tiago_public_ws/build/pal_navigation_cfg_pmb2/CMakeFiles/CMakeTmp'
Building C object CMakeFiles/cmTC_2a13a.dir/CheckFunctionExists.c.o
/usr/bin/cc   -DCHECK_FUNCTION_EXISTS=pthread_create   -o CMakeFiles/cmTC_2a13a.dir/CheckFunctionExists.c.o   -c /usr/share/cmake-3.10/Modules/CheckFunctionExists.c
Linking C executable cmTC_2a13a
/usr/bin/cmake -E cmake_link_script CMakeFiles/cmTC_2a13a.dir/link.txt --verbose=1
/usr/bin/cc  -DCHECK_FUNCTION_EXISTS=pthread_create    -rdynamic CMakeFiles/cmTC_2a13a.dir/CheckFunctionExists.c.o  -o cmTC_2a13a -lpthreads 
/usr/bin/ld: cannot find -lpthreads
collect2: error: ld returned 1 exit status
CMakeFiles/cmTC_2a13a.dir/build.make:97: recipe for target 'cmTC_2a13a' failed
make[1]: *** [cmTC_2a13a] Error 1
make[1]: Leaving directory '/home/sandeepan/tiago_public_ws/build/pal_navigation_cfg_pmb2/CMakeFiles/CMakeTmp'
Makefile:126: recipe for target 'cmTC_2a13a/fast' failed
make: *** [cmTC_2a13a/fast] Error 2


