Determining if the pthread_create exist failed with the following output:
Change Dir: /home/sandeepan/tiago_public_ws/build/pal_wsg_gripper_controller_configuration/CMakeFiles/CMakeTmp

Run Build Command:"/usr/bin/make" "cmTC_8b9ef/fast"
/usr/bin/make -f CMakeFiles/cmTC_8b9ef.dir/build.make CMakeFiles/cmTC_8b9ef.dir/build
make[1]: Entering directory '/home/sandeepan/tiago_public_ws/build/pal_wsg_gripper_controller_configuration/CMakeFiles/CMakeTmp'
Building C object CMakeFiles/cmTC_8b9ef.dir/CheckSymbolExists.c.o
/usr/bin/cc    -o CMakeFiles/cmTC_8b9ef.dir/CheckSymbolExists.c.o   -c /home/sandeepan/tiago_public_ws/build/pal_wsg_gripper_controller_configuration/CMakeFiles/CMakeTmp/CheckSymbolExists.c
Linking C executable cmTC_8b9ef
/usr/bin/cmake -E cmake_link_script CMakeFiles/cmTC_8b9ef.dir/link.txt --verbose=1
/usr/bin/cc      -rdynamic CMakeFiles/cmTC_8b9ef.dir/CheckSymbolExists.c.o  -o cmTC_8b9ef 
CMakeFiles/cmTC_8b9ef.dir/CheckSymbolExists.c.o: In function `main':
CheckSymbolExists.c:(.text+0x1b): undefined reference to `pthread_create'
collect2: error: ld returned 1 exit status
CMakeFiles/cmTC_8b9ef.dir/build.make:97: recipe for target 'cmTC_8b9ef' failed
make[1]: *** [cmTC_8b9ef] Error 1
make[1]: Leaving directory '/home/sandeepan/tiago_public_ws/build/pal_wsg_gripper_controller_configuration/CMakeFiles/CMakeTmp'
Makefile:126: recipe for target 'cmTC_8b9ef/fast' failed
make: *** [cmTC_8b9ef/fast] Error 2

File /home/sandeepan/tiago_public_ws/build/pal_wsg_gripper_controller_configuration/CMakeFiles/CMakeTmp/CheckSymbolExists.c:
/* */
#include <pthread.h>

int main(int argc, char** argv)
{
  (void)argv;
#ifndef pthread_create
  return ((int*)(&pthread_create))[argc];
#else
  (void)argc;
  return 0;
#endif
}

Determining if the function pthread_create exists in the pthreads failed with the following output:
Change Dir: /home/sandeepan/tiago_public_ws/build/pal_wsg_gripper_controller_configuration/CMakeFiles/CMakeTmp

Run Build Command:"/usr/bin/make" "cmTC_6b11b/fast"
/usr/bin/make -f CMakeFiles/cmTC_6b11b.dir/build.make CMakeFiles/cmTC_6b11b.dir/build
make[1]: Entering directory '/home/sandeepan/tiago_public_ws/build/pal_wsg_gripper_controller_configuration/CMakeFiles/CMakeTmp'
Building C object CMakeFiles/cmTC_6b11b.dir/CheckFunctionExists.c.o
/usr/bin/cc   -DCHECK_FUNCTION_EXISTS=pthread_create   -o CMakeFiles/cmTC_6b11b.dir/CheckFunctionExists.c.o   -c /usr/share/cmake-3.10/Modules/CheckFunctionExists.c
Linking C executable cmTC_6b11b
/usr/bin/cmake -E cmake_link_script CMakeFiles/cmTC_6b11b.dir/link.txt --verbose=1
/usr/bin/cc  -DCHECK_FUNCTION_EXISTS=pthread_create    -rdynamic CMakeFiles/cmTC_6b11b.dir/CheckFunctionExists.c.o  -o cmTC_6b11b -lpthreads 
/usr/bin/ld: cannot find -lpthreads
collect2: error: ld returned 1 exit status
CMakeFiles/cmTC_6b11b.dir/build.make:97: recipe for target 'cmTC_6b11b' failed
make[1]: *** [cmTC_6b11b] Error 1
make[1]: Leaving directory '/home/sandeepan/tiago_public_ws/build/pal_wsg_gripper_controller_configuration/CMakeFiles/CMakeTmp'
Makefile:126: recipe for target 'cmTC_6b11b/fast' failed
make: *** [cmTC_6b11b/fast] Error 2


