Symlinking /home/sandeepan/tiago_public_ws/devel/include/dynamic_introspection/MarkerParameter.h
Symlinking /home/sandeepan/tiago_public_ws/devel/include/dynamic_introspection/IntrospectionMsg.h
Symlinking /home/sandeepan/tiago_public_ws/devel/include/dynamic_introspection/IntParameter.h
Symlinking /home/sandeepan/tiago_public_ws/devel/include/dynamic_introspection/DoubleParameter.h
Symlinking /home/sandeepan/tiago_public_ws/devel/include/dynamic_introspection/BoolParameter.h
Symlinking /home/sandeepan/tiago_public_ws/devel/share/dynamic_introspection/cmake/dynamic_introspectionConfig.cmake
Symlinking /home/sandeepan/tiago_public_ws/devel/share/dynamic_introspection/cmake/dynamic_introspection-msg-paths.cmake
Symlinking /home/sandeepan/tiago_public_ws/devel/share/dynamic_introspection/cmake/dynamic_introspection-msg-extras.cmake
Symlinking /home/sandeepan/tiago_public_ws/devel/share/dynamic_introspection/cmake/dynamic_introspectionConfig-version.cmake
Symlinking /home/sandeepan/tiago_public_ws/devel/share/roseus/ros/dynamic_introspection/manifest.l
Symlinking /home/sandeepan/tiago_public_ws/devel/share/roseus/ros/dynamic_introspection/msg/IntParameter.l
Symlinking /home/sandeepan/tiago_public_ws/devel/share/roseus/ros/dynamic_introspection/msg/MarkerParameter.l
Symlinking /home/sandeepan/tiago_public_ws/devel/share/roseus/ros/dynamic_introspection/msg/IntrospectionMsg.l
Symlinking /home/sandeepan/tiago_public_ws/devel/share/roseus/ros/dynamic_introspection/msg/DoubleParameter.l
Symlinking /home/sandeepan/tiago_public_ws/devel/share/roseus/ros/dynamic_introspection/msg/BoolParameter.l
Symlinking /home/sandeepan/tiago_public_ws/devel/share/gennodejs/ros/dynamic_introspection/_index.js
Symlinking /home/sandeepan/tiago_public_ws/devel/share/gennodejs/ros/dynamic_introspection/msg/DoubleParameter.js
Symlinking /home/sandeepan/tiago_public_ws/devel/share/gennodejs/ros/dynamic_introspection/msg/MarkerParameter.js
Symlinking /home/sandeepan/tiago_public_ws/devel/share/gennodejs/ros/dynamic_introspection/msg/IntParameter.js
Symlinking /home/sandeepan/tiago_public_ws/devel/share/gennodejs/ros/dynamic_introspection/msg/_index.js
Symlinking /home/sandeepan/tiago_public_ws/devel/share/gennodejs/ros/dynamic_introspection/msg/BoolParameter.js
Symlinking /home/sandeepan/tiago_public_ws/devel/share/gennodejs/ros/dynamic_introspection/msg/IntrospectionMsg.js
Symlinking /home/sandeepan/tiago_public_ws/devel/share/common-lisp/ros/dynamic_introspection/msg/dynamic_introspection-msg.asd
Symlinking /home/sandeepan/tiago_public_ws/devel/share/common-lisp/ros/dynamic_introspection/msg/IntParameter.lisp
Symlinking /home/sandeepan/tiago_public_ws/devel/share/common-lisp/ros/dynamic_introspection/msg/DoubleParameter.lisp
Symlinking /home/sandeepan/tiago_public_ws/devel/share/common-lisp/ros/dynamic_introspection/msg/MarkerParameter.lisp
Symlinking /home/sandeepan/tiago_public_ws/devel/share/common-lisp/ros/dynamic_introspection/msg/_package_BoolParameter.lisp
Symlinking /home/sandeepan/tiago_public_ws/devel/share/common-lisp/ros/dynamic_introspection/msg/_package_IntParameter.lisp
Symlinking /home/sandeepan/tiago_public_ws/devel/share/common-lisp/ros/dynamic_introspection/msg/_package_DoubleParameter.lisp
Symlinking /home/sandeepan/tiago_public_ws/devel/share/common-lisp/ros/dynamic_introspection/msg/IntrospectionMsg.lisp
Symlinking /home/sandeepan/tiago_public_ws/devel/share/common-lisp/ros/dynamic_introspection/msg/_package.lisp
Symlinking /home/sandeepan/tiago_public_ws/devel/share/common-lisp/ros/dynamic_introspection/msg/_package_IntrospectionMsg.lisp
Symlinking /home/sandeepan/tiago_public_ws/devel/share/common-lisp/ros/dynamic_introspection/msg/_package_MarkerParameter.lisp
Symlinking /home/sandeepan/tiago_public_ws/devel/share/common-lisp/ros/dynamic_introspection/msg/BoolParameter.lisp
Symlinking /home/sandeepan/tiago_public_ws/devel/lib/libdynamic_introspection.so
Symlinking /home/sandeepan/tiago_public_ws/devel/lib/python2.7/dist-packages/dynamic_introspection/__init__.py
Symlinking /home/sandeepan/tiago_public_ws/devel/lib/python2.7/dist-packages/dynamic_introspection/msg/_IntrospectionMsg.py
Symlinking /home/sandeepan/tiago_public_ws/devel/lib/python2.7/dist-packages/dynamic_introspection/msg/__init__.py
Symlinking /home/sandeepan/tiago_public_ws/devel/lib/python2.7/dist-packages/dynamic_introspection/msg/_MarkerParameter.py
Symlinking /home/sandeepan/tiago_public_ws/devel/lib/python2.7/dist-packages/dynamic_introspection/msg/_DoubleParameter.py
Symlinking /home/sandeepan/tiago_public_ws/devel/lib/python2.7/dist-packages/dynamic_introspection/msg/_BoolParameter.py
Symlinking /home/sandeepan/tiago_public_ws/devel/lib/python2.7/dist-packages/dynamic_introspection/msg/_IntParameter.py
Symlinking /home/sandeepan/tiago_public_ws/devel/lib/pkgconfig/dynamic_introspection.pc
