Determining if the pthread_create exist failed with the following output:
Change Dir: /home/sandeepan/tiago_public_ws/build/play_motion_msgs/CMakeFiles/CMakeTmp

Run Build Command:"/usr/bin/make" "cmTC_afcc2/fast"
/usr/bin/make -f CMakeFiles/cmTC_afcc2.dir/build.make CMakeFiles/cmTC_afcc2.dir/build
make[1]: Entering directory '/home/sandeepan/tiago_public_ws/build/play_motion_msgs/CMakeFiles/CMakeTmp'
Building C object CMakeFiles/cmTC_afcc2.dir/CheckSymbolExists.c.o
/usr/bin/cc    -o CMakeFiles/cmTC_afcc2.dir/CheckSymbolExists.c.o   -c /home/sandeepan/tiago_public_ws/build/play_motion_msgs/CMakeFiles/CMakeTmp/CheckSymbolExists.c
Linking C executable cmTC_afcc2
/usr/bin/cmake -E cmake_link_script CMakeFiles/cmTC_afcc2.dir/link.txt --verbose=1
/usr/bin/cc      -rdynamic CMakeFiles/cmTC_afcc2.dir/CheckSymbolExists.c.o  -o cmTC_afcc2 
CMakeFiles/cmTC_afcc2.dir/CheckSymbolExists.c.o: In function `main':
CheckSymbolExists.c:(.text+0x1b): undefined reference to `pthread_create'
collect2: error: ld returned 1 exit status
CMakeFiles/cmTC_afcc2.dir/build.make:97: recipe for target 'cmTC_afcc2' failed
make[1]: *** [cmTC_afcc2] Error 1
make[1]: Leaving directory '/home/sandeepan/tiago_public_ws/build/play_motion_msgs/CMakeFiles/CMakeTmp'
Makefile:126: recipe for target 'cmTC_afcc2/fast' failed
make: *** [cmTC_afcc2/fast] Error 2

File /home/sandeepan/tiago_public_ws/build/play_motion_msgs/CMakeFiles/CMakeTmp/CheckSymbolExists.c:
/* */
#include <pthread.h>

int main(int argc, char** argv)
{
  (void)argv;
#ifndef pthread_create
  return ((int*)(&pthread_create))[argc];
#else
  (void)argc;
  return 0;
#endif
}

Determining if the function pthread_create exists in the pthreads failed with the following output:
Change Dir: /home/sandeepan/tiago_public_ws/build/play_motion_msgs/CMakeFiles/CMakeTmp

Run Build Command:"/usr/bin/make" "cmTC_884fe/fast"
/usr/bin/make -f CMakeFiles/cmTC_884fe.dir/build.make CMakeFiles/cmTC_884fe.dir/build
make[1]: Entering directory '/home/sandeepan/tiago_public_ws/build/play_motion_msgs/CMakeFiles/CMakeTmp'
Building C object CMakeFiles/cmTC_884fe.dir/CheckFunctionExists.c.o
/usr/bin/cc   -DCHECK_FUNCTION_EXISTS=pthread_create   -o CMakeFiles/cmTC_884fe.dir/CheckFunctionExists.c.o   -c /usr/share/cmake-3.10/Modules/CheckFunctionExists.c
Linking C executable cmTC_884fe
/usr/bin/cmake -E cmake_link_script CMakeFiles/cmTC_884fe.dir/link.txt --verbose=1
/usr/bin/cc  -DCHECK_FUNCTION_EXISTS=pthread_create    -rdynamic CMakeFiles/cmTC_884fe.dir/CheckFunctionExists.c.o  -o cmTC_884fe -lpthreads 
/usr/bin/ld: cannot find -lpthreads
collect2: error: ld returned 1 exit status
CMakeFiles/cmTC_884fe.dir/build.make:97: recipe for target 'cmTC_884fe' failed
make[1]: *** [cmTC_884fe] Error 1
make[1]: Leaving directory '/home/sandeepan/tiago_public_ws/build/play_motion_msgs/CMakeFiles/CMakeTmp'
Makefile:126: recipe for target 'cmTC_884fe/fast' failed
make: *** [cmTC_884fe/fast] Error 2


