Determining if the pthread_create exist failed with the following output:
Change Dir: /home/sandeepan/tiago_public_ws/build/pal_tablet_msgs/CMakeFiles/CMakeTmp

Run Build Command:"/usr/bin/make" "cmTC_553fc/fast"
/usr/bin/make -f CMakeFiles/cmTC_553fc.dir/build.make CMakeFiles/cmTC_553fc.dir/build
make[1]: Entering directory '/home/sandeepan/tiago_public_ws/build/pal_tablet_msgs/CMakeFiles/CMakeTmp'
Building C object CMakeFiles/cmTC_553fc.dir/CheckSymbolExists.c.o
/usr/bin/cc    -o CMakeFiles/cmTC_553fc.dir/CheckSymbolExists.c.o   -c /home/sandeepan/tiago_public_ws/build/pal_tablet_msgs/CMakeFiles/CMakeTmp/CheckSymbolExists.c
Linking C executable cmTC_553fc
/usr/bin/cmake -E cmake_link_script CMakeFiles/cmTC_553fc.dir/link.txt --verbose=1
/usr/bin/cc      -rdynamic CMakeFiles/cmTC_553fc.dir/CheckSymbolExists.c.o  -o cmTC_553fc 
CMakeFiles/cmTC_553fc.dir/CheckSymbolExists.c.o: In function `main':
CheckSymbolExists.c:(.text+0x1b): undefined reference to `pthread_create'
collect2: error: ld returned 1 exit status
CMakeFiles/cmTC_553fc.dir/build.make:97: recipe for target 'cmTC_553fc' failed
make[1]: *** [cmTC_553fc] Error 1
make[1]: Leaving directory '/home/sandeepan/tiago_public_ws/build/pal_tablet_msgs/CMakeFiles/CMakeTmp'
Makefile:126: recipe for target 'cmTC_553fc/fast' failed
make: *** [cmTC_553fc/fast] Error 2

File /home/sandeepan/tiago_public_ws/build/pal_tablet_msgs/CMakeFiles/CMakeTmp/CheckSymbolExists.c:
/* */
#include <pthread.h>

int main(int argc, char** argv)
{
  (void)argv;
#ifndef pthread_create
  return ((int*)(&pthread_create))[argc];
#else
  (void)argc;
  return 0;
#endif
}

Determining if the function pthread_create exists in the pthreads failed with the following output:
Change Dir: /home/sandeepan/tiago_public_ws/build/pal_tablet_msgs/CMakeFiles/CMakeTmp

Run Build Command:"/usr/bin/make" "cmTC_94770/fast"
/usr/bin/make -f CMakeFiles/cmTC_94770.dir/build.make CMakeFiles/cmTC_94770.dir/build
make[1]: Entering directory '/home/sandeepan/tiago_public_ws/build/pal_tablet_msgs/CMakeFiles/CMakeTmp'
Building C object CMakeFiles/cmTC_94770.dir/CheckFunctionExists.c.o
/usr/bin/cc   -DCHECK_FUNCTION_EXISTS=pthread_create   -o CMakeFiles/cmTC_94770.dir/CheckFunctionExists.c.o   -c /usr/share/cmake-3.10/Modules/CheckFunctionExists.c
Linking C executable cmTC_94770
/usr/bin/cmake -E cmake_link_script CMakeFiles/cmTC_94770.dir/link.txt --verbose=1
/usr/bin/cc  -DCHECK_FUNCTION_EXISTS=pthread_create    -rdynamic CMakeFiles/cmTC_94770.dir/CheckFunctionExists.c.o  -o cmTC_94770 -lpthreads 
/usr/bin/ld: cannot find -lpthreads
collect2: error: ld returned 1 exit status
CMakeFiles/cmTC_94770.dir/build.make:97: recipe for target 'cmTC_94770' failed
make[1]: *** [cmTC_94770] Error 1
make[1]: Leaving directory '/home/sandeepan/tiago_public_ws/build/pal_tablet_msgs/CMakeFiles/CMakeTmp'
Makefile:126: recipe for target 'cmTC_94770/fast' failed
make: *** [cmTC_94770/fast] Error 2


