Determining if the pthread_create exist failed with the following output:
Change Dir: /home/sandeepan/tiago_public_ws/build/pal_visual_localization_msgs/CMakeFiles/CMakeTmp

Run Build Command:"/usr/bin/make" "cmTC_acb7a/fast"
/usr/bin/make -f CMakeFiles/cmTC_acb7a.dir/build.make CMakeFiles/cmTC_acb7a.dir/build
make[1]: Entering directory '/home/sandeepan/tiago_public_ws/build/pal_visual_localization_msgs/CMakeFiles/CMakeTmp'
Building C object CMakeFiles/cmTC_acb7a.dir/CheckSymbolExists.c.o
/usr/bin/cc    -o CMakeFiles/cmTC_acb7a.dir/CheckSymbolExists.c.o   -c /home/sandeepan/tiago_public_ws/build/pal_visual_localization_msgs/CMakeFiles/CMakeTmp/CheckSymbolExists.c
Linking C executable cmTC_acb7a
/usr/bin/cmake -E cmake_link_script CMakeFiles/cmTC_acb7a.dir/link.txt --verbose=1
/usr/bin/cc      -rdynamic CMakeFiles/cmTC_acb7a.dir/CheckSymbolExists.c.o  -o cmTC_acb7a 
CMakeFiles/cmTC_acb7a.dir/CheckSymbolExists.c.o: In function `main':
CheckSymbolExists.c:(.text+0x1b): undefined reference to `pthread_create'
collect2: error: ld returned 1 exit status
CMakeFiles/cmTC_acb7a.dir/build.make:97: recipe for target 'cmTC_acb7a' failed
make[1]: *** [cmTC_acb7a] Error 1
make[1]: Leaving directory '/home/sandeepan/tiago_public_ws/build/pal_visual_localization_msgs/CMakeFiles/CMakeTmp'
Makefile:126: recipe for target 'cmTC_acb7a/fast' failed
make: *** [cmTC_acb7a/fast] Error 2

File /home/sandeepan/tiago_public_ws/build/pal_visual_localization_msgs/CMakeFiles/CMakeTmp/CheckSymbolExists.c:
/* */
#include <pthread.h>

int main(int argc, char** argv)
{
  (void)argv;
#ifndef pthread_create
  return ((int*)(&pthread_create))[argc];
#else
  (void)argc;
  return 0;
#endif
}

Determining if the function pthread_create exists in the pthreads failed with the following output:
Change Dir: /home/sandeepan/tiago_public_ws/build/pal_visual_localization_msgs/CMakeFiles/CMakeTmp

Run Build Command:"/usr/bin/make" "cmTC_a8198/fast"
/usr/bin/make -f CMakeFiles/cmTC_a8198.dir/build.make CMakeFiles/cmTC_a8198.dir/build
make[1]: Entering directory '/home/sandeepan/tiago_public_ws/build/pal_visual_localization_msgs/CMakeFiles/CMakeTmp'
Building C object CMakeFiles/cmTC_a8198.dir/CheckFunctionExists.c.o
/usr/bin/cc   -DCHECK_FUNCTION_EXISTS=pthread_create   -o CMakeFiles/cmTC_a8198.dir/CheckFunctionExists.c.o   -c /usr/share/cmake-3.10/Modules/CheckFunctionExists.c
Linking C executable cmTC_a8198
/usr/bin/cmake -E cmake_link_script CMakeFiles/cmTC_a8198.dir/link.txt --verbose=1
/usr/bin/cc  -DCHECK_FUNCTION_EXISTS=pthread_create    -rdynamic CMakeFiles/cmTC_a8198.dir/CheckFunctionExists.c.o  -o cmTC_a8198 -lpthreads 
/usr/bin/ld: cannot find -lpthreads
collect2: error: ld returned 1 exit status
CMakeFiles/cmTC_a8198.dir/build.make:97: recipe for target 'cmTC_a8198' failed
make[1]: *** [cmTC_a8198] Error 1
make[1]: Leaving directory '/home/sandeepan/tiago_public_ws/build/pal_visual_localization_msgs/CMakeFiles/CMakeTmp'
Makefile:126: recipe for target 'cmTC_a8198/fast' failed
make: *** [cmTC_a8198/fast] Error 2


