Determining if the pthread_create exist failed with the following output:
Change Dir: /home/sandeepan/tiago_public_ws/build/joint_limits_interface/CMakeFiles/CMakeTmp

Run Build Command:"/usr/bin/make" "cmTC_38e3e/fast"
/usr/bin/make -f CMakeFiles/cmTC_38e3e.dir/build.make CMakeFiles/cmTC_38e3e.dir/build
make[1]: Entering directory '/home/sandeepan/tiago_public_ws/build/joint_limits_interface/CMakeFiles/CMakeTmp'
Building C object CMakeFiles/cmTC_38e3e.dir/CheckSymbolExists.c.o
/usr/bin/cc    -o CMakeFiles/cmTC_38e3e.dir/CheckSymbolExists.c.o   -c /home/sandeepan/tiago_public_ws/build/joint_limits_interface/CMakeFiles/CMakeTmp/CheckSymbolExists.c
Linking C executable cmTC_38e3e
/usr/bin/cmake -E cmake_link_script CMakeFiles/cmTC_38e3e.dir/link.txt --verbose=1
/usr/bin/cc      -rdynamic CMakeFiles/cmTC_38e3e.dir/CheckSymbolExists.c.o  -o cmTC_38e3e 
CMakeFiles/cmTC_38e3e.dir/CheckSymbolExists.c.o: In function `main':
CheckSymbolExists.c:(.text+0x1b): undefined reference to `pthread_create'
collect2: error: ld returned 1 exit status
CMakeFiles/cmTC_38e3e.dir/build.make:97: recipe for target 'cmTC_38e3e' failed
make[1]: *** [cmTC_38e3e] Error 1
make[1]: Leaving directory '/home/sandeepan/tiago_public_ws/build/joint_limits_interface/CMakeFiles/CMakeTmp'
Makefile:126: recipe for target 'cmTC_38e3e/fast' failed
make: *** [cmTC_38e3e/fast] Error 2

File /home/sandeepan/tiago_public_ws/build/joint_limits_interface/CMakeFiles/CMakeTmp/CheckSymbolExists.c:
/* */
#include <pthread.h>

int main(int argc, char** argv)
{
  (void)argv;
#ifndef pthread_create
  return ((int*)(&pthread_create))[argc];
#else
  (void)argc;
  return 0;
#endif
}

Determining if the function pthread_create exists in the pthreads failed with the following output:
Change Dir: /home/sandeepan/tiago_public_ws/build/joint_limits_interface/CMakeFiles/CMakeTmp

Run Build Command:"/usr/bin/make" "cmTC_3413e/fast"
/usr/bin/make -f CMakeFiles/cmTC_3413e.dir/build.make CMakeFiles/cmTC_3413e.dir/build
make[1]: Entering directory '/home/sandeepan/tiago_public_ws/build/joint_limits_interface/CMakeFiles/CMakeTmp'
Building C object CMakeFiles/cmTC_3413e.dir/CheckFunctionExists.c.o
/usr/bin/cc   -DCHECK_FUNCTION_EXISTS=pthread_create   -o CMakeFiles/cmTC_3413e.dir/CheckFunctionExists.c.o   -c /usr/share/cmake-3.10/Modules/CheckFunctionExists.c
Linking C executable cmTC_3413e
/usr/bin/cmake -E cmake_link_script CMakeFiles/cmTC_3413e.dir/link.txt --verbose=1
/usr/bin/cc  -DCHECK_FUNCTION_EXISTS=pthread_create    -rdynamic CMakeFiles/cmTC_3413e.dir/CheckFunctionExists.c.o  -o cmTC_3413e -lpthreads 
/usr/bin/ld: cannot find -lpthreads
collect2: error: ld returned 1 exit status
CMakeFiles/cmTC_3413e.dir/build.make:97: recipe for target 'cmTC_3413e' failed
make[1]: *** [cmTC_3413e] Error 1
make[1]: Leaving directory '/home/sandeepan/tiago_public_ws/build/joint_limits_interface/CMakeFiles/CMakeTmp'
Makefile:126: recipe for target 'cmTC_3413e/fast' failed
make: *** [cmTC_3413e/fast] Error 2


