Determining if the pthread_create exist failed with the following output:
Change Dir: /home/sandeepan/tiago_public_ws/build/tiago_2dnav_gazebo/CMakeFiles/CMakeTmp

Run Build Command:"/usr/bin/make" "cmTC_d3bcb/fast"
/usr/bin/make -f CMakeFiles/cmTC_d3bcb.dir/build.make CMakeFiles/cmTC_d3bcb.dir/build
make[1]: Entering directory '/home/sandeepan/tiago_public_ws/build/tiago_2dnav_gazebo/CMakeFiles/CMakeTmp'
Building C object CMakeFiles/cmTC_d3bcb.dir/CheckSymbolExists.c.o
/usr/bin/cc    -o CMakeFiles/cmTC_d3bcb.dir/CheckSymbolExists.c.o   -c /home/sandeepan/tiago_public_ws/build/tiago_2dnav_gazebo/CMakeFiles/CMakeTmp/CheckSymbolExists.c
Linking C executable cmTC_d3bcb
/usr/bin/cmake -E cmake_link_script CMakeFiles/cmTC_d3bcb.dir/link.txt --verbose=1
/usr/bin/cc      -rdynamic CMakeFiles/cmTC_d3bcb.dir/CheckSymbolExists.c.o  -o cmTC_d3bcb 
CMakeFiles/cmTC_d3bcb.dir/CheckSymbolExists.c.o: In function `main':
CheckSymbolExists.c:(.text+0x1b): undefined reference to `pthread_create'
collect2: error: ld returned 1 exit status
CMakeFiles/cmTC_d3bcb.dir/build.make:97: recipe for target 'cmTC_d3bcb' failed
make[1]: *** [cmTC_d3bcb] Error 1
make[1]: Leaving directory '/home/sandeepan/tiago_public_ws/build/tiago_2dnav_gazebo/CMakeFiles/CMakeTmp'
Makefile:126: recipe for target 'cmTC_d3bcb/fast' failed
make: *** [cmTC_d3bcb/fast] Error 2

File /home/sandeepan/tiago_public_ws/build/tiago_2dnav_gazebo/CMakeFiles/CMakeTmp/CheckSymbolExists.c:
/* */
#include <pthread.h>

int main(int argc, char** argv)
{
  (void)argv;
#ifndef pthread_create
  return ((int*)(&pthread_create))[argc];
#else
  (void)argc;
  return 0;
#endif
}

Determining if the function pthread_create exists in the pthreads failed with the following output:
Change Dir: /home/sandeepan/tiago_public_ws/build/tiago_2dnav_gazebo/CMakeFiles/CMakeTmp

Run Build Command:"/usr/bin/make" "cmTC_bccf1/fast"
/usr/bin/make -f CMakeFiles/cmTC_bccf1.dir/build.make CMakeFiles/cmTC_bccf1.dir/build
make[1]: Entering directory '/home/sandeepan/tiago_public_ws/build/tiago_2dnav_gazebo/CMakeFiles/CMakeTmp'
Building C object CMakeFiles/cmTC_bccf1.dir/CheckFunctionExists.c.o
/usr/bin/cc   -DCHECK_FUNCTION_EXISTS=pthread_create   -o CMakeFiles/cmTC_bccf1.dir/CheckFunctionExists.c.o   -c /usr/share/cmake-3.10/Modules/CheckFunctionExists.c
Linking C executable cmTC_bccf1
/usr/bin/cmake -E cmake_link_script CMakeFiles/cmTC_bccf1.dir/link.txt --verbose=1
/usr/bin/cc  -DCHECK_FUNCTION_EXISTS=pthread_create    -rdynamic CMakeFiles/cmTC_bccf1.dir/CheckFunctionExists.c.o  -o cmTC_bccf1 -lpthreads 
/usr/bin/ld: cannot find -lpthreads
collect2: error: ld returned 1 exit status
CMakeFiles/cmTC_bccf1.dir/build.make:97: recipe for target 'cmTC_bccf1' failed
make[1]: *** [cmTC_bccf1] Error 1
make[1]: Leaving directory '/home/sandeepan/tiago_public_ws/build/tiago_2dnav_gazebo/CMakeFiles/CMakeTmp'
Makefile:126: recipe for target 'cmTC_bccf1/fast' failed
make: *** [cmTC_bccf1/fast] Error 2


