[  0%] Built target _controller_manager_msgs_generate_messages_check_deps_ReloadControllerLibraries
[  0%] Built target _controller_manager_msgs_generate_messages_check_deps_ListControllers
[  0%] Built target _controller_manager_msgs_generate_messages_check_deps_ControllerStatistics
[  0%] Built target std_msgs_generate_messages_eus
[  0%] Built target _controller_manager_msgs_generate_messages_check_deps_ControllerState
[  0%] Built target _controller_manager_msgs_generate_messages_check_deps_ControllersStatistics
[  0%] Built target _controller_manager_msgs_generate_messages_check_deps_HardwareInterfaceResources
[  0%] Built target _controller_manager_msgs_generate_messages_check_deps_SwitchController
[  0%] Built target _controller_manager_msgs_generate_messages_check_deps_LoadController
[  0%] Built target _controller_manager_msgs_generate_messages_check_deps_UnloadController
[  0%] Built target std_msgs_generate_messages_py
[  0%] Built target std_msgs_generate_messages_lisp
[  0%] Built target _controller_manager_msgs_generate_messages_check_deps_ListControllerTypes
[  0%] Built target std_msgs_generate_messages_nodejs
[  0%] Built target std_msgs_generate_messages_cpp
[  1%] [34m[1mGenerating EusLisp manifest code for controller_manager_msgs[0m
[ 24%] Built target controller_manager_msgs_generate_messages_py
[ 43%] Built target controller_manager_msgs_generate_messages_nodejs
[ 62%] Built target controller_manager_msgs_generate_messages_lisp
[ 81%] Built target controller_manager_msgs_generate_messages_cpp
Traceback (most recent call last):
  File "/opt/ros/melodic/lib/python2.7/dist-packages/geneus/geneus_main.py", line 137, in genmain
    pkg_map = get_pkg_map()
  File "/opt/ros/melodic/lib/python2.7/dist-packages/geneus/geneus_main.py", line 56, in get_pkg_map
    pkgs = packages.find_packages(ws)
  File "/usr/lib/python2.7/dist-packages/catkin_pkg/packages.py", line 96, in find_packages
    raise RuntimeError('\n'.join(duplicates))
RuntimeError: Multiple packages found with the same name "urdf_tutorial":
- include/urdf_tutorial
- share/urdf_tutorial
ERROR:  Multiple packages found with the same name "urdf_tutorial":
- include/urdf_tutorial
- share/urdf_tutorial
CMakeFiles/controller_manager_msgs_generate_messages_eus.dir/build.make:125: recipe for target '/home/sandeepan/tiago_public_ws/devel/.private/controller_manager_msgs/share/roseus/ros/controller_manager_msgs/manifest.l' failed
make[2]: *** [/home/sandeepan/tiago_public_ws/devel/.private/controller_manager_msgs/share/roseus/ros/controller_manager_msgs/manifest.l] Error 3
CMakeFiles/Makefile2:885: recipe for target 'CMakeFiles/controller_manager_msgs_generate_messages_eus.dir/all' failed
make[1]: *** [CMakeFiles/controller_manager_msgs_generate_messages_eus.dir/all] Error 2
Makefile:129: recipe for target 'all' failed
make: *** [all] Error 2
