[35m[1mScanning dependencies of target _controller_manager_msgs_generate_messages_check_deps_ListControllers[0m
[  0%] Built target _controller_manager_msgs_generate_messages_check_deps_ListControllers
[35m[1mScanning dependencies of target _controller_manager_msgs_generate_messages_check_deps_UnloadController[0m
[  0%] Built target _controller_manager_msgs_generate_messages_check_deps_UnloadController
[35m[1mScanning dependencies of target _controller_manager_msgs_generate_messages_check_deps_HardwareInterfaceResources[0m
[  0%] Built target _controller_manager_msgs_generate_messages_check_deps_HardwareInterfaceResources
[35m[1mScanning dependencies of target std_msgs_generate_messages_nodejs[0m
[  0%] Built target std_msgs_generate_messages_nodejs
[35m[1mScanning dependencies of target _controller_manager_msgs_generate_messages_check_deps_ListControllerTypes[0m
[  0%] Built target _controller_manager_msgs_generate_messages_check_deps_ListControllerTypes
[35m[1mScanning dependencies of target _controller_manager_msgs_generate_messages_check_deps_ReloadControllerLibraries[0m
[  0%] Built target _controller_manager_msgs_generate_messages_check_deps_ReloadControllerLibraries
[35m[1mScanning dependencies of target _controller_manager_msgs_generate_messages_check_deps_LoadController[0m
[  0%] Built target _controller_manager_msgs_generate_messages_check_deps_LoadController
[35m[1mScanning dependencies of target _controller_manager_msgs_generate_messages_check_deps_ControllerState[0m
[  0%] Built target _controller_manager_msgs_generate_messages_check_deps_ControllerState
[35m[1mScanning dependencies of target _controller_manager_msgs_generate_messages_check_deps_ControllersStatistics[0m
[  0%] Built target _controller_manager_msgs_generate_messages_check_deps_ControllersStatistics
[35m[1mScanning dependencies of target _controller_manager_msgs_generate_messages_check_deps_SwitchController[0m
[  0%] Built target _controller_manager_msgs_generate_messages_check_deps_SwitchController
[35m[1mScanning dependencies of target _controller_manager_msgs_generate_messages_check_deps_ControllerStatistics[0m
[  0%] Built target _controller_manager_msgs_generate_messages_check_deps_ControllerStatistics
[35m[1mScanning dependencies of target std_msgs_generate_messages_eus[0m
[  0%] Built target std_msgs_generate_messages_eus
[35m[1mScanning dependencies of target std_msgs_generate_messages_py[0m
[  0%] Built target std_msgs_generate_messages_py
[35m[1mScanning dependencies of target std_msgs_generate_messages_lisp[0m
[  0%] Built target std_msgs_generate_messages_lisp
[35m[1mScanning dependencies of target std_msgs_generate_messages_cpp[0m
[  0%] Built target std_msgs_generate_messages_cpp
[35m[1mScanning dependencies of target controller_manager_msgs_generate_messages_nodejs[0m
[  1%] [34m[1mGenerating Javascript code from controller_manager_msgs/HardwareInterfaceResources.msg[0m
[  3%] [34m[1mGenerating Javascript code from controller_manager_msgs/ControllerStatistics.msg[0m
[  5%] [34m[1mGenerating Javascript code from controller_manager_msgs/ControllerState.msg[0m
[  7%] [34m[1mGenerating Javascript code from controller_manager_msgs/ControllersStatistics.msg[0m
[  9%] [34m[1mGenerating Javascript code from controller_manager_msgs/ListControllers.srv[0m
[ 11%] [34m[1mGenerating Javascript code from controller_manager_msgs/UnloadController.srv[0m
[ 13%] [34m[1mGenerating Javascript code from controller_manager_msgs/ListControllerTypes.srv[0m
[ 15%] [34m[1mGenerating Javascript code from controller_manager_msgs/ReloadControllerLibraries.srv[0m
[ 16%] [34m[1mGenerating Javascript code from controller_manager_msgs/SwitchController.srv[0m
[ 18%] [34m[1mGenerating Javascript code from controller_manager_msgs/LoadController.srv[0m
[ 18%] Built target controller_manager_msgs_generate_messages_nodejs
[35m[1mScanning dependencies of target controller_manager_msgs_generate_messages_eus[0m
[ 20%] [34m[1mGenerating EusLisp code from controller_manager_msgs/HardwareInterfaceResources.msg[0m
[ 22%] [34m[1mGenerating EusLisp code from controller_manager_msgs/ControllerStatistics.msg[0m
[ 24%] [34m[1mGenerating EusLisp code from controller_manager_msgs/ControllerState.msg[0m
[ 26%] [34m[1mGenerating EusLisp code from controller_manager_msgs/ControllersStatistics.msg[0m
[ 28%] [34m[1mGenerating EusLisp code from controller_manager_msgs/ListControllers.srv[0m
[ 30%] [34m[1mGenerating EusLisp code from controller_manager_msgs/UnloadController.srv[0m
[ 32%] [34m[1mGenerating EusLisp code from controller_manager_msgs/ListControllerTypes.srv[0m
[ 33%] [34m[1mGenerating EusLisp code from controller_manager_msgs/ReloadControllerLibraries.srv[0m
[35m[1mScanning dependencies of target controller_manager_msgs_generate_messages_py[0m
[ 35%] [34m[1mGenerating Python from MSG controller_manager_msgs/HardwareInterfaceResources[0m
[ 37%] [34m[1mGenerating EusLisp code from controller_manager_msgs/SwitchController.srv[0m
[35m[1mScanning dependencies of target controller_manager_msgs_generate_messages_lisp[0m
[ 39%] [34m[1mGenerating Lisp code from controller_manager_msgs/HardwareInterfaceResources.msg[0m
[ 41%] [34m[1mGenerating EusLisp code from controller_manager_msgs/LoadController.srv[0m
[ 43%] [34m[1mGenerating Lisp code from controller_manager_msgs/ControllerStatistics.msg[0m
[ 45%] [34m[1mGenerating Python from MSG controller_manager_msgs/ControllerStatistics[0m
[ 47%] [34m[1mGenerating EusLisp manifest code for controller_manager_msgs[0m
[ 49%] [34m[1mGenerating Lisp code from controller_manager_msgs/ControllerState.msg[0m
[ 50%] [34m[1mGenerating Lisp code from controller_manager_msgs/ControllersStatistics.msg[0m
[ 52%] [34m[1mGenerating Lisp code from controller_manager_msgs/ListControllers.srv[0m
[ 54%] [34m[1mGenerating Python from MSG controller_manager_msgs/ControllerState[0m
[ 56%] [34m[1mGenerating Lisp code from controller_manager_msgs/UnloadController.srv[0m
[ 58%] [34m[1mGenerating Lisp code from controller_manager_msgs/ListControllerTypes.srv[0m
[ 60%] [34m[1mGenerating Python from MSG controller_manager_msgs/ControllersStatistics[0m
[ 62%] [34m[1mGenerating Lisp code from controller_manager_msgs/ReloadControllerLibraries.srv[0m
[ 64%] [34m[1mGenerating Lisp code from controller_manager_msgs/SwitchController.srv[0m
[ 66%] [34m[1mGenerating Python code from SRV controller_manager_msgs/ListControllers[0m
[ 67%] [34m[1mGenerating Lisp code from controller_manager_msgs/LoadController.srv[0m
[ 67%] Built target controller_manager_msgs_generate_messages_lisp
Traceback (most recent call last):
  File "/opt/ros/melodic/lib/python2.7/dist-packages/geneus/geneus_main.py", line 137, in genmain
    pkg_map = get_pkg_map()
  File "/opt/ros/melodic/lib/python2.7/dist-packages/geneus/geneus_main.py", line 56, in get_pkg_map
    pkgs = packages.find_packages(ws)
  File "/usr/lib/python2.7/dist-packages/catkin_pkg/packages.py", line 96, in find_packages
    raise RuntimeError('\n'.join(duplicates))
RuntimeError: Multiple packages found with the same name "urdf_tutorial":
- include/urdf_tutorial
- share/urdf_tutorial
ERROR:  Multiple packages found with the same name "urdf_tutorial":
- include/urdf_tutorial
- share/urdf_tutorial
[ 69%] [34m[1mGenerating Python code from SRV controller_manager_msgs/UnloadController[0m
CMakeFiles/controller_manager_msgs_generate_messages_eus.dir/build.make:125: recipe for target '/home/sandeepan/tiago_public_ws/devel/.private/controller_manager_msgs/share/roseus/ros/controller_manager_msgs/manifest.l' failed
make[2]: *** [/home/sandeepan/tiago_public_ws/devel/.private/controller_manager_msgs/share/roseus/ros/controller_manager_msgs/manifest.l] Error 3
CMakeFiles/Makefile2:301: recipe for target 'CMakeFiles/controller_manager_msgs_generate_messages_eus.dir/all' failed
make[1]: *** [CMakeFiles/controller_manager_msgs_generate_messages_eus.dir/all] Error 2
make[1]: *** Waiting for unfinished jobs....
[ 71%] [34m[1mGenerating Python code from SRV controller_manager_msgs/ListControllerTypes[0m
[ 73%] [34m[1mGenerating Python code from SRV controller_manager_msgs/ReloadControllerLibraries[0m
[ 75%] [34m[1mGenerating Python code from SRV controller_manager_msgs/SwitchController[0m
[ 77%] [34m[1mGenerating Python code from SRV controller_manager_msgs/LoadController[0m
[ 79%] [34m[1mGenerating Python msg __init__.py for controller_manager_msgs[0m
[ 81%] [34m[1mGenerating Python srv __init__.py for controller_manager_msgs[0m
[ 81%] Built target controller_manager_msgs_generate_messages_py
Makefile:140: recipe for target 'all' failed
make: *** [all] Error 2
