Determining if the pthread_create exist failed with the following output:
Change Dir: /home/sandeepan/tiago_public_ws/build/rviz_plugin_covariance/CMakeFiles/CMakeTmp

Run Build Command:"/usr/bin/make" "cmTC_ca269/fast"
/usr/bin/make -f CMakeFiles/cmTC_ca269.dir/build.make CMakeFiles/cmTC_ca269.dir/build
make[1]: Entering directory '/home/sandeepan/tiago_public_ws/build/rviz_plugin_covariance/CMakeFiles/CMakeTmp'
Building C object CMakeFiles/cmTC_ca269.dir/CheckSymbolExists.c.o
/usr/bin/cc    -o CMakeFiles/cmTC_ca269.dir/CheckSymbolExists.c.o   -c /home/sandeepan/tiago_public_ws/build/rviz_plugin_covariance/CMakeFiles/CMakeTmp/CheckSymbolExists.c
Linking C executable cmTC_ca269
/usr/bin/cmake -E cmake_link_script CMakeFiles/cmTC_ca269.dir/link.txt --verbose=1
/usr/bin/cc      -rdynamic CMakeFiles/cmTC_ca269.dir/CheckSymbolExists.c.o  -o cmTC_ca269 
CMakeFiles/cmTC_ca269.dir/CheckSymbolExists.c.o: In function `main':
CheckSymbolExists.c:(.text+0x1b): undefined reference to `pthread_create'
collect2: error: ld returned 1 exit status
CMakeFiles/cmTC_ca269.dir/build.make:97: recipe for target 'cmTC_ca269' failed
make[1]: *** [cmTC_ca269] Error 1
make[1]: Leaving directory '/home/sandeepan/tiago_public_ws/build/rviz_plugin_covariance/CMakeFiles/CMakeTmp'
Makefile:126: recipe for target 'cmTC_ca269/fast' failed
make: *** [cmTC_ca269/fast] Error 2

File /home/sandeepan/tiago_public_ws/build/rviz_plugin_covariance/CMakeFiles/CMakeTmp/CheckSymbolExists.c:
/* */
#include <pthread.h>

int main(int argc, char** argv)
{
  (void)argv;
#ifndef pthread_create
  return ((int*)(&pthread_create))[argc];
#else
  (void)argc;
  return 0;
#endif
}

Determining if the function pthread_create exists in the pthreads failed with the following output:
Change Dir: /home/sandeepan/tiago_public_ws/build/rviz_plugin_covariance/CMakeFiles/CMakeTmp

Run Build Command:"/usr/bin/make" "cmTC_8c3ce/fast"
/usr/bin/make -f CMakeFiles/cmTC_8c3ce.dir/build.make CMakeFiles/cmTC_8c3ce.dir/build
make[1]: Entering directory '/home/sandeepan/tiago_public_ws/build/rviz_plugin_covariance/CMakeFiles/CMakeTmp'
Building C object CMakeFiles/cmTC_8c3ce.dir/CheckFunctionExists.c.o
/usr/bin/cc   -DCHECK_FUNCTION_EXISTS=pthread_create   -o CMakeFiles/cmTC_8c3ce.dir/CheckFunctionExists.c.o   -c /usr/share/cmake-3.10/Modules/CheckFunctionExists.c
Linking C executable cmTC_8c3ce
/usr/bin/cmake -E cmake_link_script CMakeFiles/cmTC_8c3ce.dir/link.txt --verbose=1
/usr/bin/cc  -DCHECK_FUNCTION_EXISTS=pthread_create    -rdynamic CMakeFiles/cmTC_8c3ce.dir/CheckFunctionExists.c.o  -o cmTC_8c3ce -lpthreads 
/usr/bin/ld: cannot find -lpthreads
collect2: error: ld returned 1 exit status
CMakeFiles/cmTC_8c3ce.dir/build.make:97: recipe for target 'cmTC_8c3ce' failed
make[1]: *** [cmTC_8c3ce] Error 1
make[1]: Leaving directory '/home/sandeepan/tiago_public_ws/build/rviz_plugin_covariance/CMakeFiles/CMakeTmp'
Makefile:126: recipe for target 'cmTC_8c3ce/fast' failed
make: *** [cmTC_8c3ce/fast] Error 2


