Determining if the pthread_create exist failed with the following output:
Change Dir: /home/sandeepan/tiago_public_ws/build/transmission_interface/CMakeFiles/CMakeTmp

Run Build Command:"/usr/bin/make" "cmTC_7585f/fast"
/usr/bin/make -f CMakeFiles/cmTC_7585f.dir/build.make CMakeFiles/cmTC_7585f.dir/build
make[1]: Entering directory '/home/sandeepan/tiago_public_ws/build/transmission_interface/CMakeFiles/CMakeTmp'
Building C object CMakeFiles/cmTC_7585f.dir/CheckSymbolExists.c.o
/usr/bin/cc    -o CMakeFiles/cmTC_7585f.dir/CheckSymbolExists.c.o   -c /home/sandeepan/tiago_public_ws/build/transmission_interface/CMakeFiles/CMakeTmp/CheckSymbolExists.c
Linking C executable cmTC_7585f
/usr/bin/cmake -E cmake_link_script CMakeFiles/cmTC_7585f.dir/link.txt --verbose=1
/usr/bin/cc      -rdynamic CMakeFiles/cmTC_7585f.dir/CheckSymbolExists.c.o  -o cmTC_7585f 
CMakeFiles/cmTC_7585f.dir/CheckSymbolExists.c.o: In function `main':
CheckSymbolExists.c:(.text+0x1b): undefined reference to `pthread_create'
collect2: error: ld returned 1 exit status
CMakeFiles/cmTC_7585f.dir/build.make:97: recipe for target 'cmTC_7585f' failed
make[1]: *** [cmTC_7585f] Error 1
make[1]: Leaving directory '/home/sandeepan/tiago_public_ws/build/transmission_interface/CMakeFiles/CMakeTmp'
Makefile:126: recipe for target 'cmTC_7585f/fast' failed
make: *** [cmTC_7585f/fast] Error 2

File /home/sandeepan/tiago_public_ws/build/transmission_interface/CMakeFiles/CMakeTmp/CheckSymbolExists.c:
/* */
#include <pthread.h>

int main(int argc, char** argv)
{
  (void)argv;
#ifndef pthread_create
  return ((int*)(&pthread_create))[argc];
#else
  (void)argc;
  return 0;
#endif
}

Determining if the function pthread_create exists in the pthreads failed with the following output:
Change Dir: /home/sandeepan/tiago_public_ws/build/transmission_interface/CMakeFiles/CMakeTmp

Run Build Command:"/usr/bin/make" "cmTC_4baaf/fast"
/usr/bin/make -f CMakeFiles/cmTC_4baaf.dir/build.make CMakeFiles/cmTC_4baaf.dir/build
make[1]: Entering directory '/home/sandeepan/tiago_public_ws/build/transmission_interface/CMakeFiles/CMakeTmp'
Building C object CMakeFiles/cmTC_4baaf.dir/CheckFunctionExists.c.o
/usr/bin/cc   -DCHECK_FUNCTION_EXISTS=pthread_create   -o CMakeFiles/cmTC_4baaf.dir/CheckFunctionExists.c.o   -c /usr/share/cmake-3.10/Modules/CheckFunctionExists.c
Linking C executable cmTC_4baaf
/usr/bin/cmake -E cmake_link_script CMakeFiles/cmTC_4baaf.dir/link.txt --verbose=1
/usr/bin/cc  -DCHECK_FUNCTION_EXISTS=pthread_create    -rdynamic CMakeFiles/cmTC_4baaf.dir/CheckFunctionExists.c.o  -o cmTC_4baaf -lpthreads 
/usr/bin/ld: cannot find -lpthreads
collect2: error: ld returned 1 exit status
CMakeFiles/cmTC_4baaf.dir/build.make:97: recipe for target 'cmTC_4baaf' failed
make[1]: *** [cmTC_4baaf] Error 1
make[1]: Leaving directory '/home/sandeepan/tiago_public_ws/build/transmission_interface/CMakeFiles/CMakeTmp'
Makefile:126: recipe for target 'cmTC_4baaf/fast' failed
make: *** [cmTC_4baaf/fast] Error 2


