Determining if the pthread_create exist failed with the following output:
Change Dir: /home/sandeepan/tiago_public_ws/build/pal_gripper_controller_configuration_gazebo/CMakeFiles/CMakeTmp

Run Build Command:"/usr/bin/make" "cmTC_801d5/fast"
/usr/bin/make -f CMakeFiles/cmTC_801d5.dir/build.make CMakeFiles/cmTC_801d5.dir/build
make[1]: Entering directory '/home/sandeepan/tiago_public_ws/build/pal_gripper_controller_configuration_gazebo/CMakeFiles/CMakeTmp'
Building C object CMakeFiles/cmTC_801d5.dir/CheckSymbolExists.c.o
/usr/bin/cc    -o CMakeFiles/cmTC_801d5.dir/CheckSymbolExists.c.o   -c /home/sandeepan/tiago_public_ws/build/pal_gripper_controller_configuration_gazebo/CMakeFiles/CMakeTmp/CheckSymbolExists.c
Linking C executable cmTC_801d5
/usr/bin/cmake -E cmake_link_script CMakeFiles/cmTC_801d5.dir/link.txt --verbose=1
/usr/bin/cc      -rdynamic CMakeFiles/cmTC_801d5.dir/CheckSymbolExists.c.o  -o cmTC_801d5 
CMakeFiles/cmTC_801d5.dir/CheckSymbolExists.c.o: In function `main':
CheckSymbolExists.c:(.text+0x1b): undefined reference to `pthread_create'
collect2: error: ld returned 1 exit status
CMakeFiles/cmTC_801d5.dir/build.make:97: recipe for target 'cmTC_801d5' failed
make[1]: *** [cmTC_801d5] Error 1
make[1]: Leaving directory '/home/sandeepan/tiago_public_ws/build/pal_gripper_controller_configuration_gazebo/CMakeFiles/CMakeTmp'
Makefile:126: recipe for target 'cmTC_801d5/fast' failed
make: *** [cmTC_801d5/fast] Error 2

File /home/sandeepan/tiago_public_ws/build/pal_gripper_controller_configuration_gazebo/CMakeFiles/CMakeTmp/CheckSymbolExists.c:
/* */
#include <pthread.h>

int main(int argc, char** argv)
{
  (void)argv;
#ifndef pthread_create
  return ((int*)(&pthread_create))[argc];
#else
  (void)argc;
  return 0;
#endif
}

Determining if the function pthread_create exists in the pthreads failed with the following output:
Change Dir: /home/sandeepan/tiago_public_ws/build/pal_gripper_controller_configuration_gazebo/CMakeFiles/CMakeTmp

Run Build Command:"/usr/bin/make" "cmTC_45618/fast"
/usr/bin/make -f CMakeFiles/cmTC_45618.dir/build.make CMakeFiles/cmTC_45618.dir/build
make[1]: Entering directory '/home/sandeepan/tiago_public_ws/build/pal_gripper_controller_configuration_gazebo/CMakeFiles/CMakeTmp'
Building C object CMakeFiles/cmTC_45618.dir/CheckFunctionExists.c.o
/usr/bin/cc   -DCHECK_FUNCTION_EXISTS=pthread_create   -o CMakeFiles/cmTC_45618.dir/CheckFunctionExists.c.o   -c /usr/share/cmake-3.10/Modules/CheckFunctionExists.c
Linking C executable cmTC_45618
/usr/bin/cmake -E cmake_link_script CMakeFiles/cmTC_45618.dir/link.txt --verbose=1
/usr/bin/cc  -DCHECK_FUNCTION_EXISTS=pthread_create    -rdynamic CMakeFiles/cmTC_45618.dir/CheckFunctionExists.c.o  -o cmTC_45618 -lpthreads 
/usr/bin/ld: cannot find -lpthreads
collect2: error: ld returned 1 exit status
CMakeFiles/cmTC_45618.dir/build.make:97: recipe for target 'cmTC_45618' failed
make[1]: *** [cmTC_45618] Error 1
make[1]: Leaving directory '/home/sandeepan/tiago_public_ws/build/pal_gripper_controller_configuration_gazebo/CMakeFiles/CMakeTmp'
Makefile:126: recipe for target 'cmTC_45618/fast' failed
make: *** [cmTC_45618/fast] Error 2


