Determining if the pthread_create exist failed with the following output:
Change Dir: /home/sandeepan/tiago_public_ws/build/pal_python/CMakeFiles/CMakeTmp

Run Build Command:"/usr/bin/make" "cmTC_e306b/fast"
/usr/bin/make -f CMakeFiles/cmTC_e306b.dir/build.make CMakeFiles/cmTC_e306b.dir/build
make[1]: Entering directory '/home/sandeepan/tiago_public_ws/build/pal_python/CMakeFiles/CMakeTmp'
Building C object CMakeFiles/cmTC_e306b.dir/CheckSymbolExists.c.o
/usr/bin/cc    -o CMakeFiles/cmTC_e306b.dir/CheckSymbolExists.c.o   -c /home/sandeepan/tiago_public_ws/build/pal_python/CMakeFiles/CMakeTmp/CheckSymbolExists.c
Linking C executable cmTC_e306b
/usr/bin/cmake -E cmake_link_script CMakeFiles/cmTC_e306b.dir/link.txt --verbose=1
/usr/bin/cc      -rdynamic CMakeFiles/cmTC_e306b.dir/CheckSymbolExists.c.o  -o cmTC_e306b 
CMakeFiles/cmTC_e306b.dir/CheckSymbolExists.c.o: In function `main':
CheckSymbolExists.c:(.text+0x1b): undefined reference to `pthread_create'
collect2: error: ld returned 1 exit status
CMakeFiles/cmTC_e306b.dir/build.make:97: recipe for target 'cmTC_e306b' failed
make[1]: *** [cmTC_e306b] Error 1
make[1]: Leaving directory '/home/sandeepan/tiago_public_ws/build/pal_python/CMakeFiles/CMakeTmp'
Makefile:126: recipe for target 'cmTC_e306b/fast' failed
make: *** [cmTC_e306b/fast] Error 2

File /home/sandeepan/tiago_public_ws/build/pal_python/CMakeFiles/CMakeTmp/CheckSymbolExists.c:
/* */
#include <pthread.h>

int main(int argc, char** argv)
{
  (void)argv;
#ifndef pthread_create
  return ((int*)(&pthread_create))[argc];
#else
  (void)argc;
  return 0;
#endif
}

Determining if the function pthread_create exists in the pthreads failed with the following output:
Change Dir: /home/sandeepan/tiago_public_ws/build/pal_python/CMakeFiles/CMakeTmp

Run Build Command:"/usr/bin/make" "cmTC_3a1a9/fast"
/usr/bin/make -f CMakeFiles/cmTC_3a1a9.dir/build.make CMakeFiles/cmTC_3a1a9.dir/build
make[1]: Entering directory '/home/sandeepan/tiago_public_ws/build/pal_python/CMakeFiles/CMakeTmp'
Building C object CMakeFiles/cmTC_3a1a9.dir/CheckFunctionExists.c.o
/usr/bin/cc   -DCHECK_FUNCTION_EXISTS=pthread_create   -o CMakeFiles/cmTC_3a1a9.dir/CheckFunctionExists.c.o   -c /usr/share/cmake-3.10/Modules/CheckFunctionExists.c
Linking C executable cmTC_3a1a9
/usr/bin/cmake -E cmake_link_script CMakeFiles/cmTC_3a1a9.dir/link.txt --verbose=1
/usr/bin/cc  -DCHECK_FUNCTION_EXISTS=pthread_create    -rdynamic CMakeFiles/cmTC_3a1a9.dir/CheckFunctionExists.c.o  -o cmTC_3a1a9 -lpthreads 
/usr/bin/ld: cannot find -lpthreads
collect2: error: ld returned 1 exit status
CMakeFiles/cmTC_3a1a9.dir/build.make:97: recipe for target 'cmTC_3a1a9' failed
make[1]: *** [cmTC_3a1a9] Error 1
make[1]: Leaving directory '/home/sandeepan/tiago_public_ws/build/pal_python/CMakeFiles/CMakeTmp'
Makefile:126: recipe for target 'cmTC_3a1a9/fast' failed
make: *** [cmTC_3a1a9/fast] Error 2


