Symlinking /home/sandeepan/tiago_public_ws/devel/include/pal_walking_msgs/SitRequest.h
Symlinking /home/sandeepan/tiago_public_ws/devel/include/pal_walking_msgs/StepOverRequest.h
Symlinking /home/sandeepan/tiago_public_ws/devel/include/pal_walking_msgs/WalkingStatus.h
Symlinking /home/sandeepan/tiago_public_ws/devel/include/pal_walking_msgs/StepOverResponse.h
Symlinking /home/sandeepan/tiago_public_ws/devel/include/pal_walking_msgs/WalkingStep.h
Symlinking /home/sandeepan/tiago_public_ws/devel/include/pal_walking_msgs/SMStatus.h
Symlinking /home/sandeepan/tiago_public_ws/devel/include/pal_walking_msgs/SitResponse.h
Symlinking /home/sandeepan/tiago_public_ws/devel/include/pal_walking_msgs/StepOver.h
Symlinking /home/sandeepan/tiago_public_ws/devel/include/pal_walking_msgs/WalkStepsResponse.h
Symlinking /home/sandeepan/tiago_public_ws/devel/include/pal_walking_msgs/WalkSteps.h
Symlinking /home/sandeepan/tiago_public_ws/devel/include/pal_walking_msgs/MoveHipFeet.h
Symlinking /home/sandeepan/tiago_public_ws/devel/include/pal_walking_msgs/ContactState.h
Symlinking /home/sandeepan/tiago_public_ws/devel/include/pal_walking_msgs/Sit.h
Symlinking /home/sandeepan/tiago_public_ws/devel/include/pal_walking_msgs/MoveHipFeetResponse.h
Symlinking /home/sandeepan/tiago_public_ws/devel/include/pal_walking_msgs/WalkStepsRequest.h
Symlinking /home/sandeepan/tiago_public_ws/devel/include/pal_walking_msgs/MoveHipFeetRequest.h
Symlinking /home/sandeepan/tiago_public_ws/devel/share/roseus/ros/pal_walking_msgs/manifest.l
Symlinking /home/sandeepan/tiago_public_ws/devel/share/roseus/ros/pal_walking_msgs/srv/Sit.l
Symlinking /home/sandeepan/tiago_public_ws/devel/share/roseus/ros/pal_walking_msgs/srv/WalkSteps.l
Symlinking /home/sandeepan/tiago_public_ws/devel/share/roseus/ros/pal_walking_msgs/srv/MoveHipFeet.l
Symlinking /home/sandeepan/tiago_public_ws/devel/share/roseus/ros/pal_walking_msgs/srv/StepOver.l
Symlinking /home/sandeepan/tiago_public_ws/devel/share/roseus/ros/pal_walking_msgs/msg/SMStatus.l
Symlinking /home/sandeepan/tiago_public_ws/devel/share/roseus/ros/pal_walking_msgs/msg/ContactState.l
Symlinking /home/sandeepan/tiago_public_ws/devel/share/roseus/ros/pal_walking_msgs/msg/WalkingStep.l
Symlinking /home/sandeepan/tiago_public_ws/devel/share/roseus/ros/pal_walking_msgs/msg/WalkingStatus.l
Symlinking /home/sandeepan/tiago_public_ws/devel/share/gennodejs/ros/pal_walking_msgs/_index.js
Symlinking /home/sandeepan/tiago_public_ws/devel/share/gennodejs/ros/pal_walking_msgs/srv/StepOver.js
Symlinking /home/sandeepan/tiago_public_ws/devel/share/gennodejs/ros/pal_walking_msgs/srv/WalkSteps.js
Symlinking /home/sandeepan/tiago_public_ws/devel/share/gennodejs/ros/pal_walking_msgs/srv/_index.js
Symlinking /home/sandeepan/tiago_public_ws/devel/share/gennodejs/ros/pal_walking_msgs/srv/Sit.js
Symlinking /home/sandeepan/tiago_public_ws/devel/share/gennodejs/ros/pal_walking_msgs/srv/MoveHipFeet.js
Symlinking /home/sandeepan/tiago_public_ws/devel/share/gennodejs/ros/pal_walking_msgs/msg/WalkingStatus.js
Symlinking /home/sandeepan/tiago_public_ws/devel/share/gennodejs/ros/pal_walking_msgs/msg/WalkingStep.js
Symlinking /home/sandeepan/tiago_public_ws/devel/share/gennodejs/ros/pal_walking_msgs/msg/ContactState.js
Symlinking /home/sandeepan/tiago_public_ws/devel/share/gennodejs/ros/pal_walking_msgs/msg/_index.js
Symlinking /home/sandeepan/tiago_public_ws/devel/share/gennodejs/ros/pal_walking_msgs/msg/SMStatus.js
Symlinking /home/sandeepan/tiago_public_ws/devel/share/common-lisp/ros/pal_walking_msgs/srv/pal_walking_msgs-srv.asd
Symlinking /home/sandeepan/tiago_public_ws/devel/share/common-lisp/ros/pal_walking_msgs/srv/MoveHipFeet.lisp
Symlinking /home/sandeepan/tiago_public_ws/devel/share/common-lisp/ros/pal_walking_msgs/srv/_package_Sit.lisp
Symlinking /home/sandeepan/tiago_public_ws/devel/share/common-lisp/ros/pal_walking_msgs/srv/_package_StepOver.lisp
Symlinking /home/sandeepan/tiago_public_ws/devel/share/common-lisp/ros/pal_walking_msgs/srv/_package_MoveHipFeet.lisp
Symlinking /home/sandeepan/tiago_public_ws/devel/share/common-lisp/ros/pal_walking_msgs/srv/Sit.lisp
Symlinking /home/sandeepan/tiago_public_ws/devel/share/common-lisp/ros/pal_walking_msgs/srv/_package_WalkSteps.lisp
Symlinking /home/sandeepan/tiago_public_ws/devel/share/common-lisp/ros/pal_walking_msgs/srv/_package.lisp
Symlinking /home/sandeepan/tiago_public_ws/devel/share/common-lisp/ros/pal_walking_msgs/srv/WalkSteps.lisp
Symlinking /home/sandeepan/tiago_public_ws/devel/share/common-lisp/ros/pal_walking_msgs/srv/StepOver.lisp
Symlinking /home/sandeepan/tiago_public_ws/devel/share/common-lisp/ros/pal_walking_msgs/msg/SMStatus.lisp
Symlinking /home/sandeepan/tiago_public_ws/devel/share/common-lisp/ros/pal_walking_msgs/msg/_package_WalkingStatus.lisp
Symlinking /home/sandeepan/tiago_public_ws/devel/share/common-lisp/ros/pal_walking_msgs/msg/_package_ContactState.lisp
Symlinking /home/sandeepan/tiago_public_ws/devel/share/common-lisp/ros/pal_walking_msgs/msg/pal_walking_msgs-msg.asd
Symlinking /home/sandeepan/tiago_public_ws/devel/share/common-lisp/ros/pal_walking_msgs/msg/WalkingStep.lisp
Symlinking /home/sandeepan/tiago_public_ws/devel/share/common-lisp/ros/pal_walking_msgs/msg/_package_SMStatus.lisp
Symlinking /home/sandeepan/tiago_public_ws/devel/share/common-lisp/ros/pal_walking_msgs/msg/ContactState.lisp
Symlinking /home/sandeepan/tiago_public_ws/devel/share/common-lisp/ros/pal_walking_msgs/msg/_package_WalkingStep.lisp
Symlinking /home/sandeepan/tiago_public_ws/devel/share/common-lisp/ros/pal_walking_msgs/msg/WalkingStatus.lisp
Symlinking /home/sandeepan/tiago_public_ws/devel/share/common-lisp/ros/pal_walking_msgs/msg/_package.lisp
Symlinking /home/sandeepan/tiago_public_ws/devel/share/pal_walking_msgs/cmake/pal_walking_msgsConfig-version.cmake
Symlinking /home/sandeepan/tiago_public_ws/devel/share/pal_walking_msgs/cmake/pal_walking_msgs-msg-extras.cmake
Symlinking /home/sandeepan/tiago_public_ws/devel/share/pal_walking_msgs/cmake/pal_walking_msgsConfig.cmake
Symlinking /home/sandeepan/tiago_public_ws/devel/share/pal_walking_msgs/cmake/pal_walking_msgs-msg-paths.cmake
Symlinking /home/sandeepan/tiago_public_ws/devel/lib/python2.7/dist-packages/pal_walking_msgs/__init__.py
Symlinking /home/sandeepan/tiago_public_ws/devel/lib/python2.7/dist-packages/pal_walking_msgs/srv/__init__.py
Symlinking /home/sandeepan/tiago_public_ws/devel/lib/python2.7/dist-packages/pal_walking_msgs/srv/_WalkSteps.py
Symlinking /home/sandeepan/tiago_public_ws/devel/lib/python2.7/dist-packages/pal_walking_msgs/srv/_MoveHipFeet.py
Symlinking /home/sandeepan/tiago_public_ws/devel/lib/python2.7/dist-packages/pal_walking_msgs/srv/_StepOver.py
Symlinking /home/sandeepan/tiago_public_ws/devel/lib/python2.7/dist-packages/pal_walking_msgs/srv/_Sit.py
Symlinking /home/sandeepan/tiago_public_ws/devel/lib/python2.7/dist-packages/pal_walking_msgs/msg/__init__.py
Symlinking /home/sandeepan/tiago_public_ws/devel/lib/python2.7/dist-packages/pal_walking_msgs/msg/_ContactState.py
Symlinking /home/sandeepan/tiago_public_ws/devel/lib/python2.7/dist-packages/pal_walking_msgs/msg/_SMStatus.py
Symlinking /home/sandeepan/tiago_public_ws/devel/lib/python2.7/dist-packages/pal_walking_msgs/msg/_WalkingStep.py
Symlinking /home/sandeepan/tiago_public_ws/devel/lib/python2.7/dist-packages/pal_walking_msgs/msg/_WalkingStatus.py
Symlinking /home/sandeepan/tiago_public_ws/devel/lib/pkgconfig/pal_walking_msgs.pc
