Determining if the pthread_create exist failed with the following output:
Change Dir: /home/sandeepan/tiago_public_ws/build/pal_wifi_localization_msgs/CMakeFiles/CMakeTmp

Run Build Command:"/usr/bin/make" "cmTC_f4402/fast"
/usr/bin/make -f CMakeFiles/cmTC_f4402.dir/build.make CMakeFiles/cmTC_f4402.dir/build
make[1]: Entering directory '/home/sandeepan/tiago_public_ws/build/pal_wifi_localization_msgs/CMakeFiles/CMakeTmp'
Building C object CMakeFiles/cmTC_f4402.dir/CheckSymbolExists.c.o
/usr/bin/cc    -o CMakeFiles/cmTC_f4402.dir/CheckSymbolExists.c.o   -c /home/sandeepan/tiago_public_ws/build/pal_wifi_localization_msgs/CMakeFiles/CMakeTmp/CheckSymbolExists.c
Linking C executable cmTC_f4402
/usr/bin/cmake -E cmake_link_script CMakeFiles/cmTC_f4402.dir/link.txt --verbose=1
/usr/bin/cc      -rdynamic CMakeFiles/cmTC_f4402.dir/CheckSymbolExists.c.o  -o cmTC_f4402 
CMakeFiles/cmTC_f4402.dir/CheckSymbolExists.c.o: In function `main':
CheckSymbolExists.c:(.text+0x1b): undefined reference to `pthread_create'
collect2: error: ld returned 1 exit status
CMakeFiles/cmTC_f4402.dir/build.make:97: recipe for target 'cmTC_f4402' failed
make[1]: *** [cmTC_f4402] Error 1
make[1]: Leaving directory '/home/sandeepan/tiago_public_ws/build/pal_wifi_localization_msgs/CMakeFiles/CMakeTmp'
Makefile:126: recipe for target 'cmTC_f4402/fast' failed
make: *** [cmTC_f4402/fast] Error 2

File /home/sandeepan/tiago_public_ws/build/pal_wifi_localization_msgs/CMakeFiles/CMakeTmp/CheckSymbolExists.c:
/* */
#include <pthread.h>

int main(int argc, char** argv)
{
  (void)argv;
#ifndef pthread_create
  return ((int*)(&pthread_create))[argc];
#else
  (void)argc;
  return 0;
#endif
}

Determining if the function pthread_create exists in the pthreads failed with the following output:
Change Dir: /home/sandeepan/tiago_public_ws/build/pal_wifi_localization_msgs/CMakeFiles/CMakeTmp

Run Build Command:"/usr/bin/make" "cmTC_5ff81/fast"
/usr/bin/make -f CMakeFiles/cmTC_5ff81.dir/build.make CMakeFiles/cmTC_5ff81.dir/build
make[1]: Entering directory '/home/sandeepan/tiago_public_ws/build/pal_wifi_localization_msgs/CMakeFiles/CMakeTmp'
Building C object CMakeFiles/cmTC_5ff81.dir/CheckFunctionExists.c.o
/usr/bin/cc   -DCHECK_FUNCTION_EXISTS=pthread_create   -o CMakeFiles/cmTC_5ff81.dir/CheckFunctionExists.c.o   -c /usr/share/cmake-3.10/Modules/CheckFunctionExists.c
Linking C executable cmTC_5ff81
/usr/bin/cmake -E cmake_link_script CMakeFiles/cmTC_5ff81.dir/link.txt --verbose=1
/usr/bin/cc  -DCHECK_FUNCTION_EXISTS=pthread_create    -rdynamic CMakeFiles/cmTC_5ff81.dir/CheckFunctionExists.c.o  -o cmTC_5ff81 -lpthreads 
/usr/bin/ld: cannot find -lpthreads
collect2: error: ld returned 1 exit status
CMakeFiles/cmTC_5ff81.dir/build.make:97: recipe for target 'cmTC_5ff81' failed
make[1]: *** [cmTC_5ff81] Error 1
make[1]: Leaving directory '/home/sandeepan/tiago_public_ws/build/pal_wifi_localization_msgs/CMakeFiles/CMakeTmp'
Makefile:126: recipe for target 'cmTC_5ff81/fast' failed
make: *** [cmTC_5ff81/fast] Error 2


