Determining if the pthread_create exist failed with the following output:
Change Dir: /home/sandeepan/tiago_public_ws/build/robot_pose/CMakeFiles/CMakeTmp

Run Build Command:"/usr/bin/make" "cmTC_970e2/fast"
/usr/bin/make -f CMakeFiles/cmTC_970e2.dir/build.make CMakeFiles/cmTC_970e2.dir/build
make[1]: Entering directory '/home/sandeepan/tiago_public_ws/build/robot_pose/CMakeFiles/CMakeTmp'
Building C object CMakeFiles/cmTC_970e2.dir/CheckSymbolExists.c.o
/usr/bin/cc    -o CMakeFiles/cmTC_970e2.dir/CheckSymbolExists.c.o   -c /home/sandeepan/tiago_public_ws/build/robot_pose/CMakeFiles/CMakeTmp/CheckSymbolExists.c
Linking C executable cmTC_970e2
/usr/bin/cmake -E cmake_link_script CMakeFiles/cmTC_970e2.dir/link.txt --verbose=1
/usr/bin/cc      -rdynamic CMakeFiles/cmTC_970e2.dir/CheckSymbolExists.c.o  -o cmTC_970e2 
CMakeFiles/cmTC_970e2.dir/CheckSymbolExists.c.o: In function `main':
CheckSymbolExists.c:(.text+0x1b): undefined reference to `pthread_create'
collect2: error: ld returned 1 exit status
CMakeFiles/cmTC_970e2.dir/build.make:97: recipe for target 'cmTC_970e2' failed
make[1]: *** [cmTC_970e2] Error 1
make[1]: Leaving directory '/home/sandeepan/tiago_public_ws/build/robot_pose/CMakeFiles/CMakeTmp'
Makefile:126: recipe for target 'cmTC_970e2/fast' failed
make: *** [cmTC_970e2/fast] Error 2

File /home/sandeepan/tiago_public_ws/build/robot_pose/CMakeFiles/CMakeTmp/CheckSymbolExists.c:
/* */
#include <pthread.h>

int main(int argc, char** argv)
{
  (void)argv;
#ifndef pthread_create
  return ((int*)(&pthread_create))[argc];
#else
  (void)argc;
  return 0;
#endif
}

Determining if the function pthread_create exists in the pthreads failed with the following output:
Change Dir: /home/sandeepan/tiago_public_ws/build/robot_pose/CMakeFiles/CMakeTmp

Run Build Command:"/usr/bin/make" "cmTC_e3cad/fast"
/usr/bin/make -f CMakeFiles/cmTC_e3cad.dir/build.make CMakeFiles/cmTC_e3cad.dir/build
make[1]: Entering directory '/home/sandeepan/tiago_public_ws/build/robot_pose/CMakeFiles/CMakeTmp'
Building C object CMakeFiles/cmTC_e3cad.dir/CheckFunctionExists.c.o
/usr/bin/cc   -DCHECK_FUNCTION_EXISTS=pthread_create   -o CMakeFiles/cmTC_e3cad.dir/CheckFunctionExists.c.o   -c /usr/share/cmake-3.10/Modules/CheckFunctionExists.c
Linking C executable cmTC_e3cad
/usr/bin/cmake -E cmake_link_script CMakeFiles/cmTC_e3cad.dir/link.txt --verbose=1
/usr/bin/cc  -DCHECK_FUNCTION_EXISTS=pthread_create    -rdynamic CMakeFiles/cmTC_e3cad.dir/CheckFunctionExists.c.o  -o cmTC_e3cad -lpthreads 
/usr/bin/ld: cannot find -lpthreads
collect2: error: ld returned 1 exit status
CMakeFiles/cmTC_e3cad.dir/build.make:97: recipe for target 'cmTC_e3cad' failed
make[1]: *** [cmTC_e3cad] Error 1
make[1]: Leaving directory '/home/sandeepan/tiago_public_ws/build/robot_pose/CMakeFiles/CMakeTmp'
Makefile:126: recipe for target 'cmTC_e3cad/fast' failed
make: *** [cmTC_e3cad/fast] Error 2


