Determining if the pthread_create exist failed with the following output:
Change Dir: /home/sandeepan/tiago_public_ws/build/tiago_controller_configuration_gazebo/CMakeFiles/CMakeTmp

Run Build Command:"/usr/bin/make" "cmTC_7a27a/fast"
/usr/bin/make -f CMakeFiles/cmTC_7a27a.dir/build.make CMakeFiles/cmTC_7a27a.dir/build
make[1]: Entering directory '/home/sandeepan/tiago_public_ws/build/tiago_controller_configuration_gazebo/CMakeFiles/CMakeTmp'
Building C object CMakeFiles/cmTC_7a27a.dir/CheckSymbolExists.c.o
/usr/bin/cc    -o CMakeFiles/cmTC_7a27a.dir/CheckSymbolExists.c.o   -c /home/sandeepan/tiago_public_ws/build/tiago_controller_configuration_gazebo/CMakeFiles/CMakeTmp/CheckSymbolExists.c
Linking C executable cmTC_7a27a
/usr/bin/cmake -E cmake_link_script CMakeFiles/cmTC_7a27a.dir/link.txt --verbose=1
/usr/bin/cc      -rdynamic CMakeFiles/cmTC_7a27a.dir/CheckSymbolExists.c.o  -o cmTC_7a27a 
CMakeFiles/cmTC_7a27a.dir/CheckSymbolExists.c.o: In function `main':
CheckSymbolExists.c:(.text+0x1b): undefined reference to `pthread_create'
collect2: error: ld returned 1 exit status
CMakeFiles/cmTC_7a27a.dir/build.make:97: recipe for target 'cmTC_7a27a' failed
make[1]: *** [cmTC_7a27a] Error 1
make[1]: Leaving directory '/home/sandeepan/tiago_public_ws/build/tiago_controller_configuration_gazebo/CMakeFiles/CMakeTmp'
Makefile:126: recipe for target 'cmTC_7a27a/fast' failed
make: *** [cmTC_7a27a/fast] Error 2

File /home/sandeepan/tiago_public_ws/build/tiago_controller_configuration_gazebo/CMakeFiles/CMakeTmp/CheckSymbolExists.c:
/* */
#include <pthread.h>

int main(int argc, char** argv)
{
  (void)argv;
#ifndef pthread_create
  return ((int*)(&pthread_create))[argc];
#else
  (void)argc;
  return 0;
#endif
}

Determining if the function pthread_create exists in the pthreads failed with the following output:
Change Dir: /home/sandeepan/tiago_public_ws/build/tiago_controller_configuration_gazebo/CMakeFiles/CMakeTmp

Run Build Command:"/usr/bin/make" "cmTC_3f665/fast"
/usr/bin/make -f CMakeFiles/cmTC_3f665.dir/build.make CMakeFiles/cmTC_3f665.dir/build
make[1]: Entering directory '/home/sandeepan/tiago_public_ws/build/tiago_controller_configuration_gazebo/CMakeFiles/CMakeTmp'
Building C object CMakeFiles/cmTC_3f665.dir/CheckFunctionExists.c.o
/usr/bin/cc   -DCHECK_FUNCTION_EXISTS=pthread_create   -o CMakeFiles/cmTC_3f665.dir/CheckFunctionExists.c.o   -c /usr/share/cmake-3.10/Modules/CheckFunctionExists.c
Linking C executable cmTC_3f665
/usr/bin/cmake -E cmake_link_script CMakeFiles/cmTC_3f665.dir/link.txt --verbose=1
/usr/bin/cc  -DCHECK_FUNCTION_EXISTS=pthread_create    -rdynamic CMakeFiles/cmTC_3f665.dir/CheckFunctionExists.c.o  -o cmTC_3f665 -lpthreads 
/usr/bin/ld: cannot find -lpthreads
collect2: error: ld returned 1 exit status
CMakeFiles/cmTC_3f665.dir/build.make:97: recipe for target 'cmTC_3f665' failed
make[1]: *** [cmTC_3f665] Error 1
make[1]: Leaving directory '/home/sandeepan/tiago_public_ws/build/tiago_controller_configuration_gazebo/CMakeFiles/CMakeTmp'
Makefile:126: recipe for target 'cmTC_3f665/fast' failed
make: *** [cmTC_3f665/fast] Error 2


