Determining if the pthread_create exist failed with the following output:
Change Dir: /home/sandeepan/tiago_public_ws/build/pal_navigation_sm/CMakeFiles/CMakeTmp

Run Build Command:"/usr/bin/make" "cmTC_82465/fast"
/usr/bin/make -f CMakeFiles/cmTC_82465.dir/build.make CMakeFiles/cmTC_82465.dir/build
make[1]: Entering directory '/home/sandeepan/tiago_public_ws/build/pal_navigation_sm/CMakeFiles/CMakeTmp'
Building C object CMakeFiles/cmTC_82465.dir/CheckSymbolExists.c.o
/usr/bin/cc    -o CMakeFiles/cmTC_82465.dir/CheckSymbolExists.c.o   -c /home/sandeepan/tiago_public_ws/build/pal_navigation_sm/CMakeFiles/CMakeTmp/CheckSymbolExists.c
Linking C executable cmTC_82465
/usr/bin/cmake -E cmake_link_script CMakeFiles/cmTC_82465.dir/link.txt --verbose=1
/usr/bin/cc      -rdynamic CMakeFiles/cmTC_82465.dir/CheckSymbolExists.c.o  -o cmTC_82465 
CMakeFiles/cmTC_82465.dir/CheckSymbolExists.c.o: In function `main':
CheckSymbolExists.c:(.text+0x1b): undefined reference to `pthread_create'
collect2: error: ld returned 1 exit status
CMakeFiles/cmTC_82465.dir/build.make:97: recipe for target 'cmTC_82465' failed
make[1]: *** [cmTC_82465] Error 1
make[1]: Leaving directory '/home/sandeepan/tiago_public_ws/build/pal_navigation_sm/CMakeFiles/CMakeTmp'
Makefile:126: recipe for target 'cmTC_82465/fast' failed
make: *** [cmTC_82465/fast] Error 2

File /home/sandeepan/tiago_public_ws/build/pal_navigation_sm/CMakeFiles/CMakeTmp/CheckSymbolExists.c:
/* */
#include <pthread.h>

int main(int argc, char** argv)
{
  (void)argv;
#ifndef pthread_create
  return ((int*)(&pthread_create))[argc];
#else
  (void)argc;
  return 0;
#endif
}

Determining if the function pthread_create exists in the pthreads failed with the following output:
Change Dir: /home/sandeepan/tiago_public_ws/build/pal_navigation_sm/CMakeFiles/CMakeTmp

Run Build Command:"/usr/bin/make" "cmTC_22772/fast"
/usr/bin/make -f CMakeFiles/cmTC_22772.dir/build.make CMakeFiles/cmTC_22772.dir/build
make[1]: Entering directory '/home/sandeepan/tiago_public_ws/build/pal_navigation_sm/CMakeFiles/CMakeTmp'
Building C object CMakeFiles/cmTC_22772.dir/CheckFunctionExists.c.o
/usr/bin/cc   -DCHECK_FUNCTION_EXISTS=pthread_create   -o CMakeFiles/cmTC_22772.dir/CheckFunctionExists.c.o   -c /usr/share/cmake-3.10/Modules/CheckFunctionExists.c
Linking C executable cmTC_22772
/usr/bin/cmake -E cmake_link_script CMakeFiles/cmTC_22772.dir/link.txt --verbose=1
/usr/bin/cc  -DCHECK_FUNCTION_EXISTS=pthread_create    -rdynamic CMakeFiles/cmTC_22772.dir/CheckFunctionExists.c.o  -o cmTC_22772 -lpthreads 
/usr/bin/ld: cannot find -lpthreads
collect2: error: ld returned 1 exit status
CMakeFiles/cmTC_22772.dir/build.make:97: recipe for target 'cmTC_22772' failed
make[1]: *** [cmTC_22772] Error 1
make[1]: Leaving directory '/home/sandeepan/tiago_public_ws/build/pal_navigation_sm/CMakeFiles/CMakeTmp'
Makefile:126: recipe for target 'cmTC_22772/fast' failed
make: *** [cmTC_22772/fast] Error 2


