Determining if the pthread_create exist failed with the following output:
Change Dir: /home/sandeepan/tiago_public_ws/build/tiago_description_calibration/CMakeFiles/CMakeTmp

Run Build Command:"/usr/bin/make" "cmTC_2ce65/fast"
/usr/bin/make -f CMakeFiles/cmTC_2ce65.dir/build.make CMakeFiles/cmTC_2ce65.dir/build
make[1]: Entering directory '/home/sandeepan/tiago_public_ws/build/tiago_description_calibration/CMakeFiles/CMakeTmp'
Building C object CMakeFiles/cmTC_2ce65.dir/CheckSymbolExists.c.o
/usr/bin/cc    -o CMakeFiles/cmTC_2ce65.dir/CheckSymbolExists.c.o   -c /home/sandeepan/tiago_public_ws/build/tiago_description_calibration/CMakeFiles/CMakeTmp/CheckSymbolExists.c
Linking C executable cmTC_2ce65
/usr/bin/cmake -E cmake_link_script CMakeFiles/cmTC_2ce65.dir/link.txt --verbose=1
/usr/bin/cc      -rdynamic CMakeFiles/cmTC_2ce65.dir/CheckSymbolExists.c.o  -o cmTC_2ce65 
CMakeFiles/cmTC_2ce65.dir/CheckSymbolExists.c.o: In function `main':
CheckSymbolExists.c:(.text+0x1b): undefined reference to `pthread_create'
collect2: error: ld returned 1 exit status
CMakeFiles/cmTC_2ce65.dir/build.make:97: recipe for target 'cmTC_2ce65' failed
make[1]: *** [cmTC_2ce65] Error 1
make[1]: Leaving directory '/home/sandeepan/tiago_public_ws/build/tiago_description_calibration/CMakeFiles/CMakeTmp'
Makefile:126: recipe for target 'cmTC_2ce65/fast' failed
make: *** [cmTC_2ce65/fast] Error 2

File /home/sandeepan/tiago_public_ws/build/tiago_description_calibration/CMakeFiles/CMakeTmp/CheckSymbolExists.c:
/* */
#include <pthread.h>

int main(int argc, char** argv)
{
  (void)argv;
#ifndef pthread_create
  return ((int*)(&pthread_create))[argc];
#else
  (void)argc;
  return 0;
#endif
}

Determining if the function pthread_create exists in the pthreads failed with the following output:
Change Dir: /home/sandeepan/tiago_public_ws/build/tiago_description_calibration/CMakeFiles/CMakeTmp

Run Build Command:"/usr/bin/make" "cmTC_bf046/fast"
/usr/bin/make -f CMakeFiles/cmTC_bf046.dir/build.make CMakeFiles/cmTC_bf046.dir/build
make[1]: Entering directory '/home/sandeepan/tiago_public_ws/build/tiago_description_calibration/CMakeFiles/CMakeTmp'
Building C object CMakeFiles/cmTC_bf046.dir/CheckFunctionExists.c.o
/usr/bin/cc   -DCHECK_FUNCTION_EXISTS=pthread_create   -o CMakeFiles/cmTC_bf046.dir/CheckFunctionExists.c.o   -c /usr/share/cmake-3.10/Modules/CheckFunctionExists.c
Linking C executable cmTC_bf046
/usr/bin/cmake -E cmake_link_script CMakeFiles/cmTC_bf046.dir/link.txt --verbose=1
/usr/bin/cc  -DCHECK_FUNCTION_EXISTS=pthread_create    -rdynamic CMakeFiles/cmTC_bf046.dir/CheckFunctionExists.c.o  -o cmTC_bf046 -lpthreads 
/usr/bin/ld: cannot find -lpthreads
collect2: error: ld returned 1 exit status
CMakeFiles/cmTC_bf046.dir/build.make:97: recipe for target 'cmTC_bf046' failed
make[1]: *** [cmTC_bf046] Error 1
make[1]: Leaving directory '/home/sandeepan/tiago_public_ws/build/tiago_description_calibration/CMakeFiles/CMakeTmp'
Makefile:126: recipe for target 'cmTC_bf046/fast' failed
make: *** [cmTC_bf046/fast] Error 2


