Determining if the pthread_create exist failed with the following output:
Change Dir: /home/sandeepan/tiago_public_ws/build/tiago_laser_sensors/CMakeFiles/CMakeTmp

Run Build Command:"/usr/bin/make" "cmTC_04ba4/fast"
/usr/bin/make -f CMakeFiles/cmTC_04ba4.dir/build.make CMakeFiles/cmTC_04ba4.dir/build
make[1]: Entering directory '/home/sandeepan/tiago_public_ws/build/tiago_laser_sensors/CMakeFiles/CMakeTmp'
Building C object CMakeFiles/cmTC_04ba4.dir/CheckSymbolExists.c.o
/usr/bin/cc    -o CMakeFiles/cmTC_04ba4.dir/CheckSymbolExists.c.o   -c /home/sandeepan/tiago_public_ws/build/tiago_laser_sensors/CMakeFiles/CMakeTmp/CheckSymbolExists.c
Linking C executable cmTC_04ba4
/usr/bin/cmake -E cmake_link_script CMakeFiles/cmTC_04ba4.dir/link.txt --verbose=1
/usr/bin/cc      -rdynamic CMakeFiles/cmTC_04ba4.dir/CheckSymbolExists.c.o  -o cmTC_04ba4 
CMakeFiles/cmTC_04ba4.dir/CheckSymbolExists.c.o: In function `main':
CheckSymbolExists.c:(.text+0x1b): undefined reference to `pthread_create'
collect2: error: ld returned 1 exit status
CMakeFiles/cmTC_04ba4.dir/build.make:97: recipe for target 'cmTC_04ba4' failed
make[1]: *** [cmTC_04ba4] Error 1
make[1]: Leaving directory '/home/sandeepan/tiago_public_ws/build/tiago_laser_sensors/CMakeFiles/CMakeTmp'
Makefile:126: recipe for target 'cmTC_04ba4/fast' failed
make: *** [cmTC_04ba4/fast] Error 2

File /home/sandeepan/tiago_public_ws/build/tiago_laser_sensors/CMakeFiles/CMakeTmp/CheckSymbolExists.c:
/* */
#include <pthread.h>

int main(int argc, char** argv)
{
  (void)argv;
#ifndef pthread_create
  return ((int*)(&pthread_create))[argc];
#else
  (void)argc;
  return 0;
#endif
}

Determining if the function pthread_create exists in the pthreads failed with the following output:
Change Dir: /home/sandeepan/tiago_public_ws/build/tiago_laser_sensors/CMakeFiles/CMakeTmp

Run Build Command:"/usr/bin/make" "cmTC_52b9b/fast"
/usr/bin/make -f CMakeFiles/cmTC_52b9b.dir/build.make CMakeFiles/cmTC_52b9b.dir/build
make[1]: Entering directory '/home/sandeepan/tiago_public_ws/build/tiago_laser_sensors/CMakeFiles/CMakeTmp'
Building C object CMakeFiles/cmTC_52b9b.dir/CheckFunctionExists.c.o
/usr/bin/cc   -DCHECK_FUNCTION_EXISTS=pthread_create   -o CMakeFiles/cmTC_52b9b.dir/CheckFunctionExists.c.o   -c /usr/share/cmake-3.10/Modules/CheckFunctionExists.c
Linking C executable cmTC_52b9b
/usr/bin/cmake -E cmake_link_script CMakeFiles/cmTC_52b9b.dir/link.txt --verbose=1
/usr/bin/cc  -DCHECK_FUNCTION_EXISTS=pthread_create    -rdynamic CMakeFiles/cmTC_52b9b.dir/CheckFunctionExists.c.o  -o cmTC_52b9b -lpthreads 
/usr/bin/ld: cannot find -lpthreads
collect2: error: ld returned 1 exit status
CMakeFiles/cmTC_52b9b.dir/build.make:97: recipe for target 'cmTC_52b9b' failed
make[1]: *** [cmTC_52b9b] Error 1
make[1]: Leaving directory '/home/sandeepan/tiago_public_ws/build/tiago_laser_sensors/CMakeFiles/CMakeTmp'
Makefile:126: recipe for target 'cmTC_52b9b/fast' failed
make: *** [cmTC_52b9b/fast] Error 2


