[ 15%] Built target pm_rrbot
[ 15%] Built target diagnostic_msgs_generate_messages_py
[ 15%] Built target diagnostic_msgs_generate_messages_lisp
[ 15%] Built target diagnostic_msgs_generate_messages_eus
[ 15%] Built target moveit_ros_manipulation_gencfg
[ 15%] Built target std_srvs_generate_messages_py
[ 15%] Built target tf_generate_messages_lisp
[ 15%] Built target tf2_msgs_generate_messages_nodejs
[ 15%] Built target tf2_msgs_generate_messages_cpp
[ 15%] Built target visualization_msgs_generate_messages_py
[ 15%] Built target visualization_msgs_generate_messages_nodejs
[ 15%] Built target visualization_msgs_generate_messages_eus
[ 15%] Built target tf2_msgs_generate_messages_eus
[ 15%] Built target visualization_msgs_generate_messages_cpp
[ 15%] Built target tf2_msgs_generate_messages_lisp
[ 15%] Built target dynamic_reconfigure_gencfg
[ 15%] Built target dynamic_reconfigure_generate_messages_nodejs
[ 15%] Built target dynamic_reconfigure_generate_messages_lisp
[ 15%] Built target dynamic_reconfigure_generate_messages_eus
[ 15%] Built target dynamic_reconfigure_generate_messages_cpp
[ 15%] Built target tf_generate_messages_py
[ 15%] Built target moveit_ros_planning_gencfg
[ 15%] Built target tf_generate_messages_nodejs
[ 15%] Built target control_msgs_generate_messages_cpp
[ 15%] Built target octomap_msgs_generate_messages_py
[ 15%] Built target roscpp_generate_messages_py
[ 15%] Built target play_motion_msgs_generate_messages_eus
[ 15%] Built target std_srvs_generate_messages_eus
[ 15%] Built target roscpp_generate_messages_lisp
[ 15%] Built target octomap_msgs_generate_messages_lisp
[ 15%] Built target geometry_msgs_generate_messages_eus
[ 15%] Built target rosgraph_msgs_generate_messages_cpp
[ 15%] Built target std_srvs_generate_messages_lisp
[ 15%] Built target _catkin_empty_exported_target
[ 15%] Built target sensor_msgs_generate_messages_eus
[ 15%] Built target std_msgs_generate_messages_py
[ 15%] Built target play_motion_msgs_generate_messages_cpp
[ 15%] Built target roscpp_generate_messages_nodejs
[ 15%] Built target rosgraph_msgs_generate_messages_lisp
[ 15%] Built target std_msgs_generate_messages_lisp
[ 15%] Built target actionlib_generate_messages_cpp
[ 15%] Built target control_msgs_generate_messages_nodejs
[ 15%] Built target roscpp_generate_messages_cpp
[ 15%] Built target control_msgs_generate_messages_eus
[ 15%] Built target octomap_msgs_generate_messages_eus
[ 15%] Built target std_srvs_generate_messages_cpp
[ 15%] Built target sensor_msgs_generate_messages_lisp
[ 15%] Built target object_recognition_msgs_generate_messages_lisp
[ 15%] Built target std_msgs_generate_messages_cpp
[ 15%] Built target moveit_msgs_generate_messages_nodejs
[ 15%] Built target geometry_msgs_generate_messages_nodejs
[ 15%] Built target sensor_msgs_generate_messages_nodejs
[ 15%] Built target diagnostic_msgs_generate_messages_cpp
[ 15%] Built target actionlib_msgs_generate_messages_nodejs
[ 15%] Built target actionlib_generate_messages_eus
[ 15%] Built target moveit_msgs_generate_messages_py
[ 15%] Built target rosgraph_msgs_generate_messages_nodejs
[ 15%] Built target control_msgs_generate_messages_py
[ 15%] Built target visualization_msgs_generate_messages_lisp
[ 15%] Built target std_msgs_generate_messages_eus
[ 15%] Built target trajectory_msgs_generate_messages_py
[ 15%] Built target diagnostic_msgs_generate_messages_nodejs
[ 15%] Built target play_motion_msgs_generate_messages_py
[ 15%] Built target control_msgs_generate_messages_lisp
[ 15%] Built target tf_generate_messages_cpp
[ 15%] Built target actionlib_generate_messages_nodejs
[ 15%] Built target actionlib_generate_messages_py
[ 15%] Built target tf2_msgs_generate_messages_py
[ 15%] Built target object_recognition_msgs_generate_messages_cpp
[ 15%] Built target rosgraph_msgs_generate_messages_eus
[ 15%] Built target tf_generate_messages_eus
[ 15%] Built target actionlib_msgs_generate_messages_cpp
[ 15%] Built target play_motion_msgs_generate_messages_lisp
[ 15%] Built target roscpp_generate_messages_eus
[ 15%] Built target rosgraph_msgs_generate_messages_py
[ 15%] Built target actionlib_msgs_generate_messages_eus
[ 15%] Built target octomap_msgs_generate_messages_cpp
[ 15%] Built target actionlib_msgs_generate_messages_lisp
[ 15%] Built target actionlib_msgs_generate_messages_py
[ 15%] Built target shape_msgs_generate_messages_cpp
[ 15%] Built target controller_manager_msgs_generate_messages_cpp
[ 15%] Built target actionlib_generate_messages_lisp
[ 15%] Built target controller_manager_msgs_generate_messages_nodejs
[ 15%] Built target geometry_msgs_generate_messages_py
[ 15%] Built target geometry_msgs_generate_messages_lisp
[ 15%] Built target shape_msgs_generate_messages_py
[ 15%] Built target geometry_msgs_generate_messages_cpp
[ 15%] Built target trajectory_msgs_generate_messages_nodejs
[ 15%] Built target trajectory_msgs_generate_messages_cpp
[ 15%] Built target trajectory_msgs_generate_messages_lisp
[ 15%] Built target trajectory_msgs_generate_messages_eus
[ 15%] Built target controller_manager_msgs_generate_messages_eus
[ 15%] Built target sensor_msgs_generate_messages_cpp
[ 15%] Built target object_recognition_msgs_generate_messages_eus
[ 15%] Built target controller_manager_msgs_generate_messages_lisp
[ 15%] Built target controller_manager_msgs_generate_messages_py
[ 15%] Built target play_motion_msgs_generate_messages_nodejs
[ 15%] Built target std_msgs_generate_messages_nodejs
[ 15%] Built target moveit_msgs_generate_messages_cpp
[ 15%] Built target moveit_msgs_generate_messages_eus
[ 15%] Built target moveit_msgs_generate_messages_lisp
[ 15%] Built target shape_msgs_generate_messages_eus
[ 15%] Built target sensor_msgs_generate_messages_py
[ 15%] Built target dynamic_reconfigure_generate_messages_py
[ 15%] Built target shape_msgs_generate_messages_lisp
[ 15%] Built target shape_msgs_generate_messages_nodejs
[ 15%] Built target object_recognition_msgs_generate_messages_nodejs
[ 15%] Built target std_srvs_generate_messages_nodejs
[ 15%] Built target octomap_msgs_generate_messages_nodejs
[ 15%] Built target object_recognition_msgs_generate_messages_py
[ 30%] Built target play_motion_helpers
[ 46%] Built target run_motion
[100%] Built target play_motion
