Determining if the pthread_create exist failed with the following output:
Change Dir: /home/sandeepan/tiago_public_ws/build/aruco/CMakeFiles/CMakeTmp

Run Build Command:"/usr/bin/make" "cmTC_2b865/fast"
/usr/bin/make -f CMakeFiles/cmTC_2b865.dir/build.make CMakeFiles/cmTC_2b865.dir/build
make[1]: Entering directory '/home/sandeepan/tiago_public_ws/build/aruco/CMakeFiles/CMakeTmp'
Building C object CMakeFiles/cmTC_2b865.dir/CheckSymbolExists.c.o
/usr/bin/cc    -o CMakeFiles/cmTC_2b865.dir/CheckSymbolExists.c.o   -c /home/sandeepan/tiago_public_ws/build/aruco/CMakeFiles/CMakeTmp/CheckSymbolExists.c
Linking C executable cmTC_2b865
/usr/bin/cmake -E cmake_link_script CMakeFiles/cmTC_2b865.dir/link.txt --verbose=1
/usr/bin/cc      -rdynamic CMakeFiles/cmTC_2b865.dir/CheckSymbolExists.c.o  -o cmTC_2b865 
CMakeFiles/cmTC_2b865.dir/CheckSymbolExists.c.o: In function `main':
CheckSymbolExists.c:(.text+0x1b): undefined reference to `pthread_create'
collect2: error: ld returned 1 exit status
CMakeFiles/cmTC_2b865.dir/build.make:97: recipe for target 'cmTC_2b865' failed
make[1]: *** [cmTC_2b865] Error 1
make[1]: Leaving directory '/home/sandeepan/tiago_public_ws/build/aruco/CMakeFiles/CMakeTmp'
Makefile:126: recipe for target 'cmTC_2b865/fast' failed
make: *** [cmTC_2b865/fast] Error 2

File /home/sandeepan/tiago_public_ws/build/aruco/CMakeFiles/CMakeTmp/CheckSymbolExists.c:
/* */
#include <pthread.h>

int main(int argc, char** argv)
{
  (void)argv;
#ifndef pthread_create
  return ((int*)(&pthread_create))[argc];
#else
  (void)argc;
  return 0;
#endif
}

Determining if the function pthread_create exists in the pthreads failed with the following output:
Change Dir: /home/sandeepan/tiago_public_ws/build/aruco/CMakeFiles/CMakeTmp

Run Build Command:"/usr/bin/make" "cmTC_7f6ef/fast"
/usr/bin/make -f CMakeFiles/cmTC_7f6ef.dir/build.make CMakeFiles/cmTC_7f6ef.dir/build
make[1]: Entering directory '/home/sandeepan/tiago_public_ws/build/aruco/CMakeFiles/CMakeTmp'
Building C object CMakeFiles/cmTC_7f6ef.dir/CheckFunctionExists.c.o
/usr/bin/cc   -DCHECK_FUNCTION_EXISTS=pthread_create   -o CMakeFiles/cmTC_7f6ef.dir/CheckFunctionExists.c.o   -c /usr/share/cmake-3.10/Modules/CheckFunctionExists.c
Linking C executable cmTC_7f6ef
/usr/bin/cmake -E cmake_link_script CMakeFiles/cmTC_7f6ef.dir/link.txt --verbose=1
/usr/bin/cc  -DCHECK_FUNCTION_EXISTS=pthread_create    -rdynamic CMakeFiles/cmTC_7f6ef.dir/CheckFunctionExists.c.o  -o cmTC_7f6ef -lpthreads 
/usr/bin/ld: cannot find -lpthreads
collect2: error: ld returned 1 exit status
CMakeFiles/cmTC_7f6ef.dir/build.make:97: recipe for target 'cmTC_7f6ef' failed
make[1]: *** [cmTC_7f6ef] Error 1
make[1]: Leaving directory '/home/sandeepan/tiago_public_ws/build/aruco/CMakeFiles/CMakeTmp'
Makefile:126: recipe for target 'cmTC_7f6ef/fast' failed
make: *** [cmTC_7f6ef/fast] Error 2


