Determining if the pthread_create exist failed with the following output:
Change Dir: /home/sandeepan/tiago_public_ws/build/position_controllers/CMakeFiles/CMakeTmp

Run Build Command:"/usr/bin/make" "cmTC_93fec/fast"
/usr/bin/make -f CMakeFiles/cmTC_93fec.dir/build.make CMakeFiles/cmTC_93fec.dir/build
make[1]: Entering directory '/home/sandeepan/tiago_public_ws/build/position_controllers/CMakeFiles/CMakeTmp'
Building C object CMakeFiles/cmTC_93fec.dir/CheckSymbolExists.c.o
/usr/bin/cc    -o CMakeFiles/cmTC_93fec.dir/CheckSymbolExists.c.o   -c /home/sandeepan/tiago_public_ws/build/position_controllers/CMakeFiles/CMakeTmp/CheckSymbolExists.c
Linking C executable cmTC_93fec
/usr/bin/cmake -E cmake_link_script CMakeFiles/cmTC_93fec.dir/link.txt --verbose=1
/usr/bin/cc      -rdynamic CMakeFiles/cmTC_93fec.dir/CheckSymbolExists.c.o  -o cmTC_93fec 
CMakeFiles/cmTC_93fec.dir/CheckSymbolExists.c.o: In function `main':
CheckSymbolExists.c:(.text+0x1b): undefined reference to `pthread_create'
collect2: error: ld returned 1 exit status
CMakeFiles/cmTC_93fec.dir/build.make:97: recipe for target 'cmTC_93fec' failed
make[1]: *** [cmTC_93fec] Error 1
make[1]: Leaving directory '/home/sandeepan/tiago_public_ws/build/position_controllers/CMakeFiles/CMakeTmp'
Makefile:126: recipe for target 'cmTC_93fec/fast' failed
make: *** [cmTC_93fec/fast] Error 2

File /home/sandeepan/tiago_public_ws/build/position_controllers/CMakeFiles/CMakeTmp/CheckSymbolExists.c:
/* */
#include <pthread.h>

int main(int argc, char** argv)
{
  (void)argv;
#ifndef pthread_create
  return ((int*)(&pthread_create))[argc];
#else
  (void)argc;
  return 0;
#endif
}

Determining if the function pthread_create exists in the pthreads failed with the following output:
Change Dir: /home/sandeepan/tiago_public_ws/build/position_controllers/CMakeFiles/CMakeTmp

Run Build Command:"/usr/bin/make" "cmTC_5e43c/fast"
/usr/bin/make -f CMakeFiles/cmTC_5e43c.dir/build.make CMakeFiles/cmTC_5e43c.dir/build
make[1]: Entering directory '/home/sandeepan/tiago_public_ws/build/position_controllers/CMakeFiles/CMakeTmp'
Building C object CMakeFiles/cmTC_5e43c.dir/CheckFunctionExists.c.o
/usr/bin/cc   -DCHECK_FUNCTION_EXISTS=pthread_create   -o CMakeFiles/cmTC_5e43c.dir/CheckFunctionExists.c.o   -c /usr/share/cmake-3.10/Modules/CheckFunctionExists.c
Linking C executable cmTC_5e43c
/usr/bin/cmake -E cmake_link_script CMakeFiles/cmTC_5e43c.dir/link.txt --verbose=1
/usr/bin/cc  -DCHECK_FUNCTION_EXISTS=pthread_create    -rdynamic CMakeFiles/cmTC_5e43c.dir/CheckFunctionExists.c.o  -o cmTC_5e43c -lpthreads 
/usr/bin/ld: cannot find -lpthreads
collect2: error: ld returned 1 exit status
CMakeFiles/cmTC_5e43c.dir/build.make:97: recipe for target 'cmTC_5e43c' failed
make[1]: *** [cmTC_5e43c] Error 1
make[1]: Leaving directory '/home/sandeepan/tiago_public_ws/build/position_controllers/CMakeFiles/CMakeTmp'
Makefile:126: recipe for target 'cmTC_5e43c/fast' failed
make: *** [cmTC_5e43c/fast] Error 2


