Determining if the pthread_create exist failed with the following output:
Change Dir: /home/sandeepan/tiago_public_ws/build/range_sensor_layer/CMakeFiles/CMakeTmp

Run Build Command:"/usr/bin/make" "cmTC_240c8/fast"
/usr/bin/make -f CMakeFiles/cmTC_240c8.dir/build.make CMakeFiles/cmTC_240c8.dir/build
make[1]: Entering directory '/home/sandeepan/tiago_public_ws/build/range_sensor_layer/CMakeFiles/CMakeTmp'
Building C object CMakeFiles/cmTC_240c8.dir/CheckSymbolExists.c.o
/usr/bin/cc    -o CMakeFiles/cmTC_240c8.dir/CheckSymbolExists.c.o   -c /home/sandeepan/tiago_public_ws/build/range_sensor_layer/CMakeFiles/CMakeTmp/CheckSymbolExists.c
Linking C executable cmTC_240c8
/usr/bin/cmake -E cmake_link_script CMakeFiles/cmTC_240c8.dir/link.txt --verbose=1
/usr/bin/cc      -rdynamic CMakeFiles/cmTC_240c8.dir/CheckSymbolExists.c.o  -o cmTC_240c8 
CMakeFiles/cmTC_240c8.dir/CheckSymbolExists.c.o: In function `main':
CheckSymbolExists.c:(.text+0x1b): undefined reference to `pthread_create'
collect2: error: ld returned 1 exit status
CMakeFiles/cmTC_240c8.dir/build.make:97: recipe for target 'cmTC_240c8' failed
make[1]: *** [cmTC_240c8] Error 1
make[1]: Leaving directory '/home/sandeepan/tiago_public_ws/build/range_sensor_layer/CMakeFiles/CMakeTmp'
Makefile:126: recipe for target 'cmTC_240c8/fast' failed
make: *** [cmTC_240c8/fast] Error 2

File /home/sandeepan/tiago_public_ws/build/range_sensor_layer/CMakeFiles/CMakeTmp/CheckSymbolExists.c:
/* */
#include <pthread.h>

int main(int argc, char** argv)
{
  (void)argv;
#ifndef pthread_create
  return ((int*)(&pthread_create))[argc];
#else
  (void)argc;
  return 0;
#endif
}

Determining if the function pthread_create exists in the pthreads failed with the following output:
Change Dir: /home/sandeepan/tiago_public_ws/build/range_sensor_layer/CMakeFiles/CMakeTmp

Run Build Command:"/usr/bin/make" "cmTC_5950b/fast"
/usr/bin/make -f CMakeFiles/cmTC_5950b.dir/build.make CMakeFiles/cmTC_5950b.dir/build
make[1]: Entering directory '/home/sandeepan/tiago_public_ws/build/range_sensor_layer/CMakeFiles/CMakeTmp'
Building C object CMakeFiles/cmTC_5950b.dir/CheckFunctionExists.c.o
/usr/bin/cc   -DCHECK_FUNCTION_EXISTS=pthread_create   -o CMakeFiles/cmTC_5950b.dir/CheckFunctionExists.c.o   -c /usr/share/cmake-3.10/Modules/CheckFunctionExists.c
Linking C executable cmTC_5950b
/usr/bin/cmake -E cmake_link_script CMakeFiles/cmTC_5950b.dir/link.txt --verbose=1
/usr/bin/cc  -DCHECK_FUNCTION_EXISTS=pthread_create    -rdynamic CMakeFiles/cmTC_5950b.dir/CheckFunctionExists.c.o  -o cmTC_5950b -lpthreads 
/usr/bin/ld: cannot find -lpthreads
collect2: error: ld returned 1 exit status
CMakeFiles/cmTC_5950b.dir/build.make:97: recipe for target 'cmTC_5950b' failed
make[1]: *** [cmTC_5950b] Error 1
make[1]: Leaving directory '/home/sandeepan/tiago_public_ws/build/range_sensor_layer/CMakeFiles/CMakeTmp'
Makefile:126: recipe for target 'cmTC_5950b/fast' failed
make: *** [cmTC_5950b/fast] Error 2


