Determining if the pthread_create exist failed with the following output:
Change Dir: /home/sandeepan/tiago_public_ws/build/tiago_aruco_demo/CMakeFiles/CMakeTmp

Run Build Command:"/usr/bin/make" "cmTC_d9096/fast"
/usr/bin/make -f CMakeFiles/cmTC_d9096.dir/build.make CMakeFiles/cmTC_d9096.dir/build
make[1]: Entering directory '/home/sandeepan/tiago_public_ws/build/tiago_aruco_demo/CMakeFiles/CMakeTmp'
Building C object CMakeFiles/cmTC_d9096.dir/CheckSymbolExists.c.o
/usr/bin/cc    -o CMakeFiles/cmTC_d9096.dir/CheckSymbolExists.c.o   -c /home/sandeepan/tiago_public_ws/build/tiago_aruco_demo/CMakeFiles/CMakeTmp/CheckSymbolExists.c
Linking C executable cmTC_d9096
/usr/bin/cmake -E cmake_link_script CMakeFiles/cmTC_d9096.dir/link.txt --verbose=1
/usr/bin/cc      -rdynamic CMakeFiles/cmTC_d9096.dir/CheckSymbolExists.c.o  -o cmTC_d9096 
CMakeFiles/cmTC_d9096.dir/CheckSymbolExists.c.o: In function `main':
CheckSymbolExists.c:(.text+0x1b): undefined reference to `pthread_create'
collect2: error: ld returned 1 exit status
CMakeFiles/cmTC_d9096.dir/build.make:97: recipe for target 'cmTC_d9096' failed
make[1]: *** [cmTC_d9096] Error 1
make[1]: Leaving directory '/home/sandeepan/tiago_public_ws/build/tiago_aruco_demo/CMakeFiles/CMakeTmp'
Makefile:126: recipe for target 'cmTC_d9096/fast' failed
make: *** [cmTC_d9096/fast] Error 2

File /home/sandeepan/tiago_public_ws/build/tiago_aruco_demo/CMakeFiles/CMakeTmp/CheckSymbolExists.c:
/* */
#include <pthread.h>

int main(int argc, char** argv)
{
  (void)argv;
#ifndef pthread_create
  return ((int*)(&pthread_create))[argc];
#else
  (void)argc;
  return 0;
#endif
}

Determining if the function pthread_create exists in the pthreads failed with the following output:
Change Dir: /home/sandeepan/tiago_public_ws/build/tiago_aruco_demo/CMakeFiles/CMakeTmp

Run Build Command:"/usr/bin/make" "cmTC_403a4/fast"
/usr/bin/make -f CMakeFiles/cmTC_403a4.dir/build.make CMakeFiles/cmTC_403a4.dir/build
make[1]: Entering directory '/home/sandeepan/tiago_public_ws/build/tiago_aruco_demo/CMakeFiles/CMakeTmp'
Building C object CMakeFiles/cmTC_403a4.dir/CheckFunctionExists.c.o
/usr/bin/cc   -DCHECK_FUNCTION_EXISTS=pthread_create   -o CMakeFiles/cmTC_403a4.dir/CheckFunctionExists.c.o   -c /usr/share/cmake-3.10/Modules/CheckFunctionExists.c
Linking C executable cmTC_403a4
/usr/bin/cmake -E cmake_link_script CMakeFiles/cmTC_403a4.dir/link.txt --verbose=1
/usr/bin/cc  -DCHECK_FUNCTION_EXISTS=pthread_create    -rdynamic CMakeFiles/cmTC_403a4.dir/CheckFunctionExists.c.o  -o cmTC_403a4 -lpthreads 
/usr/bin/ld: cannot find -lpthreads
collect2: error: ld returned 1 exit status
CMakeFiles/cmTC_403a4.dir/build.make:97: recipe for target 'cmTC_403a4' failed
make[1]: *** [cmTC_403a4] Error 1
make[1]: Leaving directory '/home/sandeepan/tiago_public_ws/build/tiago_aruco_demo/CMakeFiles/CMakeTmp'
Makefile:126: recipe for target 'cmTC_403a4/fast' failed
make: *** [cmTC_403a4/fast] Error 2


